#
# A fatal error has been detected by the Java Runtime Environment:
#
#  SIGSEGV (0xb) at pc=0x00007f560eb4cc61, pid=10475, tid=140007164344064
#
# JRE version: Java(TM) SE Runtime Environment (8.0_25-b17) (build 1.8.0_25-b17)
# Java VM: Java HotSpot(TM) 64-Bit Server VM (25.25-b02 mixed mode linux-amd64 compressed oops)
# Problematic frame:
# V  [libjvm.so+0x7e0c61]  PhaseIdealLoop::build_loop_late(VectorSet&, Node_List&, Node_Stack&)+0xc1
#
# Failed to write core dump. Core dumps have been disabled. To enable core dumping, try "ulimit -c unlimited" before starting Java again
#
# If you would like to submit a bug report, please visit:
#   http://bugreport.sun.com/bugreport/crash.jsp
#

---------------  T H R E A D  ---------------

Current thread (0x00007f56080a7800):  JavaThread "C2 CompilerThread0" daemon [_thread_in_native, id=10484, stack(0x00007f55f53bf000,0x00007f55f54c0000)]

siginfo: si_signo: 11 (SIGSEGV), si_code: 128 (SI_KERNEL), si_addr: 0x0000000000000000

Registers:
RAX=0x0000000001f81da8, RBX=0x00007f55f54baf70, RCX=0x0000000000001ad1, RDX=0x00007f55f54bc4b0
RSP=0x00007f55f54bac90, RBP=0x00007f55f54bace0, RSI=0x0000000000001882, RDI=0x00007f55dc803200
R8 =0x00047f55dc51f1f8, R9 =0x000000000000000b, R10=0x00007f55dc8030a0, R11=0x00007f55dc806508
R12=0x00007f55dc802f80, R13=0x00007f55f54bafb0, R14=0x0000000000000003, R15=0x000000000000036d
RIP=0x00007f560eb4cc61, EFLAGS=0x0000000000010206, CSGSFS=0x0000000000000033, ERR=0x0000000000000000
  TRAPNO=0x000000000000000d

Top of Stack: (sp=0x00007f55f54bac90)
0x00007f55f54bac90:   00007f5500000003 0000000001f82160
0x00007f55f54baca0:   00007f55f54baf90 00007f55f54bc4b0
0x00007f55f54bacb0:   00007f55f54bce60 0000000000000001
0x00007f55f54bacc0:   00007f55d0389380 00007f55f54bc4b0
0x00007f55f54bacd0:   0000000000000000 00007f55f54baf90
0x00007f55f54bace0:   00007f55f54bb000 00007f560eb4fc6f
0x00007f55f54bacf0:   0000000000000000 00007f55f54bafb0
0x00007f55f54bad00:   00007f55f54baf70 01007f560e97b3e8
0x00007f55f54bad10:   00007f55f54bc4d0 0000000000000000
0x00007f55f54bad20:   00007f56080a52e0 0000000000000004
0x00007f55f54bad30:   00007f55d06dd510 00007f5500000000
0x00007f55f54bad40:   00007f55f54bae00 00007f560e763618
0x00007f55f54bad50:   00007f55f54badd0 0000007c0000003f
0x00007f55f54bad60:   0000000000000000 0000000000040010
0x00007f55f54bad70:   ffff80aa0ab45211 00007f5500004002
0x00007f55f54bad80:   0000000000001000 00001dc000001030
0x00007f55f54bad90:   00007f55f54badf0 0000000000000200
0x00007f55f54bada0:   0000025b00001dd0 0000000000000040
0x00007f55f54badb0:   0000000000000008 0000007f000000ae
0x00007f55f54badc0:   0000000000000001 00007f55f54badef
0x00007f55f54badd0:   00007f55f54bae00 0000000000000058
0x00007f55f54bade0:   00007f550000007d 00007f55dcfd4880
0x00007f55f54badf0:   00007f55dcfd4880 00007f55d06ce920
0x00007f55f54bae00:   0b007f55f54baf70 0000000000040010
0x00007f55f54bae10:   00007f55dc541790 00007f55dc000020
0x00007f55f54bae20:   0000000000040010 0000000000040010
0x00007f55f54bae30:   00007f55d099e0a0 00007f55f54bae70
0x00007f55f54bae40:   0000000000040010 00007f55dc541790
0x00007f55f54bae50:   0000000000000000 0000000000000b00
0x00007f55f54bae60:   00007f55f54baec0 00007f560ec4a5de
0x00007f55f54bae70:   0000000000000000 fffffffffffffff8
0x00007f55f54bae80:   0000000000000000 00007f55f54bba70 

Instructions: (pc=0x00007f560eb4cc61)
0x00007f560eb4cc41:   45 31 f6 45 39 f1 0f 86 83 00 00 00 49 8b 44 24
0x00007f560eb4cc51:   10 44 89 f2 41 83 c6 01 4c 8b 04 d0 48 8b 55 c8
0x00007f560eb4cc61:   41 8b 48 28 3b 4a 28 0f 82 9a 00 00 00 49 83 78
0x00007f560eb4cc71:   10 00 0f 84 a3 00 00 00 48 8b 4d c8 44 8b b9 c8 

Register to memory mapping:

RAX=0x0000000001f81da8 is an unknown value
RBX=0x00007f55f54baf70 is pointing into the stack for thread: 0x00007f56080a7800
RCX=0x0000000000001ad1 is an unknown value
RDX=0x00007f55f54bc4b0 is pointing into the stack for thread: 0x00007f56080a7800
RSP=0x00007f55f54bac90 is pointing into the stack for thread: 0x00007f56080a7800
RBP=0x00007f55f54bace0 is pointing into the stack for thread: 0x00007f56080a7800
RSI=0x0000000000001882 is an unknown value
RDI=0x00007f55dc803200 is an unknown value
R8 =0x00047f55dc51f1f8 is an unknown value
R9 =0x000000000000000b is an unknown value
R10=0x00007f55dc8030a0 is an unknown value
R11=0x00007f55dc806508 is an unknown value
R12=0x00007f55dc802f80 is an unknown value
R13=0x00007f55f54bafb0 is pointing into the stack for thread: 0x00007f56080a7800
R14=0x0000000000000003 is an unknown value
R15=0x000000000000036d is an unknown value


Stack: [0x00007f55f53bf000,0x00007f55f54c0000],  sp=0x00007f55f54bac90,  free space=1007k
Native frames: (J=compiled Java code, j=interpreted, Vv=VM code, C=native code)
V  [libjvm.so+0x7e0c61]  PhaseIdealLoop::build_loop_late(VectorSet&, Node_List&, Node_Stack&)+0xc1
V  [libjvm.so+0x7e3c6f]  PhaseIdealLoop::build_and_optimize(bool, bool)+0x82f
V  [libjvm.so+0x491acc]  Compile::Optimize()+0x51c
V  [libjvm.so+0x49353c]  Compile::Compile(ciEnv*, C2Compiler*, ciMethod*, int, bool, bool, bool)+0x13bc
V  [libjvm.so+0x3e69c8]  C2Compiler::compile_method(ciEnv*, ciMethod*, int)+0x198
V  [libjvm.so+0x49bc6a]  CompileBroker::invoke_compiler_on_method(CompileTask*)+0xc8a
V  [libjvm.so+0x49e650]  CompileBroker::compiler_thread_loop()+0x620
V  [libjvm.so+0xa29e8f]  JavaThread::thread_main_inner()+0xdf
V  [libjvm.so+0xa29fbc]  JavaThread::run()+0x11c
V  [libjvm.so+0x8e7d48]  java_start(Thread*)+0x108
C  [libpthread.so.0+0x8182]  start_thread+0xc2


Current CompileTask:
C2:  26758 4445       4       java.net.URLClassLoader$1::run (5 bytes)


---------------  P R O C E S S  ---------------

Java Threads: ( => current thread )
  0x0000000001664000 JavaThread "File lock request listener" [_thread_in_native, id=10498, stack(0x00007f55c7181000,0x00007f55c7282000)]
  0x0000000001835000 JavaThread "process reaper" daemon [_thread_blocked, id=10497, stack(0x00007f55f403e000,0x00007f55f4077000)]
  0x00000000013fb800 JavaThread "Stdin handler" [_thread_blocked, id=10495, stack(0x00007f55c78fb000,0x00007f55c79fc000)]
  0x00007f55c000a800 JavaThread "Daemon worker" [_thread_in_Java, id=10492, stack(0x00007f55c79fc000,0x00007f55c7afd000)]
  0x00007f55c0005800 JavaThread "Cancel handler" [_thread_blocked, id=10491, stack(0x00007f55c7afd000,0x00007f55c7bfe000)]
  0x00007f55c0003800 JavaThread "Handler for socket connection from /127.0.0.1:60956 to /127.0.0.1:42926" [_thread_in_native, id=10490, stack(0x00007f55c7dfe000,0x00007f55c7eff000)]
  0x00007f55cc005000 JavaThread "Daemon" [_thread_blocked, id=10489, stack(0x00007f55c7eff000,0x00007f55c8000000)]
  0x00007f5608ae6000 JavaThread "Incoming local TCP Connector on port 60956" [_thread_in_native, id=10488, stack(0x00007f55f4077000,0x00007f55f4178000)]
  0x00007f56080af800 JavaThread "Service Thread" daemon [_thread_blocked, id=10486, stack(0x00007f55f51bd000,0x00007f55f52be000)]
  0x00007f56080aa800 JavaThread "C1 CompilerThread1" daemon [_thread_in_native, id=10485, stack(0x00007f55f52be000,0x00007f55f53bf000)]
=>0x00007f56080a7800 JavaThread "C2 CompilerThread0" daemon [_thread_in_native, id=10484, stack(0x00007f55f53bf000,0x00007f55f54c0000)]
  0x00007f56080a5800 JavaThread "Signal Dispatcher" daemon [_thread_blocked, id=10483, stack(0x00007f55f54c0000,0x00007f55f55c1000)]
  0x00007f5608078000 JavaThread "Finalizer" daemon [_thread_blocked, id=10482, stack(0x00007f55f5dd5000,0x00007f55f5ed6000)]
  0x00007f5608076000 JavaThread "Reference Handler" daemon [_thread_blocked, id=10481, stack(0x00007f55f5ed6000,0x00007f55f5fd7000)]
  0x00007f560800a000 JavaThread "main" [_thread_blocked, id=10477, stack(0x00007f560fdf1000,0x00007f560fef2000)]

Other Threads:
  0x00007f560806f000 VMThread [stack: 0x00007f55f5fd7000,0x00007f55f60d8000] [id=10480]
  0x00007f56080e4800 WatcherThread [stack: 0x00007f55f50bc000,0x00007f55f51bd000] [id=10487]

VM state:not at safepoint (normal execution)

VM Mutex/Monitor currently owned by a thread: None

Heap:
 PSYoungGen      total 151552K, used 51782K [0x00000000eab00000, 0x00000000f7700000, 0x0000000100000000)
  eden space 136704K, 27% used [0x00000000eab00000,0x00000000ecf17d38,0x00000000f3080000)
  from space 14848K, 99% used [0x00000000f3080000,0x00000000f3ef9bd8,0x00000000f3f00000)
  to   space 18944K, 0% used [0x00000000f6480000,0x00000000f6480000,0x00000000f7700000)
 ParOldGen       total 52224K, used 29436K [0x00000000c0000000, 0x00000000c3300000, 0x00000000eab00000)
  object space 52224K, 56% used [0x00000000c0000000,0x00000000c1cbf1b8,0x00000000c3300000)
 Metaspace       used 42986K, capacity 44515K, committed 44672K, reserved 1087488K
  class space    used 5861K, capacity 6436K, committed 6528K, reserved 1048576K

Card table byte_map: [0x00007f560ca0b000,0x00007f560cc0c000] byte_map_base: 0x00007f560c40b000

Marking Bits: (ParMarkBitMap*) 0x00007f560f2c62c0
 Begin Bits: [0x00007f55f7000000, 0x00007f55f8000000)
 End Bits:   [0x00007f55f8000000, 0x00007f55f9000000)

Polling page: 0x00007f560ff0d000

CodeCache: size=245760Kb used=13683Kb max_used=13683Kb free=232076Kb
 bounds [0x00007f55f9000000, 0x00007f55f9d70000, 0x00007f5608000000]
 total_blobs=4968 nmethods=4309 adapters=573
 compilation: enabled

Compilation events (10 events):
Event: 26,738 Thread 0x00007f56080aa800 nmethod 4668 0x00007f55f9d64010 code [0x00007f55f9d64160, 0x00007f55f9d642b0]
Event: 26,739 Thread 0x00007f56080aa800 4667       2       com.sun.tools.javac.util.Bits::<init> (76 bytes)
Event: 26,739 Thread 0x00007f56080aa800 nmethod 4667 0x00007f55f9d64350 code [0x00007f55f9d644c0, 0x00007f55f9d64788]
Event: 26,741 Thread 0x00007f56080aa800 4672       1       com.sun.tools.javac.code.Type$JCPrimitiveType::isPrimitive (2 bytes)
Event: 26,741 Thread 0x00007f56080aa800 nmethod 4672 0x00007f55f9d64950 code [0x00007f55f9d64aa0, 0x00007f55f9d64bb0]
Event: 26,741 Thread 0x00007f56080aa800 4670       2       com.sun.tools.javac.code.Types$SameTypeVisitor::visitArrayType (10 bytes)
Event: 26,742 Thread 0x00007f56080aa800 nmethod 4670 0x00007f55f9d64c10 code [0x00007f55f9d64d80, 0x00007f55f9d64f28]
Event: 26,742 Thread 0x00007f56080aa800 4671       2       com.sun.tools.javac.code.Types$SameTypeVisitor::visitArrayType (68 bytes)
Event: 26,744 Thread 0x00007f56080aa800 nmethod 4671 0x00007f55f9d65010 code [0x00007f55f9d651c0, 0x00007f55f9d654e8]
Event: 26,746 Thread 0x00007f56080aa800 4674       2       com.sun.tools.javac.comp.Lower::access (714 bytes)

GC Heap History (10 events):
Event: 9,340 GC heap before
{Heap before GC invocations=11 (full 1):
 PSYoungGen      total 112640K, used 1413K [0x00000000eab00000, 0x00000000f1f80000, 0x0000000100000000)
  eden space 105984K, 0% used [0x00000000eab00000,0x00000000eab00000,0x00000000f1280000)
  from space 6656K, 21% used [0x00000000f1900000,0x00000000f1a61540,0x00000000f1f80000)
  to   space 6656K, 0% used [0x00000000f1280000,0x00000000f1280000,0x00000000f1900000)
 ParOldGen       total 22016K, used 14164K [0x00000000c0000000, 0x00000000c1580000, 0x00000000eab00000)
  object space 22016K, 64% used [0x00000000c0000000,0x00000000c0dd5240,0x00000000c1580000)
 Metaspace       used 20734K, capacity 21006K, committed 21296K, reserved 1067008K
  class space    used 2780K, capacity 2863K, committed 2944K, reserved 1048576K
Event: 9,511 GC heap after
Heap after GC invocations=11 (full 1):
 PSYoungGen      total 112640K, used 0K [0x00000000eab00000, 0x00000000f1f80000, 0x0000000100000000)
  eden space 105984K, 0% used [0x00000000eab00000,0x00000000eab00000,0x00000000f1280000)
  from space 6656K, 0% used [0x00000000f1900000,0x00000000f1900000,0x00000000f1f80000)
  to   space 6656K, 0% used [0x00000000f1280000,0x00000000f1280000,0x00000000f1900000)
 ParOldGen       total 25088K, used 9650K [0x00000000c0000000, 0x00000000c1880000, 0x00000000eab00000)
  object space 25088K, 38% used [0x00000000c0000000,0x00000000c096cae0,0x00000000c1880000)
 Metaspace       used 20734K, capacity 21006K, committed 21296K, reserved 1067008K
  class space    used 2780K, capacity 2863K, committed 2944K, reserved 1048576K
}
Event: 14,537 GC heap before
{Heap before GC invocations=12 (full 1):
 PSYoungGen      total 112640K, used 105984K [0x00000000eab00000, 0x00000000f1f80000, 0x0000000100000000)
  eden space 105984K, 100% used [0x00000000eab00000,0x00000000f1280000,0x00000000f1280000)
  from space 6656K, 0% used [0x00000000f1900000,0x00000000f1900000,0x00000000f1f80000)
  to   space 6656K, 0% used [0x00000000f1280000,0x00000000f1280000,0x00000000f1900000)
 ParOldGen       total 25088K, used 9650K [0x00000000c0000000, 0x00000000c1880000, 0x00000000eab00000)
  object space 25088K, 38% used [0x00000000c0000000,0x00000000c096cae0,0x00000000c1880000)
 Metaspace       used 27357K, capacity 28046K, committed 28416K, reserved 1073152K
  class space    used 3576K, capacity 3832K, committed 3840K, reserved 1048576K
Event: 14,601 GC heap after
Heap after GC invocations=12 (full 1):
 PSYoungGen      total 112640K, used 6644K [0x00000000eab00000, 0x00000000f4780000, 0x0000000100000000)
  eden space 105984K, 0% used [0x00000000eab00000,0x00000000eab00000,0x00000000f1280000)
  from space 6656K, 99% used [0x00000000f1280000,0x00000000f18fd020,0x00000000f1900000)
  to   space 8704K, 0% used [0x00000000f3f00000,0x00000000f3f00000,0x00000000f4780000)
 ParOldGen       total 25088K, used 12856K [0x00000000c0000000, 0x00000000c1880000, 0x00000000eab00000)
  object space 25088K, 51% used [0x00000000c0000000,0x00000000c0c8e198,0x00000000c1880000)
 Metaspace       used 27357K, capacity 28046K, committed 28416K, reserved 1073152K
  class space    used 3576K, capacity 3832K, committed 3840K, reserved 1048576K
}
Event: 18,246 GC heap before
{Heap before GC invocations=13 (full 1):
 PSYoungGen      total 112640K, used 112628K [0x00000000eab00000, 0x00000000f4780000, 0x0000000100000000)
  eden space 105984K, 100% used [0x00000000eab00000,0x00000000f1280000,0x00000000f1280000)
  from space 6656K, 99% used [0x00000000f1280000,0x00000000f18fd020,0x00000000f1900000)
  to   space 8704K, 0% used [0x00000000f3f00000,0x00000000f3f00000,0x00000000f4780000)
 ParOldGen       total 25088K, used 12856K [0x00000000c0000000, 0x00000000c1880000, 0x00000000eab00000)
  object space 25088K, 51% used [0x00000000c0000000,0x00000000c0c8e198,0x00000000c1880000)
 Metaspace       used 32791K, capacity 33938K, committed 34176K, reserved 1079296K
  class space    used 4407K, capacity 4887K, committed 4992K, reserved 1048576K
Event: 18,439 GC heap after
Heap after GC invocations=13 (full 1):
 PSYoungGen      total 145408K, used 8672K [0x00000000eab00000, 0x00000000f5700000, 0x0000000100000000)
  eden space 136704K, 0% used [0x00000000eab00000,0x00000000eab00000,0x00000000f3080000)
  from space 8704K, 99% used [0x00000000f3f00000,0x00000000f4778010,0x00000000f4780000)
  to   space 14848K, 0% used [0x00000000f3080000,0x00000000f3080000,0x00000000f3f00000)
 ParOldGen       total 25600K, used 25177K [0x00000000c0000000, 0x00000000c1900000, 0x00000000eab00000)
  object space 25600K, 98% used [0x00000000c0000000,0x00000000c1896588,0x00000000c1900000)
 Metaspace       used 32791K, capacity 33938K, committed 34176K, reserved 1079296K
  class space    used 4407K, capacity 4887K, committed 4992K, reserved 1048576K
}
Event: 18,439 GC heap before
{Heap before GC invocations=14 (full 2):
 PSYoungGen      total 145408K, used 8672K [0x00000000eab00000, 0x00000000f5700000, 0x0000000100000000)
  eden space 136704K, 0% used [0x00000000eab00000,0x00000000eab00000,0x00000000f3080000)
  from space 8704K, 99% used [0x00000000f3f00000,0x00000000f4778010,0x00000000f4780000)
  to   space 14848K, 0% used [0x00000000f3080000,0x00000000f3080000,0x00000000f3f00000)
 ParOldGen       total 25600K, used 25177K [0x00000000c0000000, 0x00000000c1900000, 0x00000000eab00000)
  object space 25600K, 98% used [0x00000000c0000000,0x00000000c1896588,0x00000000c1900000)
 Metaspace       used 32791K, capacity 33938K, committed 34176K, reserved 1079296K
  class space    used 4407K, capacity 4887K, committed 4992K, reserved 1048576K
Event: 19,027 GC heap after
Heap after GC invocations=14 (full 2):
 PSYoungGen      total 145408K, used 2521K [0x00000000eab00000, 0x00000000f5700000, 0x0000000100000000)
  eden space 136704K, 0% used [0x00000000eab00000,0x00000000eab00000,0x00000000f3080000)
  from space 8704K, 28% used [0x00000000f3f00000,0x00000000f41767f8,0x00000000f4780000)
  to   space 14848K, 0% used [0x00000000f3080000,0x00000000f3080000,0x00000000f3f00000)
 ParOldGen       total 52224K, used 25215K [0x00000000c0000000, 0x00000000c3300000, 0x00000000eab00000)
  object space 52224K, 48% used [0x00000000c0000000,0x00000000c189fc18,0x00000000c3300000)
 Metaspace       used 32791K, capacity 33938K, committed 34176K, reserved 1079296K
  class space    used 4407K, capacity 4887K, committed 4992K, reserved 1048576K
}
Event: 23,922 GC heap before
{Heap before GC invocations=15 (full 2):
 PSYoungGen      total 145408K, used 139225K [0x00000000eab00000, 0x00000000f5700000, 0x0000000100000000)
  eden space 136704K, 100% used [0x00000000eab00000,0x00000000f3080000,0x00000000f3080000)
  from space 8704K, 28% used [0x00000000f3f00000,0x00000000f41767f8,0x00000000f4780000)
  to   space 14848K, 0% used [0x00000000f3080000,0x00000000f3080000,0x00000000f3f00000)
 ParOldGen       total 52224K, used 25215K [0x00000000c0000000, 0x00000000c3300000, 0x00000000eab00000)
  object space 52224K, 48% used [0x00000000c0000000,0x00000000c189fc18,0x00000000c3300000)
 Metaspace       used 37876K, capacity 39319K, committed 39424K, reserved 1083392K
  class space    used 5230K, capacity 5792K, committed 5888K, reserved 1048576K
Event: 24,042 GC heap after
Heap after GC invocations=15 (full 2):
 PSYoungGen      total 151552K, used 14822K [0x00000000eab00000, 0x00000000f7700000, 0x0000000100000000)
  eden space 136704K, 0% used [0x00000000eab00000,0x00000000eab00000,0x00000000f3080000)
  from space 14848K, 99% used [0x00000000f3080000,0x00000000f3ef9bd8,0x00000000f3f00000)
  to   space 18944K, 0% used [0x00000000f6480000,0x00000000f6480000,0x00000000f7700000)
 ParOldGen       total 52224K, used 29436K [0x00000000c0000000, 0x00000000c3300000, 0x00000000eab00000)
  object space 52224K, 56% used [0x00000000c0000000,0x00000000c1cbf1b8,0x00000000c3300000)
 Metaspace       used 37876K, capacity 39319K, committed 39424K, reserved 1083392K
  class space    used 5230K, capacity 5792K, committed 5888K, reserved 1048576K
}

Deoptimization events (10 events):
Event: 25,176 Thread 0x00007f55c000a800 Uncommon trap: reason=unloaded action=reinterpret pc=0x00007f55f91dfb98 method=java.lang.CharacterData.of(I)Ljava/lang/CharacterData; @ 96
Event: 26,126 Thread 0x00007f55c000a800 Uncommon trap: reason=bimorphic action=maybe_recompile pc=0x00007f55f98c8f0c method=java.util.HashMap.putVal(ILjava/lang/Object;Ljava/lang/Object;ZZ)Ljava/lang/Object; @ 253
Event: 26,196 Thread 0x00007f55c000a800 Uncommon trap: reason=bimorphic action=maybe_recompile pc=0x00007f55f98c8f0c method=java.util.HashMap.putVal(ILjava/lang/Object;Ljava/lang/Object;ZZ)Ljava/lang/Object; @ 253
Event: 26,201 Thread 0x00007f55c000a800 Uncommon trap: reason=bimorphic action=maybe_recompile pc=0x00007f55f98c9d8c method=java.util.HashMap.putVal(ILjava/lang/Object;Ljava/lang/Object;ZZ)Ljava/lang/Object; @ 253
Event: 26,280 Thread 0x00007f55c000a800 Uncommon trap: reason=class_check action=maybe_recompile pc=0x00007f55f9ce9c6c method=com.sun.tools.javac.code.Types$18.visitClassType(Lcom/sun/tools/javac/code/Type$ClassType;Ljava/lang/Void;)Lcom/sun/tools/javac/code/Type; @ 19
Event: 26,313 Thread 0x00007f55c000a800 Uncommon trap: reason=class_check action=maybe_recompile pc=0x00007f55f9ce9c6c method=com.sun.tools.javac.code.Types$18.visitClassType(Lcom/sun/tools/javac/code/Type$ClassType;Ljava/lang/Void;)Lcom/sun/tools/javac/code/Type; @ 19
Event: 26,334 Thread 0x00007f55c000a800 Uncommon trap: reason=class_check action=maybe_recompile pc=0x00007f55f9ce9c6c method=com.sun.tools.javac.code.Types$18.visitClassType(Lcom/sun/tools/javac/code/Type$ClassType;Ljava/lang/Void;)Lcom/sun/tools/javac/code/Type; @ 19
Event: 26,334 Thread 0x00007f55c000a800 Uncommon trap: reason=class_check action=maybe_recompile pc=0x00007f55f9ce9c6c method=com.sun.tools.javac.code.Types$18.visitClassType(Lcom/sun/tools/javac/code/Type$ClassType;Ljava/lang/Void;)Lcom/sun/tools/javac/code/Type; @ 19
Event: 26,387 Thread 0x00007f55c000a800 Uncommon trap: reason=class_check action=maybe_recompile pc=0x00007f55f9ce1004 method=com.sun.tools.javac.code.Types$18.visitClassType(Lcom/sun/tools/javac/code/Type$ClassType;Ljava/lang/Void;)Lcom/sun/tools/javac/code/Type; @ 19
Event: 26,394 Thread 0x00007f55c000a800 Uncommon trap: reason=unreached action=reinterpret pc=0x00007f55f9cc2a78 method=com.sun.tools.javac.code.Scope.lookup(Lcom/sun/tools/javac/util/Name;Lcom/sun/tools/javac/util/Filter;)Lcom/sun/tools/javac/code/Scope$Entry; @ 19

Internal exceptions (10 events):
Event: 24,194 Thread 0x00007f55c000a800 Exception <a 'java/security/PrivilegedActionException'> (0x00000000eaf0ee18) thrown at [/HUDSON/workspace/8-2-build-linux-amd64/jdk8u25/1514/hotspot/src/share/vm/prims/jvm.cpp, line 1312]
Event: 24,194 Thread 0x00007f55c000a800 Exception <a 'java/security/PrivilegedActionException'> (0x00000000eaf0fc58) thrown at [/HUDSON/workspace/8-2-build-linux-amd64/jdk8u25/1514/hotspot/src/share/vm/prims/jvm.cpp, line 1312]
Event: 24,204 Thread 0x00007f55c000a800 Exception <a 'java/security/PrivilegedActionException'> (0x00000000eaf88410) thrown at [/HUDSON/workspace/8-2-build-linux-amd64/jdk8u25/1514/hotspot/src/share/vm/prims/jvm.cpp, line 1312]
Event: 24,204 Thread 0x00007f55c000a800 Exception <a 'java/security/PrivilegedActionException'> (0x00000000eaf89238) thrown at [/HUDSON/workspace/8-2-build-linux-amd64/jdk8u25/1514/hotspot/src/share/vm/prims/jvm.cpp, line 1312]
Event: 24,205 Thread 0x00007f55c000a800 Exception <a 'java/security/PrivilegedActionException'> (0x00000000eaf8ce58) thrown at [/HUDSON/workspace/8-2-build-linux-amd64/jdk8u25/1514/hotspot/src/share/vm/prims/jvm.cpp, line 1312]
Event: 24,205 Thread 0x00007f55c000a800 Exception <a 'java/security/PrivilegedActionException'> (0x00000000eaf8dd48) thrown at [/HUDSON/workspace/8-2-build-linux-amd64/jdk8u25/1514/hotspot/src/share/vm/prims/jvm.cpp, line 1312]
Event: 24,206 Thread 0x00007f55c000a800 Exception <a 'java/security/PrivilegedActionException'> (0x00000000eaf94510) thrown at [/HUDSON/workspace/8-2-build-linux-amd64/jdk8u25/1514/hotspot/src/share/vm/prims/jvm.cpp, line 1312]
Event: 24,212 Thread 0x00007f55c000a800 Exception <a 'java/lang/ClassNotFoundException': com/sun/tools/javac/api/JavacTool> (0x00000000eafa86d8) thrown at [/HUDSON/workspace/8-2-build-linux-amd64/jdk8u25/1514/hotspot/src/share/vm/classfile/systemDictionary.cpp, line 202]
Event: 24,326 Thread 0x00007f55c000a800 Exception <a 'java/security/PrivilegedActionException'> (0x00000000eb0b3008) thrown at [/HUDSON/workspace/8-2-build-linux-amd64/jdk8u25/1514/hotspot/src/share/vm/prims/jvm.cpp, line 1312]
Event: 24,326 Thread 0x00007f55c000a800 Exception <a 'java/security/PrivilegedActionException'> (0x00000000eb0b4690) thrown at [/HUDSON/workspace/8-2-build-linux-amd64/jdk8u25/1514/hotspot/src/share/vm/prims/jvm.cpp, line 1312]

Events (10 events):
Event: 26,394 Thread 0x00007f55c000a800 DEOPT PACKING pc=0x00007f55f9cc2a78 sp=0x00007f55c7af70f0
Event: 26,394 Thread 0x00007f55c000a800 DEOPT UNPACKING pc=0x00007f55f9004f69 sp=0x00007f55c7af70b0 mode 2
Event: 26,498 Executing VM operation: ForceSafepoint
Event: 26,498 Executing VM operation: ForceSafepoint done
Event: 26,506 loading class com/sun/tools/javac/comp/Flow$2
Event: 26,506 loading class com/sun/tools/javac/comp/Flow$2 done
Event: 26,558 loading class com/sun/tools/javac/comp/Lower$FreeVarCollector
Event: 26,558 loading class com/sun/tools/javac/comp/Lower$FreeVarCollector done
Event: 26,563 loading class com/sun/tools/javac/comp/Lower$BasicFreeVarCollector
Event: 26,563 loading class com/sun/tools/javac/comp/Lower$BasicFreeVarCollector done


Dynamic libraries:
00400000-00401000 r-xp 00000000 08:06 3410815                            /usr/lib/jvm/java-8-oracle/bin/java
00600000-00601000 rw-p 00000000 08:06 3410815                            /usr/lib/jvm/java-8-oracle/bin/java
013e1000-02286000 rw-p 00000000 00:00 0                                  [heap]
c0000000-c3300000 rw-p 00000000 00:00 0 
c3300000-eab00000 ---p 00000000 00:00 0 
eab00000-f7700000 rw-p 00000000 00:00 0 
f7700000-100000000 ---p 00000000 00:00 0 
100000000-100660000 rw-p 00000000 00:00 0 
100660000-140000000 ---p 00000000 00:00 0 
7f55b8000000-7f55b8021000 rw-p 00000000 00:00 0 
7f55b8021000-7f55bc000000 ---p 00000000 00:00 0 
7f55bc000000-7f55bc021000 rw-p 00000000 00:00 0 
7f55bc021000-7f55c0000000 ---p 00000000 00:00 0 
7f55c0000000-7f55c0021000 rw-p 00000000 00:00 0 
7f55c0021000-7f55c4000000 ---p 00000000 00:00 0 
7f55c588b000-7f55c59cb000 rw-p 00000000 00:00 0 
7f55c59cb000-7f55c5a8b000 ---p 00000000 00:00 0 
7f55c5c93000-7f55c5e93000 rw-p 00000000 00:00 0 
7f55c5e93000-7f55c6093000 rw-p 00000000 00:00 0 
7f55c6093000-7f55c6293000 rw-p 00000000 00:00 0 
7f55c6293000-7f55c6493000 rw-p 00000000 00:00 0 
7f55c6493000-7f55c6693000 rw-p 00000000 00:00 0 
7f55c6693000-7f55c6893000 rw-p 00000000 00:00 0 
7f55c6893000-7f55c6a93000 rw-p 00000000 00:00 0 
7f55c6a93000-7f55c6c93000 rw-p 00000000 00:00 0 
7f55c6c93000-7f55c6e93000 rw-p 00000000 00:00 0 
7f55c6e93000-7f55c7093000 rw-p 00000000 00:00 0 
7f55c70ca000-7f55c70cb000 rw-p 00000000 00:00 0 
7f55c70cb000-7f55c70de000 r--s 00344000 08:06 3023449                    /usr/lib/jvm/java-8-oracle/jre/lib/resources.jar
7f55c70de000-7f55c70e0000 r--s 00001000 08:06 3410263                    /usr/lib/jvm/java-8-oracle/jre/lib/ext/dnsns.jar
7f55c70e0000-7f55c70e2000 r--s 0000d000 08:06 3411015                    /home/d1w/android-studio/gradle/m2repository/commons-codec/commons-codec/1.4/commons-codec-1.4.jar
7f55c70e2000-7f55c70e4000 r--s 0000d000 08:06 2757358                    /home/d1w/android-studio/gradle/m2repository/commons-logging/commons-logging/1.1.1/commons-logging-1.1.1.jar
7f55c70e4000-7f55c70e9000 r--s 00028000 08:06 2757392                    /home/d1w/android-studio/gradle/m2repository/org/apache/httpcomponents/httpcore/4.1/httpcore-4.1.jar
7f55c70e9000-7f55c70eb000 r--s 00004000 08:06 3410879                    /home/d1w/android-studio/gradle/m2repository/org/ow2/asm/asm-tree/4.0/asm-tree-4.0.jar
7f55c70eb000-7f55c70f4000 r--s 000a7000 08:06 3410932                    /home/d1w/android-studio/gradle/m2repository/com/android/tools/external/lombok/lombok-ast/0.2.2/lombok-ast-0.2.2.jar
7f55c70f4000-7f55c70f6000 r--s 0000a000 08:06 3410876                    /home/d1w/android-studio/gradle/m2repository/org/ow2/asm/asm/4.0/asm-4.0.jar
7f55c70f6000-7f55c7121000 r--s 001f9000 08:06 3410903                    /home/d1w/android-studio/gradle/m2repository/com/google/guava/guava/17.0/guava-17.0.jar
7f55c7121000-7f55c7128000 r--s 00053000 08:06 2892236                    /home/d1w/android-studio/gradle/m2repository/org/apache/commons/commons-compress/1.8.1/commons-compress-1.8.1.jar
7f55c7128000-7f55c7130000 r--s 0004e000 08:06 2892228                    /home/d1w/android-studio/gradle/m2repository/org/apache/httpcomponents/httpclient/4.1.1/httpclient-4.1.1.jar
7f55c7130000-7f55c7140000 r--s 000d3000 08:06 3410993                    /home/d1w/android-studio/gradle/m2repository/net/sf/proguard/proguard-base/5.1/proguard-base-5.1.jar
7f55c7140000-7f55c714e000 r--s 00081000 08:06 2892254                    /home/d1w/android-studio/gradle/m2repository/org/bouncycastle/bcpkix-jdk15on/1.48/bcpkix-jdk15on-1.48.jar
7f55c714e000-7f55c7181000 r--s 00203000 08:06 2892260                    /home/d1w/android-studio/gradle/m2repository/org/bouncycastle/bcprov-jdk15on/1.48/bcprov-jdk15on-1.48.jar
7f55c7181000-7f55c7184000 ---p 00000000 00:00 0 
7f55c7184000-7f55c7482000 rw-p 00000000 00:00 0                          [stack:10498]
7f55c7482000-7f55c7682000 rw-p 00000000 00:00 0 
7f55c7682000-7f55c7882000 rw-p 00000000 00:00 0 
7f55c7882000-7f55c78fb000 r--s 010df000 08:06 1594879                    /usr/lib/jvm/java-8-oracle/lib/tools.jar
7f55c78fb000-7f55c78fe000 ---p 00000000 00:00 0 
7f55c78fe000-7f55c79fc000 rw-p 00000000 00:00 0                          [stack:10495]
7f55c79fc000-7f55c79ff000 ---p 00000000 00:00 0 
7f55c79ff000-7f55c7afd000 rw-p 00000000 00:00 0                          [stack:10492]
7f55c7afd000-7f55c7b00000 ---p 00000000 00:00 0 
7f55c7b00000-7f55c7dfe000 rw-p 00000000 00:00 0                          [stack:10491]
7f55c7dfe000-7f55c7e01000 ---p 00000000 00:00 0 
7f55c7e01000-7f55c7eff000 rw-p 00000000 00:00 0                          [stack:10490]
7f55c7eff000-7f55c7f02000 ---p 00000000 00:00 0 
7f55c7f02000-7f55c8000000 rw-p 00000000 00:00 0                          [stack:10489]
7f55c8000000-7f55c8021000 rw-p 00000000 00:00 0 
7f55c8021000-7f55cc000000 ---p 00000000 00:00 0 
7f55cc000000-7f55cc02c000 rw-p 00000000 00:00 0 
7f55cc02c000-7f55d0000000 ---p 00000000 00:00 0 
7f55d0000000-7f55d0b79000 rw-p 00000000 00:00 0 
7f55d0b79000-7f55d4000000 ---p 00000000 00:00 0 
7f55d4000000-7f55d4021000 rw-p 00000000 00:00 0 
7f55d4021000-7f55d8000000 ---p 00000000 00:00 0 
7f55d8000000-7f55d8021000 rw-p 00000000 00:00 0 
7f55d8021000-7f55dc000000 ---p 00000000 00:00 0 
7f55dc000000-7f55dd66a000 rw-p 00000000 00:00 0 
7f55dd66a000-7f55e0000000 ---p 00000000 00:00 0 
7f55e0000000-7f55e0021000 rw-p 00000000 00:00 0 
7f55e0021000-7f55e4000000 ---p 00000000 00:00 0 
7f55e4000000-7f55e4021000 rw-p 00000000 00:00 0 
7f55e4021000-7f55e8000000 ---p 00000000 00:00 0 
7f55e8000000-7f55e8023000 rw-p 00000000 00:00 0 
7f55e8023000-7f55ec000000 ---p 00000000 00:00 0 
7f55ec000000-7f55ec13a000 rw-p 00000000 00:00 0 
7f55ec13a000-7f55f0000000 ---p 00000000 00:00 0 
7f55f0000000-7f55f0027000 rw-p 00000000 00:00 0 
7f55f0027000-7f55f4000000 ---p 00000000 00:00 0 
7f55f4000000-7f55f4001000 rw-p 00000000 00:00 0 
7f55f4001000-7f55f4002000 r--s 0000a000 08:06 3411011                    /home/d1w/android-studio/gradle/m2repository/net/sf/kxml/kxml2/2.3.0/kxml2-2.3.0.jar
7f55f4002000-7f55f4005000 r--s 00011000 08:06 3410937                    /home/d1w/android-studio/gradle/m2repository/com/android/tools/layoutlib/layoutlib-api/24.0.0/layoutlib-api-24.0.0.jar
7f55f4005000-7f55f4007000 r--s 00005000 08:06 2757385                    /home/d1w/android-studio/gradle/m2repository/org/apache/httpcomponents/httpmime/4.1/httpmime-4.1.jar
7f55f4007000-7f55f4008000 r--s 00005000 08:06 3410948                    /home/d1w/android-studio/gradle/m2repository/com/android/tools/dvlib/24.0.0/dvlib-24.0.0.jar
7f55f4008000-7f55f4009000 r--s 00004000 08:06 3410868                    /home/d1w/android-studio/gradle/m2repository/org/ow2/asm/asm-analysis/4.0/asm-analysis-4.0.jar
7f55f4009000-7f55f400c000 r--s 00029000 08:06 3410924                    /home/d1w/android-studio/gradle/m2repository/com/android/tools/lint/lint-api/24.0.0/lint-api-24.0.0.jar
7f55f400c000-7f55f400e000 r--s 00003000 08:06 3410968                    /home/d1w/android-studio/gradle/m2repository/com/android/tools/build/builder-model/1.0.0/builder-model-1.0.0.jar
7f55f400e000-7f55f4011000 r--s 00029000 08:06 3410985                    /home/d1w/android-studio/gradle/m2repository/com/android/tools/build/manifest-merger/24.0.0/manifest-merger-24.0.0.jar
7f55f4011000-7f55f4016000 r--s 00042000 08:06 3410958                    /home/d1w/android-studio/gradle/m2repository/com/android/tools/ddms/ddmlib/24.0.0/ddmlib-24.0.0.jar
7f55f4016000-7f55f4017000 r--s 00000000 08:06 3410975                    /home/d1w/android-studio/gradle/m2repository/com/android/tools/build/builder-test-api/1.0.0/builder-test-api-1.0.0.jar
7f55f4017000-7f55f4019000 r--s 00002000 08:06 3410893                    /home/d1w/android-studio/gradle/m2repository/com/squareup/javawriter/2.5.0/javawriter-2.5.0.jar
7f55f4019000-7f55f401b000 r--s 00014000 08:06 3410951                    /home/d1w/android-studio/gradle/m2repository/com/android/tools/common/24.0.0/common-24.0.0.jar
7f55f401b000-7f55f4025000 r--s 000a8000 08:06 3410988                    /home/d1w/android-studio/gradle/m2repository/com/android/tools/sdklib/24.0.0/sdklib-24.0.0.jar
7f55f4025000-7f55f402a000 r--s 00047000 08:06 3410941                    /home/d1w/android-studio/gradle/m2repository/com/android/tools/sdk-common/24.0.0/sdk-common-24.0.0.jar
7f55f402a000-7f55f402f000 r--s 0008c000 08:06 3410919                    /home/d1w/android-studio/gradle/m2repository/com/android/tools/lint/lint-checks/24.0.0/lint-checks-24.0.0.jar
7f55f402f000-7f55f403e000 r--s 001a9000 08:06 2757371                    /home/d1w/android-studio/gradle/m2repository/org/eclipse/jdt/core/compiler/ecj/4.2.2/ecj-4.2.2.jar
7f55f403e000-7f55f4041000 ---p 00000000 00:00 0 
7f55f4041000-7f55f4077000 rw-p 00000000 00:00 0                          [stack:10497]
7f55f4077000-7f55f407a000 ---p 00000000 00:00 0 
7f55f407a000-7f55f4178000 rw-p 00000000 00:00 0                          [stack:10488]
7f55f4178000-7f55f4189000 r-xp 00000000 08:06 3023418                    /usr/lib/jvm/java-8-oracle/jre/lib/amd64/libnio.so
7f55f4189000-7f55f4388000 ---p 00011000 08:06 3023418                    /usr/lib/jvm/java-8-oracle/jre/lib/amd64/libnio.so
7f55f4388000-7f55f4389000 rw-p 00010000 08:06 3023418                    /usr/lib/jvm/java-8-oracle/jre/lib/amd64/libnio.so
7f55f4389000-7f55f439f000 r-xp 00000000 08:06 3023406                    /usr/lib/jvm/java-8-oracle/jre/lib/amd64/libnet.so
7f55f439f000-7f55f459f000 ---p 00016000 08:06 3023406                    /usr/lib/jvm/java-8-oracle/jre/lib/amd64/libnet.so
7f55f459f000-7f55f45a0000 rw-p 00016000 08:06 3023406                    /usr/lib/jvm/java-8-oracle/jre/lib/amd64/libnet.so
7f55f45a0000-7f55f45b6000 r-xp 00000000 08:06 1576937                    /lib/x86_64-linux-gnu/libgcc_s.so.1
7f55f45b6000-7f55f47b5000 ---p 00016000 08:06 1576937                    /lib/x86_64-linux-gnu/libgcc_s.so.1
7f55f47b5000-7f55f47b6000 rw-p 00015000 08:06 1576937                    /lib/x86_64-linux-gnu/libgcc_s.so.1
7f55f47b6000-7f55f489c000 r-xp 00000000 08:06 402974                     /usr/lib/x86_64-linux-gnu/libstdc++.so.6.0.19
7f55f489c000-7f55f4a9b000 ---p 000e6000 08:06 402974                     /usr/lib/x86_64-linux-gnu/libstdc++.so.6.0.19
7f55f4a9b000-7f55f4aa3000 r--p 000e5000 08:06 402974                     /usr/lib/x86_64-linux-gnu/libstdc++.so.6.0.19
7f55f4aa3000-7f55f4aa5000 rw-p 000ed000 08:06 402974                     /usr/lib/x86_64-linux-gnu/libstdc++.so.6.0.19
7f55f4aa5000-7f55f4aba000 rw-p 00000000 00:00 0 
7f55f4aba000-7f55f4abb000 r--s 00002000 08:06 3410998                    /home/d1w/android-studio/gradle/m2repository/net/sf/proguard/proguard-gradle/5.1/proguard-gradle-5.1.jar
7f55f4abb000-7f55f4abf000 r--s 00031000 08:06 3410965                    /home/d1w/android-studio/gradle/m2repository/com/android/tools/build/builder/1.0.0/builder-1.0.0.jar
7f55f4abf000-7f55f4ac1000 r--s 00018000 08:06 3410914                    /home/d1w/android-studio/gradle/m2repository/com/android/tools/lint/lint/24.0.0/lint-24.0.0.jar
7f55f4ac1000-7f55f4ad1000 r--s 00138000 08:06 3410980                    /home/d1w/android-studio/gradle/m2repository/com/android/tools/build/gradle/1.0.0/gradle-1.0.0.jar
7f55f4ad1000-7f55f4ad2000 r--p 00000000 00:00 0 
7f55f4ad2000-7f55f4ad6000 r-xp 00000000 08:06 275003                     /tmp/native-platform731343109692951281dir/libnative-platform.so
7f55f4ad6000-7f55f4cd5000 ---p 00004000 08:06 275003                     /tmp/native-platform731343109692951281dir/libnative-platform.so
7f55f4cd5000-7f55f4cd6000 rw-p 00003000 08:06 275003                     /tmp/native-platform731343109692951281dir/libnative-platform.so
7f55f4cd6000-7f55f4cda000 r--s 00093000 08:06 3023470                    /usr/lib/jvm/java-8-oracle/jre/lib/jsse.jar
7f55f4cda000-7f55f4cdb000 r--s 00001000 08:06 2757340                    /home/d1w/android-studio/gradle/gradle-2.2.1/lib/plugins/gradle-plugin-development-2.2.1.jar
7f55f4cdb000-7f55f4cdd000 r--s 00002000 08:06 2757261                    /home/d1w/android-studio/gradle/gradle-2.2.1/lib/plugins/gradle-cunit-2.2.1.jar
7f55f4cdd000-7f55f4ce2000 r--s 00036000 08:06 2757329                    /home/d1w/android-studio/gradle/gradle-2.2.1/lib/plugins/gradle-ide-native-2.2.1.jar
7f55f4ce2000-7f55f4ce7000 r--s 00013000 08:06 2757299                    /home/d1w/android-studio/gradle/gradle-2.2.1/lib/plugins/gradle-language-native-2.2.1.jar
7f55f4ce7000-7f55f4cf2000 r--s 0004d000 08:06 2757312                    /home/d1w/android-studio/gradle/gradle-2.2.1/lib/plugins/gradle-platform-native-2.2.1.jar
7f55f4cf2000-7f55f4cf4000 r--s 00008000 08:06 2757283                    /home/d1w/android-studio/gradle/gradle-2.2.1/lib/plugins/gradle-language-groovy-2.2.1.jar
7f55f4cf4000-7f55f4cf9000 r--s 00022000 08:06 2757348                    /home/d1w/android-studio/gradle/gradle-2.2.1/lib/plugins/gradle-language-java-2.2.1.jar
7f55f4cf9000-7f55f4cfc000 r--s 00007000 08:06 2757317                    /home/d1w/android-studio/gradle/gradle-2.2.1/lib/plugins/gradle-language-jvm-2.2.1.jar
7f55f4cfc000-7f55f4cff000 r--s 00009000 08:06 2757286                    /home/d1w/android-studio/gradle/gradle-2.2.1/lib/plugins/gradle-platform-jvm-2.2.1.jar
7f55f4cff000-7f55f4d04000 r--s 00018000 08:06 2757264                    /home/d1w/android-studio/gradle/gradle-2.2.1/lib/plugins/gradle-platform-base-2.2.1.jar
7f55f4d04000-7f55f4d09000 r--s 00026000 08:06 2757350                    /home/d1w/android-studio/gradle/gradle-2.2.1/lib/plugins/gradle-build-init-2.2.1.jar
7f55f4d09000-7f55f4d0c000 r--s 0001d000 08:06 2757330                    /home/d1w/android-studio/gradle/gradle-2.2.1/lib/plugins/gradle-jacoco-2.2.1.jar
7f55f4d0c000-7f55f4d0f000 r--s 0000d000 08:06 2757322                    /home/d1w/android-studio/gradle/gradle-2.2.1/lib/plugins/gradle-ivy-2.2.1.jar
7f55f4d0f000-7f55f4d11000 r--s 00002000 08:06 2757324                    /home/d1w/android-studio/gradle/gradle-2.2.1/lib/plugins/gradle-publish-2.2.1.jar
7f55f4d11000-7f55f4d13000 r--s 00005000 08:06 2757291                    /home/d1w/android-studio/gradle/gradle-2.2.1/lib/plugins/jatl-0.2.2.jar
7f55f4d13000-7f55f4d15000 r--s 0000f000 08:06 2757319                    /home/d1w/android-studio/gradle/gradle-2.2.1/lib/plugins/gradle-reporting-2.2.1.jar
7f55f4d15000-7f55f4d1a000 r--s 00034000 08:06 2757326                    /home/d1w/android-studio/gradle/gradle-2.2.1/lib/plugins/gradle-diagnostics-2.2.1.jar
7f55f4d1a000-7f55f4d21000 r--s 00090000 08:06 2757268                    /home/d1w/android-studio/gradle/gradle-2.2.1/lib/plugins/gradle-build-comparison-2.2.1.jar
7f55f4d21000-7f55f4d28000 r--s 00035000 08:06 2757307                    /home/d1w/android-studio/gradle/gradle-2.2.1/lib/plugins/simple-4.1.21.jar
7f55f4d28000-7f55f4d34000 r--s 00100000 08:06 2757338                    /home/d1w/android-studio/gradle/gradle-2.2.1/lib/plugins/rhino-1.7R3.jar
7f55f4d34000-7f55f4d39000 r--s 0001f000 08:06 2757325                    /home/d1w/android-studio/gradle/gradle-2.2.1/lib/plugins/gradle-javascript-2.2.1.jar
7f55f4d39000-7f55f4d3b000 r--s 0000e000 08:06 2757323                    /home/d1w/android-studio/gradle/gradle-2.2.1/lib/plugins/gradle-ear-2.2.1.jar
7f55f4d3b000-7f55f4d3f000 r--s 00025000 08:06 2757260                    /home/d1w/android-studio/gradle/gradle-2.2.1/lib/plugins/bcpg-jdk15-1.46.jar
7f55f4d3f000-7f55f4d42000 r--s 0001d000 08:06 2757271                    /home/d1w/android-studio/gradle/gradle-2.2.1/lib/plugins/gradle-signing-2.2.1.jar
7f55f4d42000-7f55f4d43000 r--s 00002000 08:06 2757253                    /home/d1w/android-studio/gradle/gradle-2.2.1/lib/plugins/sonar-batch-bootstrapper-2.9.jar
7f55f4d43000-7f55f4d46000 r--s 00018000 08:06 2757297                    /home/d1w/android-studio/gradle/gradle-2.2.1/lib/plugins/gradle-sonar-2.2.1.jar
7f55f4d46000-7f55f4d49000 r--s 00017000 08:06 2757282                    /home/d1w/android-studio/gradle/gradle-2.2.1/lib/plugins/gradle-scala-2.2.1.jar
7f55f4d49000-7f55f4d4b000 r--s 0000e000 08:06 2757288                    /home/d1w/android-studio/gradle/gradle-2.2.1/lib/plugins/gradle-announce-2.2.1.jar
7f55f4d4b000-7f55f4d59000 r--s 000bc000 08:06 2757265                    /home/d1w/android-studio/gradle/gradle-2.2.1/lib/plugins/gradle-ide-2.2.1.jar
7f55f4d59000-7f55f4d5b000 r--s 00000000 08:06 2757331                    /home/d1w/android-studio/gradle/gradle-2.2.1/lib/plugins/plexus-component-annotations-1.5.2.jar
7f55f4d5b000-7f55f4d5e000 r--s 0000c000 08:06 2757287                    /home/d1w/android-studio/gradle/gradle-2.2.1/lib/plugins/pmaven-groovy-0.8-20100325.jar
7f55f4d5e000-7f55f4d5f000 r--s 00004000 08:06 2757308                    /home/d1w/android-studio/gradle/gradle-2.2.1/lib/plugins/pmaven-common-0.8-20100325.jar
7f55f4d5f000-7f55f4d63000 r--s 0001e000 08:06 2757305                    /home/d1w/android-studio/gradle/gradle-2.2.1/lib/plugins/gradle-maven-2.2.1.jar
7f55f4d63000-7f55f4d7b000 r--s 0013b000 08:06 2757342                    /home/d1w/android-studio/gradle/gradle-2.2.1/lib/plugins/bndlib-2.1.0.jar
7f55f4d7b000-7f55f4d7d000 r--s 00004000 08:06 2757275                    /home/d1w/android-studio/gradle/gradle-2.2.1/lib/plugins/gradle-osgi-2.2.1.jar
7f55f4d7d000-7f55f4d82000 r--s 00068000 08:06 2757306                    /home/d1w/android-studio/gradle/gradle-2.2.1/lib/plugins/antlr-2.7.7.jar
7f55f4d82000-7f55f4d83000 r--s 00002000 08:06 2757337                    /home/d1w/android-studio/gradle/gradle-2.2.1/lib/plugins/ant-antlr-1.9.3.jar
7f55f4d83000-7f55f4d85000 r--s 00004000 08:06 2757328                    /home/d1w/android-studio/gradle/gradle-2.2.1/lib/plugins/gradle-antlr-2.2.1.jar
7f55f4d85000-7f55f4d88000 r--s 0001e000 08:06 2757301                    /home/d1w/android-studio/gradle/gradle-2.2.1/lib/plugins/jsp-api-2.1-6.1.14.jar
7f55f4d88000-7f55f4dab000 r--s 00344000 08:06 2757332                    /home/d1w/android-studio/gradle/gradle-2.2.1/lib/plugins/core-3.1.1.jar
7f55f4dab000-7f55f4dac000 r--s 00006000 08:06 2757351                    /home/d1w/android-studio/gradle/gradle-2.2.1/lib/plugins/jetty-naming-6.1.25.jar
7f55f4dac000-7f55f4dad000 r--s 00002000 08:06 2757280                    /home/d1w/android-studio/gradle/gradle-2.2.1/lib/plugins/geronimo-annotation_1.0_spec-1.0.jar
7f55f4dad000-7f55f4daf000 r--s 00002000 08:06 2757293                    /home/d1w/android-studio/gradle/gradle-2.2.1/lib/plugins/jetty-annotations-6.1.25.jar
7f55f4daf000-7f55f4dc0000 r--s 000ea000 08:06 2757313                    /home/d1w/android-studio/gradle/gradle-2.2.1/lib/plugins/jsp-2.1-6.1.14.jar
7f55f4dc0000-7f55f4dc2000 r--s 0000d000 08:06 2757263                    /home/d1w/android-studio/gradle/gradle-2.2.1/lib/plugins/jetty-plus-6.1.25.jar
7f55f4dc2000-7f55f4dc4000 r--s 0001f000 08:06 2757285                    /home/d1w/android-studio/gradle/gradle-2.2.1/lib/plugins/servlet-api-2.5-20081211.jar
7f55f4dc4000-7f55f4dc8000 r--s 00028000 08:06 2757254                    /home/d1w/android-studio/gradle/gradle-2.2.1/lib/plugins/jetty-util-6.1.25.jar
7f55f4dc8000-7f55f4dcf000 r--s 0007d000 08:06 2757315                    /home/d1w/android-studio/gradle/gradle-2.2.1/lib/plugins/jetty-6.1.25.jar
7f55f4dcf000-7f55f4dd1000 r--s 00009000 08:06 2757274                    /home/d1w/android-studio/gradle/gradle-2.2.1/lib/plugins/gradle-jetty-2.2.1.jar
7f55f4dd1000-7f55f4dd6000 r--s 00041000 08:06 2757277                    /home/d1w/android-studio/gradle/gradle-2.2.1/lib/plugins/gradle-code-quality-2.2.1.jar
7f55f4dd6000-7f55f4dd8000 r--s 00009000 08:06 2757281                    /home/d1w/android-studio/gradle/gradle-2.2.1/lib/plugins/hamcrest-core-1.3.jar
7f55f4dd8000-7f55f4dde000 r--s 00033000 08:06 2757318                    /home/d1w/android-studio/gradle/gradle-2.2.1/lib/plugins/snakeyaml-1.6.jar
7f55f4dde000-7f55f4de0000 r--s 00006000 08:06 2757266                    /home/d1w/android-studio/gradle/gradle-2.2.1/lib/plugins/jcommander-1.12.jar
7f55f4de0000-7f55f4de5000 r--s 00040000 08:06 2757327                    /home/d1w/android-studio/gradle/gradle-2.2.1/lib/plugins/bsh-2.0b4.jar
7f55f4de5000-7f55f4de7000 r--s 00009000 08:06 2757258                    /home/d1w/android-studio/gradle/gradle-2.2.1/lib/plugins/commons-cli-1.2.jar
7f55f4de7000-7f55f4df0000 r--s 00089000 08:06 2757278                    /home/d1w/android-studio/gradle/gradle-2.2.1/lib/plugins/testng-6.3.1.jar
7f55f4df0000-7f55f4df6000 r--s 00036000 08:06 2757302                    /home/d1w/android-studio/gradle/gradle-2.2.1/lib/plugins/junit-4.11.jar
7f55f4df6000-7f55f4e02000 r--s 00075000 08:06 2757272                    /home/d1w/android-studio/gradle/gradle-2.2.1/lib/plugins/gradle-plugins-2.2.1.jar
7f55f4e02000-7f55f4e05000 r--s 00011000 08:06 2757255                    /home/d1w/android-studio/gradle/gradle-2.2.1/lib/plugins/gradle-plugin-use-2.2.1.jar
7f55f4e05000-7f55f4e1d000 r--s 00115000 08:06 2757310                    /home/d1w/android-studio/gradle/gradle-2.2.1/lib/plugins/xercesImpl-2.9.1.jar
7f55f4e1d000-7f55f4e25000 r--s 00028000 08:06 2757294                    /home/d1w/android-studio/gradle/gradle-2.2.1/lib/plugins/xml-apis-1.3.04.jar
7f55f4e25000-7f55f4e2b000 r--s 0005b000 08:06 2757257                    /home/d1w/android-studio/gradle/gradle-2.2.1/lib/plugins/jcifs-1.3.17.jar
7f55f4e2b000-7f55f4e31000 r--s 00031000 08:06 2757267                    /home/d1w/android-studio/gradle/gradle-2.2.1/lib/plugins/httpcore-4.2.2.jar
7f55f4e31000-7f55f4e37000 r--s 00033000 08:06 2757256                    /home/d1w/android-studio/gradle/gradle-2.2.1/lib/plugins/commons-codec-1.6.jar
7f55f4e37000-7f55f4e3a000 r--s 0001c000 08:06 2757346                    /home/d1w/android-studio/gradle/gradle-2.2.1/lib/plugins/nekohtml-1.9.14.jar
7f55f4e3a000-7f55f4e43000 r--s 00060000 08:06 2757279                    /home/d1w/android-studio/gradle/gradle-2.2.1/lib/plugins/httpclient-4.2.2.jar
7f55f4e43000-7f55f4e45000 r--s 00007000 08:06 2757336                    /home/d1w/android-studio/gradle/gradle-2.2.1/lib/plugins/gradle-resources-http-2.2.1.jar
7f55f4e45000-7f55f4e6d000 r--s 00194000 08:06 2757292                    /home/d1w/android-studio/gradle/gradle-2.2.1/lib/plugins/bcprov-jdk15-1.46.jar
7f55f4e6d000-7f55f4e71000 r--s 0001d000 08:06 2757333                    /home/d1w/android-studio/gradle/gradle-2.2.1/lib/plugins/xbean-reflect-3.4.jar
7f55f4e71000-7f55f4e76000 r--s 0002a000 08:06 2757343                    /home/d1w/android-studio/gradle/gradle-2.2.1/lib/plugins/gson-2.2.4.jar
7f55f4e76000-7f55f4e7a000 r--s 0003d000 08:06 2757298                    /home/d1w/android-studio/gradle/gradle-2.2.1/lib/plugins/jsch-0.1.51.jar
7f55f4e7a000-7f55f4e93000 r--s 00129000 08:06 2757339                    /home/d1w/android-studio/gradle/gradle-2.2.1/lib/plugins/maven-ant-tasks-2.1.3.jar
7f55f4e93000-7f55f4ea2000 r--s 000d9000 08:06 2757321                    /home/d1w/android-studio/gradle/gradle-2.2.1/lib/plugins/ivy-2.2.0.jar
7f55f4ea2000-7f55f4ea6000 r--s 0001e000 08:06 2757295                    /home/d1w/android-studio/gradle/gradle-2.2.1/lib/plugins/jarjar-aether-impl-1.13.1.jar
7f55f4ea6000-7f55f4ea9000 r--s 00027000 08:06 2757300                    /home/d1w/android-studio/gradle/gradle-2.2.1/lib/plugins/jarjar-maven-model-3.0.4.jar
7f55f4ea9000-7f55f4eac000 r--s 0000b000 08:06 2757290                    /home/d1w/android-studio/gradle/gradle-2.2.1/lib/plugins/jarjar-maven-artifact-3.0.4.jar
7f55f4eac000-7f55f4eb0000 r--s 0001e000 08:06 2757270                    /home/d1w/android-studio/gradle/gradle-2.2.1/lib/plugins/jarjar-aether-util-1.13.1.jar
7f55f4eb0000-7f55f4eb2000 r--s 00007000 08:06 2757344                    /home/d1w/android-studio/gradle/gradle-2.2.1/lib/plugins/jarjar-wagon-http-shared4-2.4.jar
7f55f4eb2000-7f55f4ebf000 r--s 00083000 08:06 2757269                    /home/d1w/android-studio/gradle/gradle-2.2.1/lib/plugins/jarjar-maven-core-3.0.4.jar
7f55f4ebf000-7f55f4ec1000 r--s 00003000 08:06 2757320                    /home/d1w/android-studio/gradle/gradle-2.2.1/lib/plugins/jarjar-aether-spi-1.13.1.jar
7f55f4ec1000-7f55f4ec3000 r--s 00009000 08:06 2757309                    /home/d1w/android-studio/gradle/gradle-2.2.1/lib/plugins/jarjar-maven-settings-builder-3.0.4.jar
7f55f4ec3000-7f55f4ec7000 r--s 00014000 08:06 2757284                    /home/d1w/android-studio/gradle/gradle-2.2.1/lib/plugins/jarjar-aether-api-1.13.1.jar
7f55f4ec7000-7f55f4ec8000 r--s 00002000 08:06 2757334                    /home/d1w/android-studio/gradle/gradle-2.2.1/lib/plugins/jarjar-wagon-http-2.4.jar
7f55f4ec8000-7f55f4ecf000 r--s 00042000 08:06 2757273                    /home/d1w/android-studio/gradle/gradle-2.2.1/lib/plugins/jarjar-maven-compat-3.0.4.jar
7f55f4ecf000-7f55f4ed1000 r--s 00006000 08:06 2757289                    /home/d1w/android-studio/gradle/gradle-2.2.1/lib/plugins/jarjar-aether-connector-wagon-1.13.1.jar
7f55f4ed1000-7f55f4ed3000 r--s 00000000 08:06 2757276                    /home/d1w/android-studio/gradle/gradle-2.2.1/lib/plugins/jarjar-plexus-component-annotations-1.5.5.jar
7f55f4ed3000-7f55f4ed5000 r--s 00006000 08:06 2757262                    /home/d1w/android-studio/gradle/gradle-2.2.1/lib/plugins/jarjar-plexus-sec-dispatcher-1.3.jar
7f55f4ed5000-7f55f4eda000 r--s 00022000 08:06 2757335                    /home/d1w/android-studio/gradle/gradle-2.2.1/lib/plugins/jarjar-maven-model-builder-3.0.4.jar
7f55f4eda000-7f55f4edc000 r--s 0000b000 08:06 2757304                    /home/d1w/android-studio/gradle/gradle-2.2.1/lib/plugins/jarjar-maven-plugin-api-3.0.4.jar
7f55f4edc000-7f55f4edf000 r--s 0000a000 08:06 2757259                    /home/d1w/android-studio/gradle/gradle-2.2.1/lib/plugins/jarjar-plexus-classworlds-2.4.jar
7f55f4edf000-7f55f4ee3000 r--s 00035000 08:06 2757345                    /home/d1w/android-studio/gradle/gradle-2.2.1/lib/plugins/jarjar-plexus-utils-2.0.6.jar
7f55f4ee3000-7f55f4ee5000 r--s 0000e000 08:06 2757347                    /home/d1w/android-studio/gradle/gradle-2.2.1/lib/plugins/jarjar-plexus-interpolation-1.14.jar
7f55f4ee5000-7f55f4ee7000 r--s 00002000 08:06 2757296                    /home/d1w/android-studio/gradle/gradle-2.2.1/lib/plugins/jarjar-plexus-cipher-1.7.jar
7f55f4ee7000-7f55f4ee9000 r--s 0000c000 08:06 2757341                    /home/d1w/android-studio/gradle/gradle-2.2.1/lib/plugins/jarjar-wagon-provider-api-2.4.jar
7f55f4ee9000-7f55f4eeb000 r--s 0000d000 08:06 2757349                    /home/d1w/android-studio/gradle/gradle-2.2.1/lib/plugins/jarjar-maven-aether-provider-3.0.4.jar
7f55f4eeb000-7f55f4ef3000 r--s 00031000 08:06 2757316                    /home/d1w/android-studio/gradle/gradle-2.2.1/lib/plugins/jarjar-plexus-container-default-1.5.5.jar
7f55f4ef3000-7f55f4ef4000 r--s 00007000 08:06 2757303                    /home/d1w/android-studio/gradle/gradle-2.2.1/lib/plugins/jarjar-maven-repository-metadata-3.0.4.jar
7f55f4ef4000-7f55f4ef5000 r--s 0000b000 08:06 2757314                    /home/d1w/android-studio/gradle/gradle-2.2.1/lib/plugins/jarjar-maven-settings-3.0.4.jar
7f55f4ef5000-7f55f4f0d000 r--s 000b5000 08:06 2757311                    /home/d1w/android-studio/gradle/gradle-2.2.1/lib/plugins/gradle-dependency-management-2.2.1.jar
7f55f4f0d000-7f55f4f14000 r--s 00000000 08:06 671846                     /usr/lib/x86_64-linux-gnu/gconv/gconv-modules.cache
7f55f4f14000-7f55f4f43000 r--p 00000000 08:06 925565                     /usr/share/locale-langpack/ru/LC_MESSAGES/libc.mo
7f55f4f43000-7f55f4f44000 r--s 00005000 08:06 2757203                    /home/d1w/android-studio/gradle/gradle-2.2.1/lib/gradle-wrapper-2.2.1.jar
7f55f4f44000-7f55f4f4d000 r--s 0002c000 08:06 2757208                    /home/d1w/android-studio/gradle/gradle-2.2.1/lib/gradle-tooling-api-2.2.1.jar
7f55f4f4d000-7f55f4f4f000 r--s 00002000 08:06 2757245                    /home/d1w/android-studio/gradle/gradle-2.2.1/lib/gradle-open-api-2.2.1.jar
7f55f4f4f000-7f55f4f55000 r--s 00032000 08:06 2757211                    /home/d1w/android-studio/gradle/gradle-2.2.1/lib/jaxen-1.1.jar
7f55f4f55000-7f55f4f5a000 r--s 00048000 08:06 2756674                    /home/d1w/android-studio/gradle/gradle-2.2.1/lib/dom4j-1.6.1.jar
7f55f4f5a000-7f55f4f65000 r--s 00059000 08:06 2757248                    /home/d1w/android-studio/gradle/gradle-2.2.1/lib/gradle-ui-2.2.1.jar
7f55f4f65000-7f55f4f67000 r--s 00006000 08:06 2756679                    /home/d1w/android-studio/gradle/gradle-2.2.1/lib/gradle-resources-2.2.1.jar
7f55f4f67000-7f55f4f69000 r--s 00007000 08:06 2757213                    /home/d1w/android-studio/gradle/gradle-2.2.1/lib/objenesis-1.2.jar
7f55f4f69000-7f55f4f6b000 r--s 00000000 08:06 2757214                    /home/d1w/android-studio/gradle/gradle-2.2.1/lib/minlog-1.2.jar
7f55f4f6b000-7f55f4f6d000 r--s 0000f000 08:06 2757246                    /home/d1w/android-studio/gradle/gradle-2.2.1/lib/reflectasm-1.07-shaded.jar
7f55f4f6d000-7f55f4f71000 r--s 00026000 08:06 2757352                    /home/d1w/android-studio/gradle/gradle-2.2.1/lib/kryo-2.20.jar
7f55f4f71000-7f55f4f7a000 r--s 00039000 08:06 2757210                    /home/d1w/android-studio/gradle/gradle-2.2.1/lib/gradle-messaging-2.2.1.jar
7f55f4f7a000-7f55f4f7b000 r--s 00003000 08:06 2757250                    /home/d1w/android-studio/gradle/gradle-2.2.1/lib/native-platform-freebsd-amd64-0.10.jar
7f55f4f7b000-7f55f4f7c000 r--s 00003000 08:06 2757205                    /home/d1w/android-studio/gradle/gradle-2.2.1/lib/native-platform-freebsd-i386-0.10.jar
7f55f4f7c000-7f55f4f7d000 r--s 00005000 08:06 2757209                    /home/d1w/android-studio/gradle/gradle-2.2.1/lib/native-platform-windows-i386-0.10.jar
7f55f4f7d000-7f55f4f7e000 r--s 00005000 08:06 2756670                    /home/d1w/android-studio/gradle/gradle-2.2.1/lib/native-platform-windows-amd64-0.10.jar
7f55f4f7e000-7f55f4f7f000 r--s 00003000 08:06 2756673                    /home/d1w/android-studio/gradle/gradle-2.2.1/lib/native-platform-linux-i386-0.10.jar
7f55f4f7f000-7f55f4f80000 r--s 00003000 08:06 2756686                    /home/d1w/android-studio/gradle/gradle-2.2.1/lib/native-platform-linux-amd64-0.10.jar
7f55f4f80000-7f55f4f81000 r--s 00002000 08:06 2757353                    /home/d1w/android-studio/gradle/gradle-2.2.1/lib/native-platform-osx-amd64-0.10.jar
7f55f4f81000-7f55f4f82000 r--s 00002000 08:06 2757201                    /home/d1w/android-studio/gradle/gradle-2.2.1/lib/native-platform-osx-i386-0.10.jar
7f55f4f82000-7f55f4f84000 r--s 00008000 08:06 2757200                    /home/d1w/android-studio/gradle/gradle-2.2.1/lib/jansi-1.2.1.jar
7f55f4f84000-7f55f4f87000 r--s 0000d000 08:06 2757215                    /home/d1w/android-studio/gradle/gradle-2.2.1/lib/native-platform-0.10.jar
7f55f4f87000-7f55f4f8b000 r--s 000e4000 08:06 2756672                    /home/d1w/android-studio/gradle/gradle-2.2.1/lib/jna-3.2.7.jar
7f55f4f8b000-7f55f4f8d000 r--s 00008000 08:06 2757199                    /home/d1w/android-studio/gradle/gradle-2.2.1/lib/gradle-native-2.2.1.jar
7f55f4f8d000-7f55f4f8f000 r--s 00005000 08:06 2757249                    /home/d1w/android-studio/gradle/gradle-2.2.1/lib/gradle-cli-2.2.1.jar
7f55f4f8f000-7f55f4f91000 r--s 00003000 08:06 2756684                    /home/d1w/android-studio/gradle/gradle-2.2.1/lib/gradle-base-services-groovy-2.2.1.jar
7f55f4f91000-7f55f4f93000 r--s 0000a000 08:06 2757195                    /home/d1w/android-studio/gradle/gradle-2.2.1/lib/gradle-model-groovy-2.2.1.jar
7f55f4f93000-7f55f4f97000 r--s 0001b000 08:06 2757190                    /home/d1w/android-studio/gradle/gradle-2.2.1/lib/gradle-model-core-2.2.1.jar
7f55f4f97000-7f55f4f98000 r--s 00000000 08:06 2757204                    /home/d1w/android-studio/gradle/gradle-2.2.1/lib/gradle-docs-2.2.1.jar
7f55f4f98000-7f55f4f9a000 r--s 00003000 08:06 2756685                    /home/d1w/android-studio/gradle/gradle-2.2.1/lib/jcl-over-slf4j-1.7.7.jar
7f55f4f9a000-7f55f4f9b000 r--s 00005000 08:06 2757216                    /home/d1w/android-studio/gradle/gradle-2.2.1/lib/log4j-over-slf4j-1.7.7.jar
7f55f4f9b000-7f55f4f9c000 r--s 00000000 08:06 2757207                    /home/d1w/android-studio/gradle/gradle-2.2.1/lib/javax.inject-1.jar
7f55f4f9c000-7f55f4f9f000 r--s 0001b000 08:06 2757188                    /home/d1w/android-studio/gradle/gradle-2.2.1/lib/jarjar-1.3.jar
7f55f4f9f000-7f55f4fa5000 r--s 0003b000 08:06 2756677                    /home/d1w/android-studio/gradle/gradle-2.2.1/lib/logback-classic-1.0.13.jar
7f55f4fa5000-7f55f4faf000 r--s 0005d000 08:06 2757194                    /home/d1w/android-studio/gradle/gradle-2.2.1/lib/logback-core-1.0.13.jar
7f55f4faf000-7f55f4fbd000 r--s 0007f000 08:06 2757244                    /home/d1w/android-studio/gradle/gradle-2.2.1/lib/commons-collections-3.2.1.jar
7f55f4fbd000-7f55f5028000 r--s 00685000 08:06 2756671                    /home/d1w/android-studio/gradle/gradle-2.2.1/lib/groovy-all-2.3.6.jar
7f55f5028000-7f55f5050000 r--s 001cf000 08:06 2757197                    /home/d1w/android-studio/gradle/gradle-2.2.1/lib/guava-jdk5-17.0.jar
7f55f5050000-7f55f506f000 r--s 001cc000 08:06 2756682                    /home/d1w/android-studio/gradle/gradle-2.2.1/lib/ant-1.9.3.jar
7f55f506f000-7f55f508b000 r--s 00393000 08:06 3410265                    /usr/lib/jvm/java-8-oracle/jre/lib/ext/cldrdata.jar
7f55f508b000-7f55f50bc000 r--s 00191000 08:06 2757191                    /home/d1w/android-studio/gradle/gradle-2.2.1/lib/gradle-core-2.2.1.jar
7f55f50bc000-7f55f50bd000 ---p 00000000 00:00 0 
7f55f50bd000-7f55f51bd000 rw-p 00000000 00:00 0                          [stack:10487]
7f55f51bd000-7f55f51c0000 ---p 00000000 00:00 0 
7f55f51c0000-7f55f52be000 rw-p 00000000 00:00 0                          [stack:10486]
7f55f52be000-7f55f52c1000 ---p 00000000 00:00 0 
7f55f52c1000-7f55f53bf000 rw-p 00000000 00:00 0                          [stack:10485]
7f55f53bf000-7f55f53c2000 ---p 00000000 00:00 0 
7f55f53c2000-7f55f54c0000 rw-p 00000000 00:00 0                          [stack:10484]
7f55f54c0000-7f55f54c3000 ---p 00000000 00:00 0 
7f55f54c3000-7f55f55c1000 rw-p 00000000 00:00 0                          [stack:10483]
7f55f55c1000-7f55f5dd5000 r--p 00000000 08:06 400966                     /usr/lib/locale/locale-archive
7f55f5dd5000-7f55f5dd8000 ---p 00000000 00:00 0 
7f55f5dd8000-7f55f5ed6000 rw-p 00000000 00:00 0                          [stack:10482]
7f55f5ed6000-7f55f5ed9000 ---p 00000000 00:00 0 
7f55f5ed9000-7f55f5fd7000 rw-p 00000000 00:00 0                          [stack:10481]
7f55f5fd7000-7f55f5fd8000 ---p 00000000 00:00 0 
7f55f5fd8000-7f55f9000000 rw-p 00000000 00:00 0                          [stack:10480]
7f55f9000000-7f55f9d70000 rwxp 00000000 00:00 0 
7f55f9d70000-7f5608000000 ---p 00000000 00:00 0 
7f5608000000-7f5608b0f000 rw-p 00000000 00:00 0 
7f5608b0f000-7f560c000000 ---p 00000000 00:00 0 
7f560c000000-7f560c002000 r--s 00000000 08:06 2757212                    /home/d1w/android-studio/gradle/gradle-2.2.1/lib/jul-to-slf4j-1.7.7.jar
7f560c002000-7f560c007000 r--s 00041000 08:06 2756676                    /home/d1w/android-studio/gradle/gradle-2.2.1/lib/commons-lang-2.6.jar
7f560c007000-7f560c00c000 r--s 00036000 08:06 2757206                    /home/d1w/android-studio/gradle/gradle-2.2.1/lib/asm-all-5.0.3.jar
7f560c00c000-7f560c016000 r--s 00116000 08:06 3410267                    /usr/lib/jvm/java-8-oracle/jre/lib/ext/localedata.jar
7f560c016000-7f560c267000 rw-p 00000000 00:00 0 
7f560c267000-7f560c43d000 r--s 03caa000 08:06 3023454                    /usr/lib/jvm/java-8-oracle/jre/lib/rt.jar
7f560c43d000-7f560c6b3000 rw-p 00000000 00:00 0 
7f560c6b3000-7f560c6b4000 ---p 00000000 00:00 0 
7f560c6b4000-7f560c7b4000 rw-p 00000000 00:00 0                          [stack:10479]
7f560c7b4000-7f560c7b5000 ---p 00000000 00:00 0 
7f560c7b5000-7f560c8cf000 rw-p 00000000 00:00 0                          [stack:10478]
7f560c8cf000-7f560ca0b000 ---p 00000000 00:00 0 
7f560ca0b000-7f560ca25000 rw-p 00000000 00:00 0 
7f560ca25000-7f560cb60000 ---p 00000000 00:00 0 
7f560cb60000-7f560cbc7000 rw-p 00000000 00:00 0 
7f560cbc7000-7f560cc0b000 ---p 00000000 00:00 0 
7f560cc0b000-7f560cc42000 rw-p 00000000 00:00 0 
7f560cc42000-7f560cfcc000 ---p 00000000 00:00 0 
7f560cfcc000-7f560cfe6000 r-xp 00000000 08:06 3023373                    /usr/lib/jvm/java-8-oracle/jre/lib/amd64/libzip.so
7f560cfe6000-7f560d1e6000 ---p 0001a000 08:06 3023373                    /usr/lib/jvm/java-8-oracle/jre/lib/amd64/libzip.so
7f560d1e6000-7f560d1e7000 rw-p 0001a000 08:06 3023373                    /usr/lib/jvm/java-8-oracle/jre/lib/amd64/libzip.so
7f560d1e7000-7f560d1f2000 r-xp 00000000 08:06 1594619                    /lib/x86_64-linux-gnu/libnss_files-2.19.so
7f560d1f2000-7f560d3f1000 ---p 0000b000 08:06 1594619                    /lib/x86_64-linux-gnu/libnss_files-2.19.so
7f560d3f1000-7f560d3f2000 r--p 0000a000 08:06 1594619                    /lib/x86_64-linux-gnu/libnss_files-2.19.so
7f560d3f2000-7f560d3f3000 rw-p 0000b000 08:06 1594619                    /lib/x86_64-linux-gnu/libnss_files-2.19.so
7f560d3f3000-7f560d3fe000 r-xp 00000000 08:06 1594616                    /lib/x86_64-linux-gnu/libnss_nis-2.19.so
7f560d3fe000-7f560d5fd000 ---p 0000b000 08:06 1594616                    /lib/x86_64-linux-gnu/libnss_nis-2.19.so
7f560d5fd000-7f560d5fe000 r--p 0000a000 08:06 1594616                    /lib/x86_64-linux-gnu/libnss_nis-2.19.so
7f560d5fe000-7f560d5ff000 rw-p 0000b000 08:06 1594616                    /lib/x86_64-linux-gnu/libnss_nis-2.19.so
7f560d5ff000-7f560d616000 r-xp 00000000 08:06 1594610                    /lib/x86_64-linux-gnu/libnsl-2.19.so
7f560d616000-7f560d815000 ---p 00017000 08:06 1594610                    /lib/x86_64-linux-gnu/libnsl-2.19.so
7f560d815000-7f560d816000 r--p 00016000 08:06 1594610                    /lib/x86_64-linux-gnu/libnsl-2.19.so
7f560d816000-7f560d817000 rw-p 00017000 08:06 1594610                    /lib/x86_64-linux-gnu/libnsl-2.19.so
7f560d817000-7f560d819000 rw-p 00000000 00:00 0 
7f560d819000-7f560d822000 r-xp 00000000 08:06 1594607                    /lib/x86_64-linux-gnu/libnss_compat-2.19.so
7f560d822000-7f560da21000 ---p 00009000 08:06 1594607                    /lib/x86_64-linux-gnu/libnss_compat-2.19.so
7f560da21000-7f560da22000 r--p 00008000 08:06 1594607                    /lib/x86_64-linux-gnu/libnss_compat-2.19.so
7f560da22000-7f560da23000 rw-p 00009000 08:06 1594607                    /lib/x86_64-linux-gnu/libnss_compat-2.19.so
7f560da23000-7f560da4d000 r-xp 00000000 08:06 3023378                    /usr/lib/jvm/java-8-oracle/jre/lib/amd64/libjava.so
7f560da4d000-7f560dc4d000 ---p 0002a000 08:06 3023378                    /usr/lib/jvm/java-8-oracle/jre/lib/amd64/libjava.so
7f560dc4d000-7f560dc4f000 rw-p 0002a000 08:06 3023378                    /usr/lib/jvm/java-8-oracle/jre/lib/amd64/libjava.so
7f560dc4f000-7f560dc5c000 r-xp 00000000 08:06 3023395                    /usr/lib/jvm/java-8-oracle/jre/lib/amd64/libverify.so
7f560dc5c000-7f560de5c000 ---p 0000d000 08:06 3023395                    /usr/lib/jvm/java-8-oracle/jre/lib/amd64/libverify.so
7f560de5c000-7f560de5e000 rw-p 0000d000 08:06 3023395                    /usr/lib/jvm/java-8-oracle/jre/lib/amd64/libverify.so
7f560de5e000-7f560de65000 r-xp 00000000 08:06 1594600                    /lib/x86_64-linux-gnu/librt-2.19.so
7f560de65000-7f560e064000 ---p 00007000 08:06 1594600                    /lib/x86_64-linux-gnu/librt-2.19.so
7f560e064000-7f560e065000 r--p 00006000 08:06 1594600                    /lib/x86_64-linux-gnu/librt-2.19.so
7f560e065000-7f560e066000 rw-p 00007000 08:06 1594600                    /lib/x86_64-linux-gnu/librt-2.19.so
7f560e066000-7f560e16b000 r-xp 00000000 08:06 1594609                    /lib/x86_64-linux-gnu/libm-2.19.so
7f560e16b000-7f560e36a000 ---p 00105000 08:06 1594609                    /lib/x86_64-linux-gnu/libm-2.19.so
7f560e36a000-7f560e36b000 r--p 00104000 08:06 1594609                    /lib/x86_64-linux-gnu/libm-2.19.so
7f560e36b000-7f560e36c000 rw-p 00105000 08:06 1594609                    /lib/x86_64-linux-gnu/libm-2.19.so
7f560e36c000-7f560efd9000 r-xp 00000000 08:06 3023410                    /usr/lib/jvm/java-8-oracle/jre/lib/amd64/server/libjvm.so
7f560efd9000-7f560f1d8000 ---p 00c6d000 08:06 3023410                    /usr/lib/jvm/java-8-oracle/jre/lib/amd64/server/libjvm.so
7f560f1d8000-7f560f2ae000 rw-p 00c6c000 08:06 3023410                    /usr/lib/jvm/java-8-oracle/jre/lib/amd64/server/libjvm.so
7f560f2ae000-7f560f2f1000 rw-p 00000000 00:00 0 
7f560f2f1000-7f560f4ac000 r-xp 00000000 08:06 1594598                    /lib/x86_64-linux-gnu/libc-2.19.so
7f560f4ac000-7f560f6ac000 ---p 001bb000 08:06 1594598                    /lib/x86_64-linux-gnu/libc-2.19.so
7f560f6ac000-7f560f6b0000 r--p 001bb000 08:06 1594598                    /lib/x86_64-linux-gnu/libc-2.19.so
7f560f6b0000-7f560f6b2000 rw-p 001bf000 08:06 1594598                    /lib/x86_64-linux-gnu/libc-2.19.so
7f560f6b2000-7f560f6b7000 rw-p 00000000 00:00 0 
7f560f6b7000-7f560f6ba000 r-xp 00000000 08:06 1594605                    /lib/x86_64-linux-gnu/libdl-2.19.so
7f560f6ba000-7f560f8b9000 ---p 00003000 08:06 1594605                    /lib/x86_64-linux-gnu/libdl-2.19.so
7f560f8b9000-7f560f8ba000 r--p 00002000 08:06 1594605                    /lib/x86_64-linux-gnu/libdl-2.19.so
7f560f8ba000-7f560f8bb000 rw-p 00003000 08:06 1594605                    /lib/x86_64-linux-gnu/libdl-2.19.so
7f560f8bb000-7f560f8d0000 r-xp 00000000 08:06 1717354                    /usr/lib/jvm/java-8-oracle/lib/amd64/jli/libjli.so
7f560f8d0000-7f560facf000 ---p 00015000 08:06 1717354                    /usr/lib/jvm/java-8-oracle/lib/amd64/jli/libjli.so
7f560facf000-7f560fad0000 rw-p 00014000 08:06 1717354                    /usr/lib/jvm/java-8-oracle/lib/amd64/jli/libjli.so
7f560fad0000-7f560fae9000 r-xp 00000000 08:06 1594618                    /lib/x86_64-linux-gnu/libpthread-2.19.so
7f560fae9000-7f560fce8000 ---p 00019000 08:06 1594618                    /lib/x86_64-linux-gnu/libpthread-2.19.so
7f560fce8000-7f560fce9000 r--p 00018000 08:06 1594618                    /lib/x86_64-linux-gnu/libpthread-2.19.so
7f560fce9000-7f560fcea000 rw-p 00019000 08:06 1594618                    /lib/x86_64-linux-gnu/libpthread-2.19.so
7f560fcea000-7f560fcee000 rw-p 00000000 00:00 0 
7f560fcee000-7f560fd11000 r-xp 00000000 08:06 1594568                    /lib/x86_64-linux-gnu/ld-2.19.so
7f560fd11000-7f560fd12000 r--s 00000000 08:06 2757198                    /home/d1w/android-studio/gradle/gradle-2.2.1/lib/jcip-annotations-1.0.jar
7f560fd12000-7f560fd15000 r--s 00018000 08:06 2757251                    /home/d1w/android-studio/gradle/gradle-2.2.1/lib/commons-io-1.4.jar
7f560fd15000-7f560fd17000 r--s 00006000 08:06 2757192                    /home/d1w/android-studio/gradle/gradle-2.2.1/lib/slf4j-api-1.7.7.jar
7f560fd17000-7f560fd18000 r--s 00004000 08:06 2757196                    /home/d1w/android-studio/gradle/gradle-2.2.1/lib/ant-launcher-1.9.3.jar
7f560fd18000-7f560fdf1000 rw-p 00000000 00:00 0 
7f560fdf1000-7f560fdf4000 ---p 00000000 00:00 0 
7f560fdf4000-7f560fef6000 rw-p 00000000 00:00 0                          [stack:10477]
7f560fef6000-7f560fefc000 r--s 00026000 08:06 2757202                    /home/d1w/android-studio/gradle/gradle-2.2.1/lib/gradle-base-services-2.2.1.jar
7f560fefc000-7f560ff04000 r--s 0003c000 08:06 2757247                    /home/d1w/android-studio/gradle/gradle-2.2.1/lib/gradle-launcher-2.2.1.jar
7f560ff04000-7f560ff0c000 rw-s 00000000 08:06 275002                     /tmp/hsperfdata_d1w/10475
7f560ff0c000-7f560ff0d000 rw-p 00000000 00:00 0 
7f560ff0d000-7f560ff0e000 r--p 00000000 00:00 0 
7f560ff0e000-7f560ff10000 rw-p 00000000 00:00 0 
7f560ff10000-7f560ff11000 r--p 00022000 08:06 1594568                    /lib/x86_64-linux-gnu/ld-2.19.so
7f560ff11000-7f560ff12000 rw-p 00023000 08:06 1594568                    /lib/x86_64-linux-gnu/ld-2.19.so
7f560ff12000-7f560ff13000 rw-p 00000000 00:00 0 
7fff47dc4000-7fff47de5000 rw-p 00000000 00:00 0                          [stack]
7fff47dfe000-7fff47e00000 r-xp 00000000 00:00 0                          [vdso]
ffffffffff600000-ffffffffff601000 r-xp 00000000 00:00 0                  [vsyscall]

VM Arguments:
jvm_args: -XX:MaxPermSize=256m -XX:+HeapDumpOnOutOfMemoryError -Xmx1024m -Dfile.encoding=UTF-8 -Duser.country=RU -Duser.language=ru -Duser.variant 
java_command: org.gradle.launcher.daemon.bootstrap.GradleDaemon 2.2.1 /home/d1w/.gradle/daemon 10800000 b427baab-9e24-49ef-b526-792ee56fa07e -XX:MaxPermSize=256m -XX:+HeapDumpOnOutOfMemoryError -Xmx1024m -Dfile.encoding=UTF-8 -Duser.country=RU -Duser.language=ru -Duser.variant
java_class_path (initial): /home/d1w/android-studio/gradle/gradle-2.2.1/lib/gradle-launcher-2.2.1.jar
Launcher Type: SUN_STANDARD

Environment Variables:
CLASSPATH=./../lib/bootstrap.jar:./../lib/extensions.jar:./../lib/util.jar:./../lib/jdom.jar:./../lib/log4j.jar:./../lib/trove4j.jar:./../lib/jna.jar:/usr/lib/jvm/java-8-oracle/lib/tools.jar
PATH=/usr/local/sbin:/usr/local/bin:/usr/sbin:/usr/bin:/sbin:/bin:/usr/games:/usr/local/games
LD_LIBRARY_PATH=.:
SHELL=/bin/bash
DISPLAY=:0

Signal Handlers:
SIGSEGV: [libjvm.so+0xa79a80], sa_mask[0]=11111111011111111101111111111110, sa_flags=SA_RESTART|SA_SIGINFO
SIGBUS: [libjvm.so+0xa79a80], sa_mask[0]=11111111011111111101111111111110, sa_flags=SA_RESTART|SA_SIGINFO
SIGFPE: [libjvm.so+0x8e24e0], sa_mask[0]=11111111011111111101111111111110, sa_flags=SA_RESTART|SA_SIGINFO
SIGPIPE: [libjvm.so+0x8e24e0], sa_mask[0]=11111111011111111101111111111110, sa_flags=SA_RESTART|SA_SIGINFO
SIGXFSZ: [libjvm.so+0x8e24e0], sa_mask[0]=11111111011111111101111111111110, sa_flags=SA_RESTART|SA_SIGINFO
SIGILL: [libjvm.so+0x8e24e0], sa_mask[0]=11111111011111111101111111111110, sa_flags=SA_RESTART|SA_SIGINFO
SIGUSR1: SIG_DFL, sa_mask[0]=00000000000000000000000000000000, sa_flags=none
SIGUSR2: [libjvm.so+0x8e3d10], sa_mask[0]=00100000000000000000000000000000, sa_flags=SA_RESTART|SA_SIGINFO
SIGHUP: [libjvm.so+0x8e50d0], sa_mask[0]=11111111011111111101111111111110, sa_flags=SA_RESTART|SA_SIGINFO
SIGINT: [libjvm.so+0x8e50d0], sa_mask[0]=11111111011111111101111111111110, sa_flags=SA_RESTART|SA_SIGINFO
SIGTERM: [libjvm.so+0x8e50d0], sa_mask[0]=11111111011111111101111111111110, sa_flags=SA_RESTART|SA_SIGINFO
SIGQUIT: [libjvm.so+0x8e50d0], sa_mask[0]=11111111011111111101111111111110, sa_flags=SA_RESTART|SA_SIGINFO


---------------  S Y S T E M  ---------------

OS:DISTRIB_ID=Ubuntu
DISTRIB_RELEASE=14.04
DISTRIB_CODENAME=trusty
DISTRIB_DESCRIPTION="Ubuntu 14.04.1 LTS"

uname:Linux 3.13.0-32-generic #57-Ubuntu SMP Tue Jul 15 03:51:08 UTC 2014 x86_64
libc:glibc 2.19 NPTL 2.19 
rlimit: STACK 8192k, CORE 0k, NPROC 15771, NOFILE 4096, AS infinity
load average:4,50 3,96 2,03

/proc/meminfo:
MemTotal:        2040284 kB
MemFree:          508236 kB
Buffers:           19456 kB
Cached:           394616 kB
SwapCached:        77816 kB
Active:           838960 kB
Inactive:         554356 kB
Active(anon):     768448 kB
Inactive(anon):   335924 kB
Active(file):      70512 kB
Inactive(file):   218432 kB
Unevictable:           0 kB
Mlocked:               0 kB
SwapTotal:       2085884 kB
SwapFree:        1347784 kB
Dirty:               676 kB
Writeback:             0 kB
AnonPages:        929016 kB
Mapped:            42836 kB
Shmem:            125132 kB
Slab:              55556 kB
SReclaimable:      27432 kB
SUnreclaim:        28124 kB
KernelStack:        3536 kB
PageTables:        28944 kB
NFS_Unstable:          0 kB
Bounce:                0 kB
WritebackTmp:          0 kB
CommitLimit:     3106024 kB
Committed_AS:    4071436 kB
VmallocTotal:   34359738367 kB
VmallocUsed:      345008 kB
VmallocChunk:   34359387728 kB
HardwareCorrupted:     0 kB
AnonHugePages:    491520 kB
HugePages_Total:       0
HugePages_Free:        0
HugePages_Rsvd:        0
HugePages_Surp:        0
Hugepagesize:       2048 kB
DirectMap4k:       55812 kB
DirectMap2M:     2031616 kB


CPU:total 2 (2 cores per cpu, 1 threads per core) family 6 model 15 stepping 2, cmov, cx8, fxsr, mmx, sse, sse2, sse3, ssse3, tsc

/proc/cpuinfo:
processor	: 0
vendor_id	: GenuineIntel
cpu family	: 6
model		: 15
model name	: Intel(R) Core(TM)2 CPU         U7600  @ 1.20GHz
stepping	: 2
microcode	: 0x57
cpu MHz		: 1200.000
cache size	: 2048 KB
physical id	: 0
siblings	: 2
core id		: 0
cpu cores	: 2
apicid		: 0
initial apicid	: 0
fpu		: yes
fpu_exception	: yes
cpuid level	: 10
wp		: yes
flags		: fpu vme de pse tsc msr pae mce cx8 apic sep mtrr pge mca cmov pat pse36 clflush dts acpi mmx fxsr sse sse2 ss ht tm pbe syscall nx lm constant_tsc arch_perfmon pebs bts rep_good nopl aperfmperf pni dtes64 monitor ds_cpl vmx est tm2 ssse3 cx16 xtpr pdcm lahf_lm dtherm tpr_shadow
bogomips	: 2394.14
clflush size	: 64
cache_alignment	: 64
address sizes	: 36 bits physical, 48 bits virtual
power management:

processor	: 1
vendor_id	: GenuineIntel
cpu family	: 6
model		: 15
model name	: Intel(R) Core(TM)2 CPU         U7600  @ 1.20GHz
stepping	: 2
microcode	: 0x57
cpu MHz		: 1200.000
cache size	: 2048 KB
physical id	: 0
siblings	: 2
core id		: 1
cpu cores	: 2
apicid		: 1
initial apicid	: 1
fpu		: yes
fpu_exception	: yes
cpuid level	: 10
wp		: yes
flags		: fpu vme de pse tsc msr pae mce cx8 apic sep mtrr pge mca cmov pat pse36 clflush dts acpi mmx fxsr sse sse2 ss ht tm pbe syscall nx lm constant_tsc arch_perfmon pebs bts rep_good nopl aperfmperf pni dtes64 monitor ds_cpl vmx est tm2 ssse3 cx16 xtpr pdcm lahf_lm dtherm tpr_shadow
bogomips	: 2394.14
clflush size	: 64
cache_alignment	: 64
address sizes	: 36 bits physical, 48 bits virtual
power management:



Memory: 4k page, physical 2040284k(508236k free), swap 2085884k(1347784k free)

vm_info: Java HotSpot(TM) 64-Bit Server VM (25.25-b02) for linux-amd64 JRE (1.8.0_25-b17), built on Sep 17 2014 17:32:11 by "java_re" with gcc 4.3.0 20080428 (Red Hat 4.3.0-8)

time: Sat Jan 17 03:40:26 2015
elapsed time: 26 seconds (0d 0h 0m 26s)

