#
# A fatal error has been detected by the Java Runtime Environment:
#
#  SIGSEGV (0xb) at pc=0x00007f5833f8fe73, pid=9348, tid=140016768046848
#
# JRE version: Java(TM) SE Runtime Environment (8.0_25-b17) (build 1.8.0_25-b17)
# Java VM: Java HotSpot(TM) 64-Bit Server VM (25.25-b02 mixed mode linux-amd64 compressed oops)
# Problematic frame:
# V  [libjvm.so+0x94ae73]  oopDesc* PSPromotionManager::copy_to_survivor_space<false>(oopDesc*)+0x173
#
# Failed to write core dump. Core dumps have been disabled. To enable core dumping, try "ulimit -c unlimited" before starting Java again
#
# If you would like to submit a bug report, please visit:
#   http://bugreport.sun.com/bugreport/crash.jsp
#

---------------  T H R E A D  ---------------

Current thread (0x00007f582c01f800):  GCTaskThread [stack: 0x00007f5831a8d000,0x00007f5831b8e000] [id=9353]

siginfo: si_signo: 11 (SIGSEGV), si_code: 1 (SEGV_MAPERR), si_addr: 0x0000000000000008

Registers:
RAX=0x00007f5834573a50, RBX=0x00000000f555ca2c, RCX=0x0000000000000003, RDX=0x0000000000000001
RSP=0x00007f5831b8c960, RBP=0x00007f5831b8c9d0, RSI=0x00000000ffa06d6c, RDI=0x0000000000000000
R8 =0x00000000f55cc1b0, R9 =0x00007f58345912f9, R10=0x00007f5831b8c900, R11=0x00007f5831b8c910
R12=0x00000000ffa06d6c, R13=0x0000000000000000, R14=0x0000000000000000, R15=0x00007f582c06c8e8
RIP=0x00007f5833f8fe73, EFLAGS=0x0000000000010246, CSGSFS=0x0000000000000033, ERR=0x0000000000000004
  TRAPNO=0x000000000000000e

Top of Stack: (sp=0x00007f5831b8c960)
0x00007f5831b8c960:   00000000fb095981 00007f58345912f9
0x00007f5831b8c970:   0000000000000168 00007f582c06c880
0x00007f5831b8c980:   00000000f555ca35 00007f5833c63440
0x00007f5831b8c990:   00000000ee1b0db2 0000000000001000
0x00007f5831b8c9a0:   00000000d417ffb0 00000000f555ca2c
0x00007f5831b8c9b0:   00007f582c06c880 00007f5834573a40
0x00007f5831b8c9c0:   0000000000000000 00007f582c06c8e8
0x00007f5831b8c9d0:   00007f5831b8cac0 00007f5833f8f938
0x00007f5831b8c9e0:   00007f5831b8ca40 00007f5831b8ca50
0x00007f5831b8c9f0:   00007f5831b8ca60 00007f5831b8ca20
0x00007f5831b8ca00:   00007f5831b8ca30 00007f5831b8ca80
0x00007f5831b8ca10:   00007f5831b8ca70 00007f582c06c918
0x00007f5831b8ca20:   00000000c21f9720 00007f582c06c8e0
0x00007f5831b8ca30:   00007f582c01af20 00000000c21f979c
0x00007f5831b8ca40:   00000000c2211d25 00007f5833f08d4f
0x00007f5831b8ca50:   00000001001f4670 00000000c2211d24
0x00007f5831b8ca60:   00007f5831b8cac0 00007f5833c63440
0x00007f5831b8ca70:   00000000c20990e5 00007f583459f430
0x00007f5831b8ca80:   00000000f555ca2d 00007f582c06c8e0
0x00007f5831b8ca90:   0000000000000000 00000000c2211e10
0x00007f5831b8caa0:   00000000c2211e00 00007f5831cf508f
0x00007f5831b8cab0:   00007f582c01af20 00007f5831cf5101
0x00007f5831b8cac0:   00007f5831b8cb80 00007f5833a37dce
0x00007f5831b8cad0:   00007f582c01edb0 00007f5831cf5100
0x00007f5831b8cae0:   00007f5831cf5081 00007f58345912f9
0x00007f5831b8caf0:   00007f582c06c880 00000000d4a704f0
0x00007f5831b8cb00:   00007f582c01ac60 00007f5831d89383
0x00007f5831b8cb10:   00000000c2210200 0000000000000100
0x00007f5831b8cb20:   00000000c2220010 00007f5831cf508d
0x00007f5831b8cb30:   0000000000000240 00007f5831cf5100
0x00007f5831b8cb40:   00007f5831cf5180 00007f5831cf508f
0x00007f5831b8cb50:   00007f5831cf508d 00007f582c023700 

Instructions: (pc=0x00007f5833f8fe73)
0x00007f5833f8fe53:   83 e0 07 48 83 f8 05 75 cb 31 db eb ce 48 8b 05
0x00007f5833f8fe63:   59 51 5c 00 8b 7e 08 8b 48 08 48 d3 e7 48 03 38
0x00007f5833f8fe73:   8b 77 08 83 fe 00 0f 8f da fe ff ff 0f 85 23 03
0x00007f5833f8fe83:   00 00 0f 1f 00 48 8b 07 4c 89 e6 4c 89 4d 98 ff 

Register to memory mapping:

RAX=0x00007f5834573a50: <offset 0xf2ea50> in /usr/lib/jvm/java-8-oracle/jre/lib/amd64/server/libjvm.so at 0x00007f5833645000
RBX=0x00000000f555ca2c is an unknown value
RCX=0x0000000000000003 is an unknown value
RDX=0x0000000000000001 is an unknown value
RSP=0x00007f5831b8c960 is an unknown value
RBP=0x00007f5831b8c9d0 is an unknown value
RSI=0x00000000ffa06d6c is an unknown value
RDI=0x0000000000000000 is an unknown value
R8 =0x00000000f55cc1b0 is an oop
java.lang.ref.WeakReference 
 - klass: 'java/lang/ref/WeakReference'
R9 =0x00007f58345912f9: <offset 0xf4c2f9> in /usr/lib/jvm/java-8-oracle/jre/lib/amd64/server/libjvm.so at 0x00007f5833645000
R10=0x00007f5831b8c900 is an unknown value
R11=0x00007f5831b8c910 is an unknown value
R12=0x00000000ffa06d6c is an unknown value
R13=0x0000000000000000 is an unknown value
R14=0x0000000000000000 is an unknown value
R15=0x00007f582c06c8e8 is an unknown value


Stack: [0x00007f5831a8d000,0x00007f5831b8e000],  sp=0x00007f5831b8c960,  free space=1022k
Native frames: (J=compiled Java code, j=interpreted, Vv=VM code, C=native code)
V  [libjvm.so+0x94ae73]  oopDesc* PSPromotionManager::copy_to_survivor_space<false>(oopDesc*)+0x173
V  [libjvm.so+0x94a938]  PSPromotionManager::drain_stacks_depth(bool)+0x7e8
V  [libjvm.so+0x3f2dce]  CardTableExtension::scavenge_contents_parallel(ObjectStartArray*, MutableSpace*, HeapWord*, PSPromotionManager*, unsigned int, unsigned int)+0xafe
V  [libjvm.so+0x94dfbb]  OldToYoungRootsTask::do_it(GCTaskManager*, unsigned int)+0x4b
V  [libjvm.so+0x5afb5f]  GCTaskThread::run()+0x12f
V  [libjvm.so+0x8e7d48]  java_start(Thread*)+0x108


---------------  P R O C E S S  ---------------

Java Threads: ( => current thread )
  0x00007f57e832a800 JavaThread "Stdin handler" [_thread_blocked, id=10432, stack(0x00007f5818c4b000,0x00007f5818d4c000)]
  0x00007f57e4003800 JavaThread "Cancel handler" [_thread_blocked, id=10430, stack(0x00007f5818d4c000,0x00007f5818e4d000)]
  0x00007f57e400a800 JavaThread "Handler for socket connection from /127.0.0.1:55607 to /127.0.0.1:50863" [_thread_in_native, id=10429, stack(0x00007f5818e4d000,0x00007f5818f4e000)]
  0x00007f57e4007000 JavaThread "Daemon worker Thread 24" [_thread_blocked, id=10419, stack(0x00007f581914e000,0x00007f581924f000)]
  0x00007f57f0005000 JavaThread "Daemon Thread 24" [_thread_blocked, id=10416, stack(0x00007f581924f000,0x00007f5819350000)]
  0x0000000001aab000 JavaThread "File lock request listener" [_thread_in_native, id=9378, stack(0x00007f5818098000,0x00007f5818199000)]
  0x00007f582ca2f000 JavaThread "Incoming local TCP Connector on port 55607" [_thread_in_native, id=9368, stack(0x00007f5819350000,0x00007f5819451000)]
  0x00007f582c0af800 JavaThread "Service Thread" daemon [_thread_blocked, id=9365, stack(0x00007f581a3e8000,0x00007f581a4e9000)]
  0x00007f582c0aa800 JavaThread "C1 CompilerThread1" daemon [_thread_blocked, id=9364, stack(0x00007f581a4e9000,0x00007f581a5ea000)]
  0x00007f582c0a7800 JavaThread "C2 CompilerThread0" daemon [_thread_blocked, id=9363, stack(0x00007f581a5ea000,0x00007f581a6eb000)]
  0x00007f582c0a5800 JavaThread "Signal Dispatcher" daemon [_thread_blocked, id=9362, stack(0x00007f581a6eb000,0x00007f581a7ec000)]
  0x00007f582c078000 JavaThread "Finalizer" daemon [_thread_blocked, id=9357, stack(0x00007f58300c4000,0x00007f58301c5000)]
  0x00007f582c076000 JavaThread "Reference Handler" daemon [_thread_blocked, id=9356, stack(0x00007f58301c5000,0x00007f58302c6000)]
  0x00007f582c00a000 JavaThread "main" [_thread_blocked, id=9352, stack(0x00007f58350ca000,0x00007f58351cb000)]

Other Threads:
  0x00007f582c06f000 VMThread [stack: 0x00007f58302c6000,0x00007f58303c7000] [id=9355]
  0x00007f582c0b4800 WatcherThread [stack: 0x00007f581a2e7000,0x00007f581a3e8000] [id=9366]

=>0x00007f582c01f800 (exited) GCTaskThread [stack: 0x00007f5831a8d000,0x00007f5831b8e000] [id=9353]

VM state:at safepoint (normal execution)

VM Mutex/Monitor currently owned by a thread:  ([mutex/lock_event])
[0x00007f582c006460] Threads_lock - owner thread: 0x00007f582c06f000
[0x00007f582c006960] Heap_lock - owner thread: 0x00007f57e4007000

Heap:
 PSYoungGen      total 254976K, used 180373K [0x00000000eab00000, 0x00000000ffc00000, 0x0000000100000000)
  eden space 165888K, 100% used [0x00000000eab00000,0x00000000f4d00000,0x00000000f4d00000)
  from space 89088K, 16% used [0x00000000fa500000,0x00000000fb3256c0,0x00000000ffc00000)
  to   space 89600K, 19% used [0x00000000f4d00000,0x00000000f5deda38,0x00000000fa480000)
 ParOldGen       total 397312K, used 338369K [0x00000000c0000000, 0x00000000d8400000, 0x00000000eab00000)
  object space 397312K, 85% used [0x00000000c0000000,0x00000000d4a704f0,0x00000000d8400000)
 Metaspace       used 296075K, capacity 317528K, committed 318336K, reserved 1320960K
  class space    used 39624K, capacity 47253K, committed 47488K, reserved 1048576K

Card table byte_map: [0x00007f5831ce4000,0x00007f5831ee5000] byte_map_base: 0x00007f58316e4000

Marking Bits: (ParMarkBitMap*) 0x00007f583459f2c0
 Begin Bits: [0x00007f581b000000, 0x00007f581c000000)
 End Bits:   [0x00007f581c000000, 0x00007f581d000000)

Polling page: 0x00007f58351e6000

CodeCache: size=245760Kb used=47802Kb max_used=47812Kb free=197957Kb
 bounds [0x00007f581d000000, 0x00007f581ff20000, 0x00007f582c000000]
 total_blobs=14413 nmethods=13746 adapters=580
 compilation: enabled

Compilation events (10 events):
Event: 10550,595 Thread 0x00007f582c0a7800 20292       4       java.util.TreeMap::get (19 bytes)
Event: 10550,604 Thread 0x00007f582c0aa800 20294       1       com.android.sdklib.repository.local.LocalAddonSysImgPkgInfo::getDesc (5 bytes)
Event: 10550,604 Thread 0x00007f582c0aa800 nmethod 20294 0x00007f581e835b50 code [0x00007f581e835ca0, 0x00007f581e835db0]
Event: 10550,604 Thread 0x00007f582c0aa800 20295       1       com.android.sdklib.SystemImage::getAbiType (5 bytes)
Event: 10550,605 Thread 0x00007f582c0aa800 nmethod 20295 0x00007f581e835890 code [0x00007f581e8359e0, 0x00007f581e835af0]
Event: 10550,605 Thread 0x00007f582c0aa800 20293       1       com.android.sdklib.repository.local.LocalPkgInfo::getLocalSdk (5 bytes)
Event: 10550,605 Thread 0x00007f582c0aa800 nmethod 20293 0x00007f581e8355d0 code [0x00007f581e835720, 0x00007f581e835830]
Event: 10550,612 Thread 0x00007f582c0a7800 nmethod 20292 0x00007f581e388e50 code [0x00007f581e388fc0, 0x00007f581e389238]
Event: 10550,625 Thread 0x00007f582c0aa800 20296       3       com.google.common.collect.Iterables$3::transform (9 bytes)
Event: 10550,627 Thread 0x00007f582c0aa800 nmethod 20296 0x00007f581e38bc90 code [0x00007f581e38be20, 0x00007f581e38c228]

GC Heap History (10 events):
Event: 10374,114 GC heap after
Heap after GC invocations=106 (full 32):
 PSYoungGen      total 252928K, used 38872K [0x00000000eab00000, 0x0000000100000000, 0x0000000100000000)
  eden space 154624K, 0% used [0x00000000eab00000,0x00000000eab00000,0x00000000f4200000)
  from space 98304K, 39% used [0x00000000f9d80000,0x00000000fc376308,0x00000000ffd80000)
  to   space 93696K, 0% used [0x00000000f4200000,0x00000000f4200000,0x00000000f9d80000)
 ParOldGen       total 338432K, used 322338K [0x00000000c0000000, 0x00000000d4a80000, 0x00000000eab00000)
  object space 338432K, 95% used [0x00000000c0000000,0x00000000d3ac88f8,0x00000000d4a80000)
 Metaspace       used 285073K, capacity 306692K, committed 306944K, reserved 1310720K
  class space    used 38338K, capacity 46239K, committed 46336K, reserved 1048576K
}
Event: 10375,307 GC heap before
{Heap before GC invocations=107 (full 32):
 PSYoungGen      total 252928K, used 80304K [0x00000000eab00000, 0x0000000100000000, 0x0000000100000000)
  eden space 154624K, 26% used [0x00000000eab00000,0x00000000ed375f98,0x00000000f4200000)
  from space 98304K, 39% used [0x00000000f9d80000,0x00000000fc376308,0x00000000ffd80000)
  to   space 93696K, 0% used [0x00000000f4200000,0x00000000f4200000,0x00000000f9d80000)
 ParOldGen       total 338432K, used 322338K [0x00000000c0000000, 0x00000000d4a80000, 0x00000000eab00000)
  object space 338432K, 95% used [0x00000000c0000000,0x00000000d3ac88f8,0x00000000d4a80000)
 Metaspace       used 285587K, capacity 307249K, committed 307456K, reserved 1310720K
  class space    used 38406K, capacity 46334K, committed 46336K, reserved 1048576K
Event: 10376,476 GC heap after
Heap after GC invocations=107 (full 32):
 PSYoungGen      total 248320K, used 34942K [0x00000000eab00000, 0x00000000ffc80000, 0x0000000100000000)
  eden space 154624K, 0% used [0x00000000eab00000,0x00000000eab00000,0x00000000f4200000)
  from space 93696K, 37% used [0x00000000f4200000,0x00000000f641fbe0,0x00000000f9d80000)
  to   space 89600K, 0% used [0x00000000fa500000,0x00000000fa500000,0x00000000ffc80000)
 ParOldGen       total 338432K, used 322338K [0x00000000c0000000, 0x00000000d4a80000, 0x00000000eab00000)
  object space 338432K, 95% used [0x00000000c0000000,0x00000000d3ac88f8,0x00000000d4a80000)
 Metaspace       used 285587K, capacity 307249K, committed 307456K, reserved 1310720K
  class space    used 38406K, capacity 46334K, committed 46336K, reserved 1048576K
}
Event: 10376,478 GC heap before
{Heap before GC invocations=108 (full 33):
 PSYoungGen      total 248320K, used 34942K [0x00000000eab00000, 0x00000000ffc80000, 0x0000000100000000)
  eden space 154624K, 0% used [0x00000000eab00000,0x00000000eab00000,0x00000000f4200000)
  from space 93696K, 37% used [0x00000000f4200000,0x00000000f641fbe0,0x00000000f9d80000)
  to   space 89600K, 0% used [0x00000000fa500000,0x00000000fa500000,0x00000000ffc80000)
 ParOldGen       total 338432K, used 322338K [0x00000000c0000000, 0x00000000d4a80000, 0x00000000eab00000)
  object space 338432K, 95% used [0x00000000c0000000,0x00000000d3ac88f8,0x00000000d4a80000)
 Metaspace       used 285587K, capacity 307249K, committed 307456K, reserved 1310720K
  class space    used 38406K, capacity 46334K, committed 46336K, reserved 1048576K
Event: 10397,870 GC heap after
Heap after GC invocations=108 (full 33):
 PSYoungGen      total 248320K, used 0K [0x00000000eab00000, 0x00000000ffc80000, 0x0000000100000000)
  eden space 154624K, 0% used [0x00000000eab00000,0x00000000eab00000,0x00000000f4200000)
  from space 93696K, 0% used [0x00000000f4200000,0x00000000f4200000,0x00000000f9d80000)
  to   space 89600K, 0% used [0x00000000fa500000,0x00000000fa500000,0x00000000ffc80000)
 ParOldGen       total 338432K, used 334005K [0x00000000c0000000, 0x00000000d4a80000, 0x00000000eab00000)
  object space 338432K, 98% used [0x00000000c0000000,0x00000000d462d6c0,0x00000000d4a80000)
 Metaspace       used 284576K, capacity 305071K, committed 307456K, reserved 1310720K
  class space    used 38015K, capacity 45366K, committed 46336K, reserved 1048576K
}
Event: 10471,869 GC heap before
{Heap before GC invocations=109 (full 34):
 PSYoungGen      total 248320K, used 154624K [0x00000000eab00000, 0x00000000ffc80000, 0x0000000100000000)
  eden space 154624K, 100% used [0x00000000eab00000,0x00000000f4200000,0x00000000f4200000)
  from space 93696K, 0% used [0x00000000f4200000,0x00000000f4200000,0x00000000f9d80000)
  to   space 89600K, 0% used [0x00000000fa500000,0x00000000fa500000,0x00000000ffc80000)
 ParOldGen       total 338432K, used 334005K [0x00000000c0000000, 0x00000000d4a80000, 0x00000000eab00000)
  object space 338432K, 98% used [0x00000000c0000000,0x00000000d462d6c0,0x00000000d4a80000)
 Metaspace       used 288746K, capacity 309837K, committed 310784K, reserved 1312768K
  class space    used 38608K, capacity 46235K, committed 46592K, reserved 1048576K
Event: 10483,985 GC heap after
Heap after GC invocations=109 (full 34):
 PSYoungGen      total 248320K, used 548K [0x00000000eab00000, 0x00000000ffc80000, 0x0000000100000000)
  eden space 154624K, 0% used [0x00000000eab00000,0x00000000eab89210,0x00000000f4200000)
  from space 93696K, 0% used [0x00000000f4200000,0x00000000f4200000,0x00000000f9d80000)
  to   space 89600K, 0% used [0x00000000fa500000,0x00000000fa500000,0x00000000ffc80000)
 ParOldGen       total 397312K, used 338369K [0x00000000c0000000, 0x00000000d8400000, 0x00000000eab00000)
  object space 397312K, 85% used [0x00000000c0000000,0x00000000d4a704f0,0x00000000d8400000)
 Metaspace       used 288230K, capacity 308705K, committed 310784K, reserved 1312768K
  class space    used 38417K, capacity 45743K, committed 46592K, reserved 1048576K
}
Event: 10546,590 GC heap before
{Heap before GC invocations=110 (full 34):
 PSYoungGen      total 248320K, used 154624K [0x00000000eab00000, 0x00000000ffc80000, 0x0000000100000000)
  eden space 154624K, 100% used [0x00000000eab00000,0x00000000f4200000,0x00000000f4200000)
  from space 93696K, 0% used [0x00000000f4200000,0x00000000f4200000,0x00000000f9d80000)
  to   space 89600K, 0% used [0x00000000fa500000,0x00000000fa500000,0x00000000ffc80000)
 ParOldGen       total 397312K, used 338369K [0x00000000c0000000, 0x00000000d8400000, 0x00000000eab00000)
  object space 397312K, 85% used [0x00000000c0000000,0x00000000d4a704f0,0x00000000d8400000)
 Metaspace       used 290432K, capacity 311372K, committed 312576K, reserved 1314816K
  class space    used 38779K, capacity 46247K, committed 46592K, reserved 1048576K
Event: 10547,320 GC heap after
Heap after GC invocations=110 (full 34):
 PSYoungGen      total 254976K, used 14485K [0x00000000eab00000, 0x00000000ffc00000, 0x0000000100000000)
  eden space 165888K, 0% used [0x00000000eab00000,0x00000000eab00000,0x00000000f4d00000)
  from space 89088K, 16% used [0x00000000fa500000,0x00000000fb3256c0,0x00000000ffc00000)
  to   space 89600K, 0% used [0x00000000f4d00000,0x00000000f4d00000,0x00000000fa480000)
 ParOldGen       total 397312K, used 338369K [0x00000000c0000000, 0x00000000d8400000, 0x00000000eab00000)
  object space 397312K, 85% used [0x00000000c0000000,0x00000000d4a704f0,0x00000000d8400000)
 Metaspace       used 290432K, capacity 311372K, committed 312576K, reserved 1314816K
  class space    used 38779K, capacity 46247K, committed 46592K, reserved 1048576K
}
Event: 10550,630 GC heap before
{Heap before GC invocations=111 (full 34):
 PSYoungGen      total 254976K, used 180373K [0x00000000eab00000, 0x00000000ffc00000, 0x0000000100000000)
  eden space 165888K, 100% used [0x00000000eab00000,0x00000000f4d00000,0x00000000f4d00000)
  from space 89088K, 16% used [0x00000000fa500000,0x00000000fb3256c0,0x00000000ffc00000)
  to   space 89600K, 0% used [0x00000000f4d00000,0x00000000f4d00000,0x00000000fa480000)
 ParOldGen       total 397312K, used 338369K [0x00000000c0000000, 0x00000000d8400000, 0x00000000eab00000)
  object space 397312K, 85% used [0x00000000c0000000,0x00000000d4a704f0,0x00000000d8400000)
 Metaspace       used 296075K, capacity 317528K, committed 318336K, reserved 1320960K
  class space    used 39624K, capacity 47253K, committed 47488K, reserved 1048576K

Deoptimization events (10 events):
Event: 10230,927 Thread 0x00007f57e4003800 Uncommon trap: reason=predicate action=maybe_recompile pc=0x00007f581d46b35c method=org.codehaus.groovy.reflection.ParameterTypes.makeCommonArray([Ljava/lang/Object;ILjava/lang/Class;)Ljava/lang/Object; @ 25
Event: 10255,563 Thread 0x00007f57e4003800 Uncommon trap: reason=array_check action=maybe_recompile pc=0x00007f581d9140f4 method=org.codehaus.groovy.reflection.ParameterTypes.makeCommonArray([Ljava/lang/Object;ILjava/lang/Class;)Ljava/lang/Object; @ 46
Event: 10258,451 Thread 0x00007f57e4003800 Uncommon trap: reason=array_check action=maybe_recompile pc=0x00007f581d9140f4 method=org.codehaus.groovy.reflection.ParameterTypes.makeCommonArray([Ljava/lang/Object;ILjava/lang/Class;)Ljava/lang/Object; @ 46
Event: 10258,451 Thread 0x00007f57e4003800 Uncommon trap: reason=array_check action=maybe_recompile pc=0x00007f581d9140f4 method=org.codehaus.groovy.reflection.ParameterTypes.makeCommonArray([Ljava/lang/Object;ILjava/lang/Class;)Ljava/lang/Object; @ 46
Event: 10258,888 Thread 0x00007f57e4003800 Uncommon trap: reason=array_check action=maybe_recompile pc=0x00007f581d9140f4 method=org.codehaus.groovy.reflection.ParameterTypes.makeCommonArray([Ljava/lang/Object;ILjava/lang/Class;)Ljava/lang/Object; @ 46
Event: 10468,849 Thread 0x00007f57e4007000 Uncommon trap: reason=array_check action=maybe_recompile pc=0x00007f581fb5e8bc method=java.util.ComparableTimSort.mergeLo(IIII)V @ 465
Event: 10469,051 Thread 0x00007f57e4007000 Uncommon trap: reason=array_check action=maybe_recompile pc=0x00007f581fb5e8bc method=java.util.ComparableTimSort.mergeLo(IIII)V @ 465
Event: 10484,207 Thread 0x00007f57e4007000 Uncommon trap: reason=array_check action=maybe_recompile pc=0x00007f581e287e30 method=java.util.ComparableTimSort.mergeLo(IIII)V @ 465
Event: 10548,014 Thread 0x00007f57e4007000 Uncommon trap: reason=array_check action=maybe_recompile pc=0x00007f581feb5568 method=java.util.ComparableTimSort.mergeLo(IIII)V @ 587
Event: 10548,014 Thread 0x00007f57e4007000 Uncommon trap: reason=array_check action=maybe_recompile pc=0x00007f581feb5568 method=java.util.ComparableTimSort.mergeLo(IIII)V @ 587

Internal exceptions (10 events):
Event: 10550,605 Thread 0x00007f57e4007000 Exception <a 'java/security/PrivilegedActionException'> (0x00000000f4c67d30) thrown at [/HUDSON/workspace/8-2-build-linux-amd64/jdk8u25/1514/hotspot/src/share/vm/prims/jvm.cpp, line 1312]
Event: 10550,605 Thread 0x00007f57e4007000 Exception <a 'java/security/PrivilegedActionException'> (0x00000000f4c68f18) thrown at [/HUDSON/workspace/8-2-build-linux-amd64/jdk8u25/1514/hotspot/src/share/vm/prims/jvm.cpp, line 1312]
Event: 10550,605 Thread 0x00007f57e4007000 Exception <a 'java/security/PrivilegedActionException'> (0x00000000f4c69dd8) thrown at [/HUDSON/workspace/8-2-build-linux-amd64/jdk8u25/1514/hotspot/src/share/vm/prims/jvm.cpp, line 1312]
Event: 10550,605 Thread 0x00007f57e4007000 Exception <a 'java/security/PrivilegedActionException'> (0x00000000f4c70280) thrown at [/HUDSON/workspace/8-2-build-linux-amd64/jdk8u25/1514/hotspot/src/share/vm/prims/jvm.cpp, line 1312]
Event: 10550,605 Thread 0x00007f57e4007000 Exception <a 'java/lang/ClassNotFoundException': com/android/build/gradle/internal/core/MergedNdkConfigBeanInfo> (0x00000000f4c70800) thrown at [/HUDSON/workspace/8-2-build-linux-amd64/jdk8u25/1514/hotspot/src/share/vm/classfile/systemDictionary.cpp, line
Event: 10550,606 Thread 0x00007f57e4007000 Exception <a 'java/security/PrivilegedActionException'> (0x00000000f4c75960) thrown at [/HUDSON/workspace/8-2-build-linux-amd64/jdk8u25/1514/hotspot/src/share/vm/prims/jvm.cpp, line 1312]
Event: 10550,606 Thread 0x00007f57e4007000 Exception <a 'java/security/PrivilegedActionException'> (0x00000000f4c769d0) thrown at [/HUDSON/workspace/8-2-build-linux-amd64/jdk8u25/1514/hotspot/src/share/vm/prims/jvm.cpp, line 1312]
Event: 10550,606 Thread 0x00007f57e4007000 Exception <a 'java/security/PrivilegedActionException'> (0x00000000f4c778b8) thrown at [/HUDSON/workspace/8-2-build-linux-amd64/jdk8u25/1514/hotspot/src/share/vm/prims/jvm.cpp, line 1312]
Event: 10550,606 Thread 0x00007f57e4007000 Exception <a 'java/security/PrivilegedActionException'> (0x00000000f4c7e078) thrown at [/HUDSON/workspace/8-2-build-linux-amd64/jdk8u25/1514/hotspot/src/share/vm/prims/jvm.cpp, line 1312]
Event: 10550,607 Thread 0x00007f57e4007000 Exception <a 'java/lang/ClassNotFoundException': com/android/build/gradle/internal/core/MergedNdkConfigCustomizer> (0x00000000f4c7e5f8) thrown at [/HUDSON/workspace/8-2-build-linux-amd64/jdk8u25/1514/hotspot/src/share/vm/classfile/systemDictionary.cpp, li

Events (10 events):
Event: 10550,603 loading class groovy/runtime/metaclass/com/android/build/gradle/internal/core/MergedNdkConfigMetaClass done
Event: 10550,605 loading class com/android/build/gradle/internal/core/MergedNdkConfigBeanInfo
Event: 10550,605 loading class com/android/build/gradle/internal/core/MergedNdkConfigBeanInfo done
Event: 10550,605 loading class com/android/build/gradle/internal/core/MergedNdkConfigBeanInfo
Event: 10550,605 loading class com/android/build/gradle/internal/core/MergedNdkConfigBeanInfo done
Event: 10550,606 loading class com/android/build/gradle/internal/core/MergedNdkConfigCustomizer
Event: 10550,606 loading class com/android/build/gradle/internal/core/MergedNdkConfigCustomizer done
Event: 10550,606 loading class com/android/build/gradle/internal/core/MergedNdkConfigCustomizer
Event: 10550,606 loading class com/android/build/gradle/internal/core/MergedNdkConfigCustomizer done
Event: 10550,629 Executing VM operation: ParallelGCFailedAllocation


Dynamic libraries:
00400000-00401000 r-xp 00000000 08:06 3410815                            /usr/lib/jvm/java-8-oracle/bin/java
00600000-00601000 rw-p 00000000 08:06 3410815                            /usr/lib/jvm/java-8-oracle/bin/java
016c6000-0239d000 rw-p 00000000 00:00 0                                  [heap]
c0000000-d8400000 rw-p 00000000 00:00 0 
d8400000-eab00000 ---p 00000000 00:00 0 
eab00000-ffc00000 rw-p 00000000 00:00 0 
ffc00000-100000000 ---p 00000000 00:00 0 
100000000-102e60000 rw-p 00000000 00:00 0 
102e60000-140000000 ---p 00000000 00:00 0 
7f57d02ff000-7f57d037f000 rw-p 00000000 00:00 0 
7f57d037f000-7f57d04ff000 ---p 00000000 00:00 0 
7f57d04ff000-7f57d06ff000 rw-p 00000000 00:00 0 
7f57d06ff000-7f57d08ff000 rw-p 00000000 00:00 0 
7f57d08ff000-7f57d0aff000 rw-p 00000000 00:00 0 
7f57d0aff000-7f57d0cff000 rw-p 00000000 00:00 0 
7f57d0cff000-7f57d0eff000 rw-p 00000000 00:00 0 
7f57d0eff000-7f57d10ff000 rw-p 00000000 00:00 0 
7f57d10ff000-7f57d12ff000 rw-p 00000000 00:00 0 
7f57d12ff000-7f57d14ff000 rw-p 00000000 00:00 0 
7f57d14ff000-7f57d16ff000 rw-p 00000000 00:00 0 
7f57d16ff000-7f57d18ff000 rw-p 00000000 00:00 0 
7f57d18ff000-7f57d1aff000 rw-p 00000000 00:00 0 
7f57d1aff000-7f57d1cff000 rw-p 00000000 00:00 0 
7f57d1cff000-7f57d1eff000 rw-p 00000000 00:00 0 
7f57d1eff000-7f57d20ff000 rw-p 00000000 00:00 0 
7f57d20ff000-7f57d22ff000 rw-p 00000000 00:00 0 
7f57d22ff000-7f57d24ff000 rw-p 00000000 00:00 0 
7f57d24ff000-7f57d26ff000 rw-p 00000000 00:00 0 
7f57d26ff000-7f57d28ff000 rw-p 00000000 00:00 0 
7f57d28ff000-7f57d2aff000 rw-p 00000000 00:00 0 
7f57d2aff000-7f57d2cff000 rw-p 00000000 00:00 0 
7f57d2cff000-7f57d2eff000 rw-p 00000000 00:00 0 
7f57d2eff000-7f57d30ff000 rw-p 00000000 00:00 0 
7f57d30ff000-7f57d32ff000 rw-p 00000000 00:00 0 
7f57d32ff000-7f57d34ff000 rw-p 00000000 00:00 0 
7f57d34ff000-7f57d36ff000 rw-p 00000000 00:00 0 
7f57d36ff000-7f57d38ff000 rw-p 00000000 00:00 0 
7f57d38ff000-7f57d3aff000 rw-p 00000000 00:00 0 
7f57d3aff000-7f57d3cff000 rw-p 00000000 00:00 0 
7f57d3cff000-7f57d3eff000 rw-p 00000000 00:00 0 
7f57d3eff000-7f57d40ff000 rw-p 00000000 00:00 0 
7f57d40ff000-7f57d42ff000 rw-p 00000000 00:00 0 
7f57d42ff000-7f57d44ff000 rw-p 00000000 00:00 0 
7f57d44ff000-7f57d46ff000 rw-p 00000000 00:00 0 
7f57d46ff000-7f57d48ff000 rw-p 00000000 00:00 0 
7f57d48ff000-7f57d4aff000 rw-p 00000000 00:00 0 
7f57d4aff000-7f57d4cff000 rw-p 00000000 00:00 0 
7f57d4cff000-7f57d4eff000 rw-p 00000000 00:00 0 
7f57d4eff000-7f57d50ff000 rw-p 00000000 00:00 0 
7f57d50ff000-7f57d52ff000 rw-p 00000000 00:00 0 
7f57d52ff000-7f57d54ff000 rw-p 00000000 00:00 0 
7f57d54ff000-7f57d56ff000 rw-p 00000000 00:00 0 
7f57d56ff000-7f57d58ff000 rw-p 00000000 00:00 0 
7f57d58ff000-7f57d5aff000 rw-p 00000000 00:00 0 
7f57d5aff000-7f57d5cff000 rw-p 00000000 00:00 0 
7f57d5cff000-7f57d5eff000 rw-p 00000000 00:00 0 
7f57d5eff000-7f57d60ff000 rw-p 00000000 00:00 0 
7f57d60ff000-7f57d62ff000 rw-p 00000000 00:00 0 
7f57d62ff000-7f57d64ff000 rw-p 00000000 00:00 0 
7f57d64ff000-7f57d66ff000 rw-p 00000000 00:00 0 
7f57d66ff000-7f57d68ff000 rw-p 00000000 00:00 0 
7f57d68ff000-7f57d6aff000 rw-p 00000000 00:00 0 
7f57d6aff000-7f57d6cff000 rw-p 00000000 00:00 0 
7f57d6cff000-7f57d6eff000 rw-p 00000000 00:00 0 
7f57d6eff000-7f57d70ff000 rw-p 00000000 00:00 0 
7f57d70ff000-7f57d72ff000 rw-p 00000000 00:00 0 
7f57d72ff000-7f57d74ff000 rw-p 00000000 00:00 0 
7f57d74ff000-7f57d76ff000 rw-p 00000000 00:00 0 
7f57d76ff000-7f57d78ff000 rw-p 00000000 00:00 0 
7f57d78ff000-7f57d7aff000 rw-p 00000000 00:00 0 
7f57d7aff000-7f57d7cff000 rw-p 00000000 00:00 0 
7f57d7cff000-7f57d7eff000 rw-p 00000000 00:00 0 
7f57d7eff000-7f57d80ff000 rw-p 00000000 00:00 0 
7f57d80ff000-7f57d82ff000 rw-p 00000000 00:00 0 
7f57d82ff000-7f57d84ff000 rw-p 00000000 00:00 0 
7f57d84ff000-7f57d86ff000 rw-p 00000000 00:00 0 
7f57d86ff000-7f57d88ff000 rw-p 00000000 00:00 0 
7f57d88ff000-7f57d8aff000 rw-p 00000000 00:00 0 
7f57d8aff000-7f57d8cff000 rw-p 00000000 00:00 0 
7f57d8cff000-7f57d8eff000 rw-p 00000000 00:00 0 
7f57d8eff000-7f57d90ff000 rw-p 00000000 00:00 0 
7f57d90ff000-7f57d92ff000 rw-p 00000000 00:00 0 
7f57d92ff000-7f57d94ff000 rw-p 00000000 00:00 0 
7f57d94ff000-7f57d96ff000 rw-p 00000000 00:00 0 
7f57d96ff000-7f57d98ff000 rw-p 00000000 00:00 0 
7f57d98ff000-7f57d9aff000 rw-p 00000000 00:00 0 
7f57d9aff000-7f57d9cff000 rw-p 00000000 00:00 0 
7f57d9cff000-7f57d9eff000 rw-p 00000000 00:00 0 
7f57d9eff000-7f57da0ff000 rw-p 00000000 00:00 0 
7f57da0ff000-7f57da2ff000 rw-p 00000000 00:00 0 
7f57da2ff000-7f57da4ff000 rw-p 00000000 00:00 0 
7f57da4ff000-7f57da6ff000 rw-p 00000000 00:00 0 
7f57da6ff000-7f57da8ff000 rw-p 00000000 00:00 0 
7f57da8ff000-7f57daaff000 rw-p 00000000 00:00 0 
7f57daaff000-7f57dacff000 rw-p 00000000 00:00 0 
7f57dacff000-7f57daeff000 rw-p 00000000 00:00 0 
7f57daeff000-7f57db0ff000 rw-p 00000000 00:00 0 
7f57db0ff000-7f57db2ff000 rw-p 00000000 00:00 0 
7f57db2ff000-7f57db4ff000 rw-p 00000000 00:00 0 
7f57db4ff000-7f57db6ff000 rw-p 00000000 00:00 0 
7f57db6ff000-7f57db8ff000 rw-p 00000000 00:00 0 
7f57db8ff000-7f57dbaff000 rw-p 00000000 00:00 0 
7f57dbaff000-7f57dbb02000 ---p 00000000 00:00 0 
7f57dbb02000-7f57dbe00000 rw-p 00000000 00:00 0 
7f57dbe00000-7f57dc000000 rw-p 00000000 00:00 0 
7f57dc000000-7f57dc021000 rw-p 00000000 00:00 0 
7f57dc021000-7f57e0000000 ---p 00000000 00:00 0 
7f57e002d000-7f57e002e000 rw-p 00000000 00:00 0 
7f57e002e000-7f57e0031000 ---p 00000000 00:00 0 
7f57e0031000-7f57e0067000 rw-p 00000000 00:00 0 
7f57e0067000-7f57e006a000 ---p 00000000 00:00 0 
7f57e006a000-7f57e02a0000 rw-p 00000000 00:00 0 
7f57e02a0000-7f57e06a0000 rw-p 00000000 00:00 0 
7f57e06a0000-7f57e08a0000 rw-p 00000000 00:00 0 
7f57e08a0000-7f57e0aa0000 rw-p 00000000 00:00 0 
7f57e0aa0000-7f57e0ca0000 rw-p 00000000 00:00 0 
7f57e0ca0000-7f57e0ea0000 rw-p 00000000 00:00 0 
7f57e0ea0000-7f57e10a0000 rw-p 00000000 00:00 0 
7f57e10a0000-7f57e14a0000 rw-p 00000000 00:00 0 
7f57e14a0000-7f57e16a0000 rw-p 00000000 00:00 0 
7f57e16a0000-7f57e18a0000 rw-p 00000000 00:00 0 
7f57e18a0000-7f57e1aa0000 rw-p 00000000 00:00 0 
7f57e1aa0000-7f57e1ca0000 rw-p 00000000 00:00 0 
7f57e1ca0000-7f57e20a0000 rw-p 00000000 00:00 0 
7f57e20a0000-7f57e22a0000 rw-p 00000000 00:00 0 
7f57e22a0000-7f57e24a0000 rw-p 00000000 00:00 0 
7f57e24a0000-7f57e26a0000 rw-p 00000000 00:00 0 
7f57e26a0000-7f57e26a3000 ---p 00000000 00:00 0 
7f57e26a3000-7f57e27a1000 rw-p 00000000 00:00 0 
7f57e27a1000-7f57e27a4000 ---p 00000000 00:00 0 
7f57e27a4000-7f57e28a2000 rw-p 00000000 00:00 0 
7f57e28a2000-7f57e28a5000 ---p 00000000 00:00 0 
7f57e28a5000-7f57e2ba3000 rw-p 00000000 00:00 0 
7f57e2ba3000-7f57e2ba6000 ---p 00000000 00:00 0 
7f57e2ba6000-7f57e2ca4000 rw-p 00000000 00:00 0 
7f57e2ca4000-7f57e2ca7000 ---p 00000000 00:00 0 
7f57e2ca7000-7f57e2fa5000 rw-p 00000000 00:00 0 
7f57e2fa5000-7f57e31a5000 rw-p 00000000 00:00 0 
7f57e31a5000-7f57e33a5000 rw-p 00000000 00:00 0 
7f57e33a5000-7f57e33b8000 r--s 00344000 08:06 3023449                    /usr/lib/jvm/java-8-oracle/jre/lib/resources.jar
7f57e33b8000-7f57e35b8000 rw-p 00000000 00:00 0 
7f57e35b8000-7f57e37b8000 rw-p 00000000 00:00 0 
7f57e37b8000-7f57e39b8000 rw-p 00000000 00:00 0 
7f57e39b8000-7f57e39ba000 r--s 00001000 08:06 3410263                    /usr/lib/jvm/java-8-oracle/jre/lib/ext/dnsns.jar
7f57e39ba000-7f57e3bba000 rw-p 00000000 00:00 0 
7f57e3bba000-7f57e3bbc000 r--s 0000d000 08:06 3411015                    /home/d1w/android-studio/gradle/m2repository/commons-codec/commons-codec/1.4/commons-codec-1.4.jar
7f57e3bbc000-7f57e3bbe000 r--s 0000d000 08:06 2757358                    /home/d1w/android-studio/gradle/m2repository/commons-logging/commons-logging/1.1.1/commons-logging-1.1.1.jar
7f57e3bbe000-7f57e3bc3000 r--s 00028000 08:06 2757392                    /home/d1w/android-studio/gradle/m2repository/org/apache/httpcomponents/httpcore/4.1/httpcore-4.1.jar
7f57e3bc3000-7f57e3bc5000 r--s 00004000 08:06 3410879                    /home/d1w/android-studio/gradle/m2repository/org/ow2/asm/asm-tree/4.0/asm-tree-4.0.jar
7f57e3bc5000-7f57e3bce000 r--s 000a7000 08:06 3410932                    /home/d1w/android-studio/gradle/m2repository/com/android/tools/external/lombok/lombok-ast/0.2.2/lombok-ast-0.2.2.jar
7f57e3bce000-7f57e3bf9000 r--s 001f9000 08:06 3410903                    /home/d1w/android-studio/gradle/m2repository/com/google/guava/guava/17.0/guava-17.0.jar
7f57e3bf9000-7f57e3c00000 r--s 00053000 08:06 2892236                    /home/d1w/android-studio/gradle/m2repository/org/apache/commons/commons-compress/1.8.1/commons-compress-1.8.1.jar
7f57e3c00000-7f57e3e00000 rw-p 00000000 00:00 0 
7f57e3e00000-7f57e4000000 rw-p 00000000 00:00 0 
7f57e4000000-7f57e4061000 rw-p 00000000 00:00 0 
7f57e4061000-7f57e8000000 ---p 00000000 00:00 0 
7f57e8000000-7f57ebfd9000 rw-p 00000000 00:00 0 
7f57ebfd9000-7f57ec000000 ---p 00000000 00:00 0 
7f57ec000000-7f57ec021000 rw-p 00000000 00:00 0 
7f57ec021000-7f57f0000000 ---p 00000000 00:00 0 
7f57f0000000-7f57f002c000 rw-p 00000000 00:00 0 
7f57f002c000-7f57f4000000 ---p 00000000 00:00 0 
7f57f4000000-7f57f4ec7000 rw-p 00000000 00:00 0 
7f57f4ec7000-7f57f8000000 ---p 00000000 00:00 0 
7f57f8000000-7f57f8021000 rw-p 00000000 00:00 0 
7f57f8021000-7f57fc000000 ---p 00000000 00:00 0 
7f57fc000000-7f57fc021000 rw-p 00000000 00:00 0 
7f57fc021000-7f5800000000 ---p 00000000 00:00 0 
7f5800000000-7f580207d000 rw-p 00000000 00:00 0 
7f580207d000-7f5804000000 ---p 00000000 00:00 0 
7f5804000000-7f5804021000 rw-p 00000000 00:00 0 
7f5804021000-7f5808000000 ---p 00000000 00:00 0 
7f5808000000-7f5808021000 rw-p 00000000 00:00 0 
7f5808021000-7f580c000000 ---p 00000000 00:00 0 
7f580c000000-7f580c069000 rw-p 00000000 00:00 0 
7f580c069000-7f5810000000 ---p 00000000 00:00 0 
7f5810000000-7f58105df000 rw-p 00000000 00:00 0 
7f58105df000-7f5814000000 ---p 00000000 00:00 0 
7f5814000000-7f58142c6000 rw-p 00000000 00:00 0 
7f58142c6000-7f5818000000 ---p 00000000 00:00 0 
7f5818000000-7f5818002000 r--s 0000a000 08:06 3410876                    /home/d1w/android-studio/gradle/m2repository/org/ow2/asm/asm/4.0/asm-4.0.jar
7f5818002000-7f5818003000 r--s 0000a000 08:06 3411011                    /home/d1w/android-studio/gradle/m2repository/net/sf/kxml/kxml2/2.3.0/kxml2-2.3.0.jar
7f5818003000-7f5818006000 r--s 00011000 08:06 3410937                    /home/d1w/android-studio/gradle/m2repository/com/android/tools/layoutlib/layoutlib-api/24.0.0/layoutlib-api-24.0.0.jar
7f5818006000-7f5818008000 r--s 00005000 08:06 2757385                    /home/d1w/android-studio/gradle/m2repository/org/apache/httpcomponents/httpmime/4.1/httpmime-4.1.jar
7f5818008000-7f5818010000 r--s 0004e000 08:06 2892228                    /home/d1w/android-studio/gradle/m2repository/org/apache/httpcomponents/httpclient/4.1.1/httpclient-4.1.1.jar
7f5818010000-7f5818011000 r--s 00005000 08:06 3410948                    /home/d1w/android-studio/gradle/m2repository/com/android/tools/dvlib/24.0.0/dvlib-24.0.0.jar
7f5818011000-7f5818012000 r--s 00004000 08:06 3410868                    /home/d1w/android-studio/gradle/m2repository/org/ow2/asm/asm-analysis/4.0/asm-analysis-4.0.jar
7f5818012000-7f5818015000 r--s 00029000 08:06 3410924                    /home/d1w/android-studio/gradle/m2repository/com/android/tools/lint/lint-api/24.0.0/lint-api-24.0.0.jar
7f5818015000-7f5818025000 r--s 000d3000 08:06 3410993                    /home/d1w/android-studio/gradle/m2repository/net/sf/proguard/proguard-base/5.1/proguard-base-5.1.jar
7f5818025000-7f5818033000 r--s 00081000 08:06 2892254                    /home/d1w/android-studio/gradle/m2repository/org/bouncycastle/bcpkix-jdk15on/1.48/bcpkix-jdk15on-1.48.jar
7f5818033000-7f5818035000 r--s 00003000 08:06 3410968                    /home/d1w/android-studio/gradle/m2repository/com/android/tools/build/builder-model/1.0.0/builder-model-1.0.0.jar
7f5818035000-7f5818038000 r--s 00029000 08:06 3410985                    /home/d1w/android-studio/gradle/m2repository/com/android/tools/build/manifest-merger/24.0.0/manifest-merger-24.0.0.jar
7f5818038000-7f581803d000 r--s 00042000 08:06 3410958                    /home/d1w/android-studio/gradle/m2repository/com/android/tools/ddms/ddmlib/24.0.0/ddmlib-24.0.0.jar
7f581803d000-7f581803e000 r--s 00000000 08:06 3410975                    /home/d1w/android-studio/gradle/m2repository/com/android/tools/build/builder-test-api/1.0.0/builder-test-api-1.0.0.jar
7f581803e000-7f5818040000 r--s 00002000 08:06 3410893                    /home/d1w/android-studio/gradle/m2repository/com/squareup/javawriter/2.5.0/javawriter-2.5.0.jar
7f5818040000-7f5818042000 r--s 00014000 08:06 3410951                    /home/d1w/android-studio/gradle/m2repository/com/android/tools/common/24.0.0/common-24.0.0.jar
7f5818042000-7f581804c000 r--s 000a8000 08:06 3410988                    /home/d1w/android-studio/gradle/m2repository/com/android/tools/sdklib/24.0.0/sdklib-24.0.0.jar
7f581804c000-7f581807f000 r--s 00203000 08:06 2892260                    /home/d1w/android-studio/gradle/m2repository/org/bouncycastle/bcprov-jdk15on/1.48/bcprov-jdk15on-1.48.jar
7f581807f000-7f5818084000 r--s 00047000 08:06 3410941                    /home/d1w/android-studio/gradle/m2repository/com/android/tools/sdk-common/24.0.0/sdk-common-24.0.0.jar
7f5818084000-7f5818089000 r--s 0008c000 08:06 3410919                    /home/d1w/android-studio/gradle/m2repository/com/android/tools/lint/lint-checks/24.0.0/lint-checks-24.0.0.jar
7f5818089000-7f5818098000 r--s 001a9000 08:06 2757371                    /home/d1w/android-studio/gradle/m2repository/org/eclipse/jdt/core/compiler/ecj/4.2.2/ecj-4.2.2.jar
7f5818098000-7f581809b000 ---p 00000000 00:00 0 
7f581809b000-7f5818399000 rw-p 00000000 00:00 0                          [stack:9378]
7f5818399000-7f5818599000 rw-p 00000000 00:00 0 
7f5818599000-7f581859c000 ---p 00000000 00:00 0 
7f581859c000-7f58187d2000 rw-p 00000000 00:00 0 
7f58187d2000-7f58189d2000 rw-p 00000000 00:00 0 
7f58189d2000-7f5818bd2000 rw-p 00000000 00:00 0 
7f5818bd2000-7f5818c4b000 r--s 010df000 08:06 1594879                    /usr/lib/jvm/java-8-oracle/lib/tools.jar
7f5818c4b000-7f5818c4e000 ---p 00000000 00:00 0 
7f5818c4e000-7f5818d4c000 rw-p 00000000 00:00 0                          [stack:10432]
7f5818d4c000-7f5818d4f000 ---p 00000000 00:00 0 
7f5818d4f000-7f5818e4d000 rw-p 00000000 00:00 0                          [stack:10430]
7f5818e4d000-7f5818e50000 ---p 00000000 00:00 0 
7f5818e50000-7f581914e000 rw-p 00000000 00:00 0                          [stack:10429]
7f581914e000-7f5819151000 ---p 00000000 00:00 0 
7f5819151000-7f581924f000 rw-p 00000000 00:00 0                          [stack:10419]
7f581924f000-7f5819252000 ---p 00000000 00:00 0 
7f5819252000-7f5819350000 rw-p 00000000 00:00 0                          [stack:10416]
7f5819350000-7f5819353000 ---p 00000000 00:00 0 
7f5819353000-7f5819451000 rw-p 00000000 00:00 0                          [stack:9368]
7f5819451000-7f5819462000 r-xp 00000000 08:06 3023418                    /usr/lib/jvm/java-8-oracle/jre/lib/amd64/libnio.so
7f5819462000-7f5819661000 ---p 00011000 08:06 3023418                    /usr/lib/jvm/java-8-oracle/jre/lib/amd64/libnio.so
7f5819661000-7f5819662000 rw-p 00010000 08:06 3023418                    /usr/lib/jvm/java-8-oracle/jre/lib/amd64/libnio.so
7f5819662000-7f5819678000 r-xp 00000000 08:06 3023406                    /usr/lib/jvm/java-8-oracle/jre/lib/amd64/libnet.so
7f5819678000-7f5819878000 ---p 00016000 08:06 3023406                    /usr/lib/jvm/java-8-oracle/jre/lib/amd64/libnet.so
7f5819878000-7f5819879000 rw-p 00016000 08:06 3023406                    /usr/lib/jvm/java-8-oracle/jre/lib/amd64/libnet.so
7f5819879000-7f581988f000 r-xp 00000000 08:06 1576937                    /lib/x86_64-linux-gnu/libgcc_s.so.1
7f581988f000-7f5819a8e000 ---p 00016000 08:06 1576937                    /lib/x86_64-linux-gnu/libgcc_s.so.1
7f5819a8e000-7f5819a8f000 rw-p 00015000 08:06 1576937                    /lib/x86_64-linux-gnu/libgcc_s.so.1
7f5819a8f000-7f5819b75000 r-xp 00000000 08:06 402974                     /usr/lib/x86_64-linux-gnu/libstdc++.so.6.0.19
7f5819b75000-7f5819d74000 ---p 000e6000 08:06 402974                     /usr/lib/x86_64-linux-gnu/libstdc++.so.6.0.19
7f5819d74000-7f5819d7c000 r--p 000e5000 08:06 402974                     /usr/lib/x86_64-linux-gnu/libstdc++.so.6.0.19
7f5819d7c000-7f5819d7e000 rw-p 000ed000 08:06 402974                     /usr/lib/x86_64-linux-gnu/libstdc++.so.6.0.19
7f5819d7e000-7f5819d93000 rw-p 00000000 00:00 0 
7f5819d93000-7f5819d94000 r--s 00002000 08:06 3410998                    /home/d1w/android-studio/gradle/m2repository/net/sf/proguard/proguard-gradle/5.1/proguard-gradle-5.1.jar
7f5819d94000-7f5819d98000 r--s 00031000 08:06 3410965                    /home/d1w/android-studio/gradle/m2repository/com/android/tools/build/builder/1.0.0/builder-1.0.0.jar
7f5819d98000-7f5819d9a000 r--s 00018000 08:06 3410914                    /home/d1w/android-studio/gradle/m2repository/com/android/tools/lint/lint/24.0.0/lint-24.0.0.jar
7f5819d9a000-7f5819daa000 r--s 00138000 08:06 3410980                    /home/d1w/android-studio/gradle/m2repository/com/android/tools/build/gradle/1.0.0/gradle-1.0.0.jar
7f5819daa000-7f5819dab000 r--p 00000000 00:00 0 
7f5819dab000-7f5819daf000 r-xp 00000000 08:06 262177                     /tmp/native-platform4628460613283627086dir/libnative-platform.so
7f5819daf000-7f5819fae000 ---p 00004000 08:06 262177                     /tmp/native-platform4628460613283627086dir/libnative-platform.so
7f5819fae000-7f5819faf000 rw-p 00003000 08:06 262177                     /tmp/native-platform4628460613283627086dir/libnative-platform.so
7f5819faf000-7f5819fb3000 r--s 00093000 08:06 3023470                    /usr/lib/jvm/java-8-oracle/jre/lib/jsse.jar
7f5819fb3000-7f5819fb4000 r--s 00001000 08:06 2757340                    /home/d1w/android-studio/gradle/gradle-2.2.1/lib/plugins/gradle-plugin-development-2.2.1.jar
7f5819fb4000-7f5819fb6000 r--s 00002000 08:06 2757261                    /home/d1w/android-studio/gradle/gradle-2.2.1/lib/plugins/gradle-cunit-2.2.1.jar
7f5819fb6000-7f5819fbb000 r--s 00036000 08:06 2757329                    /home/d1w/android-studio/gradle/gradle-2.2.1/lib/plugins/gradle-ide-native-2.2.1.jar
7f5819fbb000-7f5819fc0000 r--s 00013000 08:06 2757299                    /home/d1w/android-studio/gradle/gradle-2.2.1/lib/plugins/gradle-language-native-2.2.1.jar
7f5819fc0000-7f5819fcb000 r--s 0004d000 08:06 2757312                    /home/d1w/android-studio/gradle/gradle-2.2.1/lib/plugins/gradle-platform-native-2.2.1.jar
7f5819fcb000-7f5819fcd000 r--s 00008000 08:06 2757283                    /home/d1w/android-studio/gradle/gradle-2.2.1/lib/plugins/gradle-language-groovy-2.2.1.jar
7f5819fcd000-7f5819fd2000 r--s 00022000 08:06 2757348                    /home/d1w/android-studio/gradle/gradle-2.2.1/lib/plugins/gradle-language-java-2.2.1.jar
7f5819fd2000-7f5819fd5000 r--s 00007000 08:06 2757317                    /home/d1w/android-studio/gradle/gradle-2.2.1/lib/plugins/gradle-language-jvm-2.2.1.jar
7f5819fd5000-7f5819fd8000 r--s 00009000 08:06 2757286                    /home/d1w/android-studio/gradle/gradle-2.2.1/lib/plugins/gradle-platform-jvm-2.2.1.jar
7f5819fd8000-7f5819fdd000 r--s 00018000 08:06 2757264                    /home/d1w/android-studio/gradle/gradle-2.2.1/lib/plugins/gradle-platform-base-2.2.1.jar
7f5819fdd000-7f5819fe2000 r--s 00026000 08:06 2757350                    /home/d1w/android-studio/gradle/gradle-2.2.1/lib/plugins/gradle-build-init-2.2.1.jar
7f5819fe2000-7f5819fe5000 r--s 0001d000 08:06 2757330                    /home/d1w/android-studio/gradle/gradle-2.2.1/lib/plugins/gradle-jacoco-2.2.1.jar
7f5819fe5000-7f5819fe8000 r--s 0000d000 08:06 2757322                    /home/d1w/android-studio/gradle/gradle-2.2.1/lib/plugins/gradle-ivy-2.2.1.jar
7f5819fe8000-7f5819fea000 r--s 00002000 08:06 2757324                    /home/d1w/android-studio/gradle/gradle-2.2.1/lib/plugins/gradle-publish-2.2.1.jar
7f5819fea000-7f5819fec000 r--s 00005000 08:06 2757291                    /home/d1w/android-studio/gradle/gradle-2.2.1/lib/plugins/jatl-0.2.2.jar
7f5819fec000-7f5819fee000 r--s 0000f000 08:06 2757319                    /home/d1w/android-studio/gradle/gradle-2.2.1/lib/plugins/gradle-reporting-2.2.1.jar
7f5819fee000-7f5819ff3000 r--s 00034000 08:06 2757326                    /home/d1w/android-studio/gradle/gradle-2.2.1/lib/plugins/gradle-diagnostics-2.2.1.jar
7f5819ff3000-7f5819ffa000 r--s 00090000 08:06 2757268                    /home/d1w/android-studio/gradle/gradle-2.2.1/lib/plugins/gradle-build-comparison-2.2.1.jar
7f5819ffa000-7f581a001000 r--s 00035000 08:06 2757307                    /home/d1w/android-studio/gradle/gradle-2.2.1/lib/plugins/simple-4.1.21.jar
7f581a001000-7f581a00d000 r--s 00100000 08:06 2757338                    /home/d1w/android-studio/gradle/gradle-2.2.1/lib/plugins/rhino-1.7R3.jar
7f581a00d000-7f581a012000 r--s 0001f000 08:06 2757325                    /home/d1w/android-studio/gradle/gradle-2.2.1/lib/plugins/gradle-javascript-2.2.1.jar
7f581a012000-7f581a014000 r--s 0000e000 08:06 2757323                    /home/d1w/android-studio/gradle/gradle-2.2.1/lib/plugins/gradle-ear-2.2.1.jar
7f581a014000-7f581a018000 r--s 00025000 08:06 2757260                    /home/d1w/android-studio/gradle/gradle-2.2.1/lib/plugins/bcpg-jdk15-1.46.jar
7f581a018000-7f581a01b000 r--s 0001d000 08:06 2757271                    /home/d1w/android-studio/gradle/gradle-2.2.1/lib/plugins/gradle-signing-2.2.1.jar
7f581a01b000-7f581a01c000 r--s 00002000 08:06 2757253                    /home/d1w/android-studio/gradle/gradle-2.2.1/lib/plugins/sonar-batch-bootstrapper-2.9.jar
7f581a01c000-7f581a01f000 r--s 00018000 08:06 2757297                    /home/d1w/android-studio/gradle/gradle-2.2.1/lib/plugins/gradle-sonar-2.2.1.jar
7f581a01f000-7f581a022000 r--s 00017000 08:06 2757282                    /home/d1w/android-studio/gradle/gradle-2.2.1/lib/plugins/gradle-scala-2.2.1.jar
7f581a022000-7f581a024000 r--s 0000e000 08:06 2757288                    /home/d1w/android-studio/gradle/gradle-2.2.1/lib/plugins/gradle-announce-2.2.1.jar
7f581a024000-7f581a032000 r--s 000bc000 08:06 2757265                    /home/d1w/android-studio/gradle/gradle-2.2.1/lib/plugins/gradle-ide-2.2.1.jar
7f581a032000-7f581a034000 r--s 00000000 08:06 2757331                    /home/d1w/android-studio/gradle/gradle-2.2.1/lib/plugins/plexus-component-annotations-1.5.2.jar
7f581a034000-7f581a037000 r--s 0000c000 08:06 2757287                    /home/d1w/android-studio/gradle/gradle-2.2.1/lib/plugins/pmaven-groovy-0.8-20100325.jar
7f581a037000-7f581a038000 r--s 00004000 08:06 2757308                    /home/d1w/android-studio/gradle/gradle-2.2.1/lib/plugins/pmaven-common-0.8-20100325.jar
7f581a038000-7f581a03c000 r--s 0001e000 08:06 2757305                    /home/d1w/android-studio/gradle/gradle-2.2.1/lib/plugins/gradle-maven-2.2.1.jar
7f581a03c000-7f581a054000 r--s 0013b000 08:06 2757342                    /home/d1w/android-studio/gradle/gradle-2.2.1/lib/plugins/bndlib-2.1.0.jar
7f581a054000-7f581a056000 r--s 00004000 08:06 2757275                    /home/d1w/android-studio/gradle/gradle-2.2.1/lib/plugins/gradle-osgi-2.2.1.jar
7f581a056000-7f581a05b000 r--s 00068000 08:06 2757306                    /home/d1w/android-studio/gradle/gradle-2.2.1/lib/plugins/antlr-2.7.7.jar
7f581a05b000-7f581a05c000 r--s 00002000 08:06 2757337                    /home/d1w/android-studio/gradle/gradle-2.2.1/lib/plugins/ant-antlr-1.9.3.jar
7f581a05c000-7f581a05e000 r--s 00004000 08:06 2757328                    /home/d1w/android-studio/gradle/gradle-2.2.1/lib/plugins/gradle-antlr-2.2.1.jar
7f581a05e000-7f581a061000 r--s 0001e000 08:06 2757301                    /home/d1w/android-studio/gradle/gradle-2.2.1/lib/plugins/jsp-api-2.1-6.1.14.jar
7f581a061000-7f581a084000 r--s 00344000 08:06 2757332                    /home/d1w/android-studio/gradle/gradle-2.2.1/lib/plugins/core-3.1.1.jar
7f581a084000-7f581a085000 r--s 00006000 08:06 2757351                    /home/d1w/android-studio/gradle/gradle-2.2.1/lib/plugins/jetty-naming-6.1.25.jar
7f581a085000-7f581a086000 r--s 00002000 08:06 2757280                    /home/d1w/android-studio/gradle/gradle-2.2.1/lib/plugins/geronimo-annotation_1.0_spec-1.0.jar
7f581a086000-7f581a088000 r--s 00002000 08:06 2757293                    /home/d1w/android-studio/gradle/gradle-2.2.1/lib/plugins/jetty-annotations-6.1.25.jar
7f581a088000-7f581a099000 r--s 000ea000 08:06 2757313                    /home/d1w/android-studio/gradle/gradle-2.2.1/lib/plugins/jsp-2.1-6.1.14.jar
7f581a099000-7f581a09b000 r--s 0000d000 08:06 2757263                    /home/d1w/android-studio/gradle/gradle-2.2.1/lib/plugins/jetty-plus-6.1.25.jar
7f581a09b000-7f581a09d000 r--s 0001f000 08:06 2757285                    /home/d1w/android-studio/gradle/gradle-2.2.1/lib/plugins/servlet-api-2.5-20081211.jar
7f581a09d000-7f581a0a1000 r--s 00028000 08:06 2757254                    /home/d1w/android-studio/gradle/gradle-2.2.1/lib/plugins/jetty-util-6.1.25.jar
7f581a0a1000-7f581a0a8000 r--s 0007d000 08:06 2757315                    /home/d1w/android-studio/gradle/gradle-2.2.1/lib/plugins/jetty-6.1.25.jar
7f581a0a8000-7f581a0aa000 r--s 00009000 08:06 2757274                    /home/d1w/android-studio/gradle/gradle-2.2.1/lib/plugins/gradle-jetty-2.2.1.jar
7f581a0aa000-7f581a0af000 r--s 00041000 08:06 2757277                    /home/d1w/android-studio/gradle/gradle-2.2.1/lib/plugins/gradle-code-quality-2.2.1.jar
7f581a0af000-7f581a0b1000 r--s 00009000 08:06 2757281                    /home/d1w/android-studio/gradle/gradle-2.2.1/lib/plugins/hamcrest-core-1.3.jar
7f581a0b1000-7f581a0b7000 r--s 00033000 08:06 2757318                    /home/d1w/android-studio/gradle/gradle-2.2.1/lib/plugins/snakeyaml-1.6.jar
7f581a0b7000-7f581a0b9000 r--s 00006000 08:06 2757266                    /home/d1w/android-studio/gradle/gradle-2.2.1/lib/plugins/jcommander-1.12.jar
7f581a0b9000-7f581a0be000 r--s 00040000 08:06 2757327                    /home/d1w/android-studio/gradle/gradle-2.2.1/lib/plugins/bsh-2.0b4.jar
7f581a0be000-7f581a0c0000 r--s 00009000 08:06 2757258                    /home/d1w/android-studio/gradle/gradle-2.2.1/lib/plugins/commons-cli-1.2.jar
7f581a0c0000-7f581a0c9000 r--s 00089000 08:06 2757278                    /home/d1w/android-studio/gradle/gradle-2.2.1/lib/plugins/testng-6.3.1.jar
7f581a0c9000-7f581a0cf000 r--s 00036000 08:06 2757302                    /home/d1w/android-studio/gradle/gradle-2.2.1/lib/plugins/junit-4.11.jar
7f581a0cf000-7f581a0db000 r--s 00075000 08:06 2757272                    /home/d1w/android-studio/gradle/gradle-2.2.1/lib/plugins/gradle-plugins-2.2.1.jar
7f581a0db000-7f581a0de000 r--s 00011000 08:06 2757255                    /home/d1w/android-studio/gradle/gradle-2.2.1/lib/plugins/gradle-plugin-use-2.2.1.jar
7f581a0de000-7f581a0f6000 r--s 00115000 08:06 2757310                    /home/d1w/android-studio/gradle/gradle-2.2.1/lib/plugins/xercesImpl-2.9.1.jar
7f581a0f6000-7f581a0fe000 r--s 00028000 08:06 2757294                    /home/d1w/android-studio/gradle/gradle-2.2.1/lib/plugins/xml-apis-1.3.04.jar
7f581a0fe000-7f581a104000 r--s 0005b000 08:06 2757257                    /home/d1w/android-studio/gradle/gradle-2.2.1/lib/plugins/jcifs-1.3.17.jar
7f581a104000-7f581a10a000 r--s 00031000 08:06 2757267                    /home/d1w/android-studio/gradle/gradle-2.2.1/lib/plugins/httpcore-4.2.2.jar
7f581a10a000-7f581a110000 r--s 00033000 08:06 2757256                    /home/d1w/android-studio/gradle/gradle-2.2.1/lib/plugins/commons-codec-1.6.jar
7f581a110000-7f581a113000 r--s 0001c000 08:06 2757346                    /home/d1w/android-studio/gradle/gradle-2.2.1/lib/plugins/nekohtml-1.9.14.jar
7f581a113000-7f581a11c000 r--s 00060000 08:06 2757279                    /home/d1w/android-studio/gradle/gradle-2.2.1/lib/plugins/httpclient-4.2.2.jar
7f581a11c000-7f581a11e000 r--s 00007000 08:06 2757336                    /home/d1w/android-studio/gradle/gradle-2.2.1/lib/plugins/gradle-resources-http-2.2.1.jar
7f581a11e000-7f581a146000 r--s 00194000 08:06 2757292                    /home/d1w/android-studio/gradle/gradle-2.2.1/lib/plugins/bcprov-jdk15-1.46.jar
7f581a146000-7f581a14a000 r--s 0001d000 08:06 2757333                    /home/d1w/android-studio/gradle/gradle-2.2.1/lib/plugins/xbean-reflect-3.4.jar
7f581a14a000-7f581a14f000 r--s 0002a000 08:06 2757343                    /home/d1w/android-studio/gradle/gradle-2.2.1/lib/plugins/gson-2.2.4.jar
7f581a14f000-7f581a153000 r--s 0003d000 08:06 2757298                    /home/d1w/android-studio/gradle/gradle-2.2.1/lib/plugins/jsch-0.1.51.jar
7f581a153000-7f581a16c000 r--s 00129000 08:06 2757339                    /home/d1w/android-studio/gradle/gradle-2.2.1/lib/plugins/maven-ant-tasks-2.1.3.jar
7f581a16c000-7f581a17b000 r--s 000d9000 08:06 2757321                    /home/d1w/android-studio/gradle/gradle-2.2.1/lib/plugins/ivy-2.2.0.jar
7f581a17b000-7f581a17f000 r--s 0001e000 08:06 2757295                    /home/d1w/android-studio/gradle/gradle-2.2.1/lib/plugins/jarjar-aether-impl-1.13.1.jar
7f581a17f000-7f581a182000 r--s 00027000 08:06 2757300                    /home/d1w/android-studio/gradle/gradle-2.2.1/lib/plugins/jarjar-maven-model-3.0.4.jar
7f581a182000-7f581a185000 r--s 0000b000 08:06 2757290                    /home/d1w/android-studio/gradle/gradle-2.2.1/lib/plugins/jarjar-maven-artifact-3.0.4.jar
7f581a185000-7f581a189000 r--s 0001e000 08:06 2757270                    /home/d1w/android-studio/gradle/gradle-2.2.1/lib/plugins/jarjar-aether-util-1.13.1.jar
7f581a189000-7f581a18b000 r--s 00007000 08:06 2757344                    /home/d1w/android-studio/gradle/gradle-2.2.1/lib/plugins/jarjar-wagon-http-shared4-2.4.jar
7f581a18b000-7f581a198000 r--s 00083000 08:06 2757269                    /home/d1w/android-studio/gradle/gradle-2.2.1/lib/plugins/jarjar-maven-core-3.0.4.jar
7f581a198000-7f581a19a000 r--s 00003000 08:06 2757320                    /home/d1w/android-studio/gradle/gradle-2.2.1/lib/plugins/jarjar-aether-spi-1.13.1.jar
7f581a19a000-7f581a19c000 r--s 00009000 08:06 2757309                    /home/d1w/android-studio/gradle/gradle-2.2.1/lib/plugins/jarjar-maven-settings-builder-3.0.4.jar
7f581a19c000-7f581a1a0000 r--s 00014000 08:06 2757284                    /home/d1w/android-studio/gradle/gradle-2.2.1/lib/plugins/jarjar-aether-api-1.13.1.jar
7f581a1a0000-7f581a1a1000 r--s 00002000 08:06 2757334                    /home/d1w/android-studio/gradle/gradle-2.2.1/lib/plugins/jarjar-wagon-http-2.4.jar
7f581a1a1000-7f581a1a8000 r--s 00042000 08:06 2757273                    /home/d1w/android-studio/gradle/gradle-2.2.1/lib/plugins/jarjar-maven-compat-3.0.4.jar
7f581a1a8000-7f581a1aa000 r--s 00006000 08:06 2757289                    /home/d1w/android-studio/gradle/gradle-2.2.1/lib/plugins/jarjar-aether-connector-wagon-1.13.1.jar
7f581a1aa000-7f581a1ac000 r--s 00000000 08:06 2757276                    /home/d1w/android-studio/gradle/gradle-2.2.1/lib/plugins/jarjar-plexus-component-annotations-1.5.5.jar
7f581a1ac000-7f581a1ae000 r--s 00006000 08:06 2757262                    /home/d1w/android-studio/gradle/gradle-2.2.1/lib/plugins/jarjar-plexus-sec-dispatcher-1.3.jar
7f581a1ae000-7f581a1b3000 r--s 00022000 08:06 2757335                    /home/d1w/android-studio/gradle/gradle-2.2.1/lib/plugins/jarjar-maven-model-builder-3.0.4.jar
7f581a1b3000-7f581a1b5000 r--s 0000b000 08:06 2757304                    /home/d1w/android-studio/gradle/gradle-2.2.1/lib/plugins/jarjar-maven-plugin-api-3.0.4.jar
7f581a1b5000-7f581a1b8000 r--s 0000a000 08:06 2757259                    /home/d1w/android-studio/gradle/gradle-2.2.1/lib/plugins/jarjar-plexus-classworlds-2.4.jar
7f581a1b8000-7f581a1bc000 r--s 00035000 08:06 2757345                    /home/d1w/android-studio/gradle/gradle-2.2.1/lib/plugins/jarjar-plexus-utils-2.0.6.jar
7f581a1bc000-7f581a1be000 r--s 0000e000 08:06 2757347                    /home/d1w/android-studio/gradle/gradle-2.2.1/lib/plugins/jarjar-plexus-interpolation-1.14.jar
7f581a1be000-7f581a1c0000 r--s 00002000 08:06 2757296                    /home/d1w/android-studio/gradle/gradle-2.2.1/lib/plugins/jarjar-plexus-cipher-1.7.jar
7f581a1c0000-7f581a1c2000 r--s 0000c000 08:06 2757341                    /home/d1w/android-studio/gradle/gradle-2.2.1/lib/plugins/jarjar-wagon-provider-api-2.4.jar
7f581a1c2000-7f581a1c4000 r--s 0000d000 08:06 2757349                    /home/d1w/android-studio/gradle/gradle-2.2.1/lib/plugins/jarjar-maven-aether-provider-3.0.4.jar
7f581a1c4000-7f581a1cc000 r--s 00031000 08:06 2757316                    /home/d1w/android-studio/gradle/gradle-2.2.1/lib/plugins/jarjar-plexus-container-default-1.5.5.jar
7f581a1cc000-7f581a1cd000 r--s 00007000 08:06 2757303                    /home/d1w/android-studio/gradle/gradle-2.2.1/lib/plugins/jarjar-maven-repository-metadata-3.0.4.jar
7f581a1cd000-7f581a1ce000 r--s 0000b000 08:06 2757314                    /home/d1w/android-studio/gradle/gradle-2.2.1/lib/plugins/jarjar-maven-settings-3.0.4.jar
7f581a1ce000-7f581a1e6000 r--s 000b5000 08:06 2757311                    /home/d1w/android-studio/gradle/gradle-2.2.1/lib/plugins/gradle-dependency-management-2.2.1.jar
7f581a1e6000-7f581a1ed000 r--s 00000000 08:06 671846                     /usr/lib/x86_64-linux-gnu/gconv/gconv-modules.cache
7f581a1ed000-7f581a21c000 r--p 00000000 08:06 925565                     /usr/share/locale-langpack/ru/LC_MESSAGES/libc.mo
7f581a21c000-7f581a21d000 r--s 00005000 08:06 2757203                    /home/d1w/android-studio/gradle/gradle-2.2.1/lib/gradle-wrapper-2.2.1.jar
7f581a21d000-7f581a226000 r--s 0002c000 08:06 2757208                    /home/d1w/android-studio/gradle/gradle-2.2.1/lib/gradle-tooling-api-2.2.1.jar
7f581a226000-7f581a228000 r--s 00002000 08:06 2757245                    /home/d1w/android-studio/gradle/gradle-2.2.1/lib/gradle-open-api-2.2.1.jar
7f581a228000-7f581a22e000 r--s 00032000 08:06 2757211                    /home/d1w/android-studio/gradle/gradle-2.2.1/lib/jaxen-1.1.jar
7f581a22e000-7f581a233000 r--s 00048000 08:06 2756674                    /home/d1w/android-studio/gradle/gradle-2.2.1/lib/dom4j-1.6.1.jar
7f581a233000-7f581a23e000 r--s 00059000 08:06 2757248                    /home/d1w/android-studio/gradle/gradle-2.2.1/lib/gradle-ui-2.2.1.jar
7f581a23e000-7f581a240000 r--s 00006000 08:06 2756679                    /home/d1w/android-studio/gradle/gradle-2.2.1/lib/gradle-resources-2.2.1.jar
7f581a240000-7f581a242000 r--s 00007000 08:06 2757213                    /home/d1w/android-studio/gradle/gradle-2.2.1/lib/objenesis-1.2.jar
7f581a242000-7f581a244000 r--s 00000000 08:06 2757214                    /home/d1w/android-studio/gradle/gradle-2.2.1/lib/minlog-1.2.jar
7f581a244000-7f581a246000 r--s 0000f000 08:06 2757246                    /home/d1w/android-studio/gradle/gradle-2.2.1/lib/reflectasm-1.07-shaded.jar
7f581a246000-7f581a24a000 r--s 00026000 08:06 2757352                    /home/d1w/android-studio/gradle/gradle-2.2.1/lib/kryo-2.20.jar
7f581a24a000-7f581a253000 r--s 00039000 08:06 2757210                    /home/d1w/android-studio/gradle/gradle-2.2.1/lib/gradle-messaging-2.2.1.jar
7f581a253000-7f581a254000 r--s 00003000 08:06 2757250                    /home/d1w/android-studio/gradle/gradle-2.2.1/lib/native-platform-freebsd-amd64-0.10.jar
7f581a254000-7f581a255000 r--s 00003000 08:06 2757205                    /home/d1w/android-studio/gradle/gradle-2.2.1/lib/native-platform-freebsd-i386-0.10.jar
7f581a255000-7f581a256000 r--s 00005000 08:06 2757209                    /home/d1w/android-studio/gradle/gradle-2.2.1/lib/native-platform-windows-i386-0.10.jar
7f581a256000-7f581a257000 r--s 00005000 08:06 2756670                    /home/d1w/android-studio/gradle/gradle-2.2.1/lib/native-platform-windows-amd64-0.10.jar
7f581a257000-7f581a258000 r--s 00003000 08:06 2756673                    /home/d1w/android-studio/gradle/gradle-2.2.1/lib/native-platform-linux-i386-0.10.jar
7f581a258000-7f581a259000 r--s 00003000 08:06 2756686                    /home/d1w/android-studio/gradle/gradle-2.2.1/lib/native-platform-linux-amd64-0.10.jar
7f581a259000-7f581a25a000 r--s 00002000 08:06 2757353                    /home/d1w/android-studio/gradle/gradle-2.2.1/lib/native-platform-osx-amd64-0.10.jar
7f581a25a000-7f581a25b000 r--s 00002000 08:06 2757201                    /home/d1w/android-studio/gradle/gradle-2.2.1/lib/native-platform-osx-i386-0.10.jar
7f581a25b000-7f581a25d000 r--s 00008000 08:06 2757200                    /home/d1w/android-studio/gradle/gradle-2.2.1/lib/jansi-1.2.1.jar
7f581a25d000-7f581a260000 r--s 0000d000 08:06 2757215                    /home/d1w/android-studio/gradle/gradle-2.2.1/lib/native-platform-0.10.jar
7f581a260000-7f581a264000 r--s 000e4000 08:06 2756672                    /home/d1w/android-studio/gradle/gradle-2.2.1/lib/jna-3.2.7.jar
7f581a264000-7f581a266000 r--s 00008000 08:06 2757199                    /home/d1w/android-studio/gradle/gradle-2.2.1/lib/gradle-native-2.2.1.jar
7f581a266000-7f581a268000 r--s 00005000 08:06 2757249                    /home/d1w/android-studio/gradle/gradle-2.2.1/lib/gradle-cli-2.2.1.jar
7f581a268000-7f581a26a000 r--s 00003000 08:06 2756684                    /home/d1w/android-studio/gradle/gradle-2.2.1/lib/gradle-base-services-groovy-2.2.1.jar
7f581a26a000-7f581a26c000 r--s 0000a000 08:06 2757195                    /home/d1w/android-studio/gradle/gradle-2.2.1/lib/gradle-model-groovy-2.2.1.jar
7f581a26c000-7f581a270000 r--s 0001b000 08:06 2757190                    /home/d1w/android-studio/gradle/gradle-2.2.1/lib/gradle-model-core-2.2.1.jar
7f581a270000-7f581a271000 r--s 00000000 08:06 2757204                    /home/d1w/android-studio/gradle/gradle-2.2.1/lib/gradle-docs-2.2.1.jar
7f581a271000-7f581a273000 r--s 00003000 08:06 2756685                    /home/d1w/android-studio/gradle/gradle-2.2.1/lib/jcl-over-slf4j-1.7.7.jar
7f581a273000-7f581a276000 r--s 0001b000 08:06 2757188                    /home/d1w/android-studio/gradle/gradle-2.2.1/lib/jarjar-1.3.jar
7f581a276000-7f581a27c000 r--s 0003b000 08:06 2756677                    /home/d1w/android-studio/gradle/gradle-2.2.1/lib/logback-classic-1.0.13.jar
7f581a27c000-7f581a2e7000 r--s 00685000 08:06 2756671                    /home/d1w/android-studio/gradle/gradle-2.2.1/lib/groovy-all-2.3.6.jar
7f581a2e7000-7f581a2e8000 ---p 00000000 00:00 0 
7f581a2e8000-7f581a3e8000 rw-p 00000000 00:00 0                          [stack:9366]
7f581a3e8000-7f581a3eb000 ---p 00000000 00:00 0 
7f581a3eb000-7f581a4e9000 rw-p 00000000 00:00 0                          [stack:9365]
7f581a4e9000-7f581a4ec000 ---p 00000000 00:00 0 
7f581a4ec000-7f581a5ea000 rw-p 00000000 00:00 0                          [stack:9364]
7f581a5ea000-7f581a5ed000 ---p 00000000 00:00 0 
7f581a5ed000-7f581a6eb000 rw-p 00000000 00:00 0                          [stack:9363]
7f581a6eb000-7f581a6ee000 ---p 00000000 00:00 0 
7f581a6ee000-7f581a7ec000 rw-p 00000000 00:00 0                          [stack:9362]
7f581a7ec000-7f581b000000 r--p 00000000 08:06 400966                     /usr/lib/locale/locale-archive
7f581b000000-7f581d000000 rw-p 00000000 00:00 0 
7f581d000000-7f581ff20000 rwxp 00000000 00:00 0 
7f581ff20000-7f582c000000 ---p 00000000 00:00 0 
7f582c000000-7f582ca57000 rw-p 00000000 00:00 0 
7f582ca57000-7f5830000000 ---p 00000000 00:00 0 
7f5830000000-7f5830001000 r--s 00005000 08:06 2757216                    /home/d1w/android-studio/gradle/gradle-2.2.1/lib/log4j-over-slf4j-1.7.7.jar
7f5830001000-7f5830002000 r--s 00000000 08:06 2757207                    /home/d1w/android-studio/gradle/gradle-2.2.1/lib/javax.inject-1.jar
7f5830002000-7f5830004000 r--s 00000000 08:06 2757212                    /home/d1w/android-studio/gradle/gradle-2.2.1/lib/jul-to-slf4j-1.7.7.jar
7f5830004000-7f583000e000 r--s 0005d000 08:06 2757194                    /home/d1w/android-studio/gradle/gradle-2.2.1/lib/logback-core-1.0.13.jar
7f583000e000-7f5830013000 r--s 00041000 08:06 2756676                    /home/d1w/android-studio/gradle/gradle-2.2.1/lib/commons-lang-2.6.jar
7f5830013000-7f5830021000 r--s 0007f000 08:06 2757244                    /home/d1w/android-studio/gradle/gradle-2.2.1/lib/commons-collections-3.2.1.jar
7f5830021000-7f5830026000 r--s 00036000 08:06 2757206                    /home/d1w/android-studio/gradle/gradle-2.2.1/lib/asm-all-5.0.3.jar
7f5830026000-7f583004e000 r--s 001cf000 08:06 2757197                    /home/d1w/android-studio/gradle/gradle-2.2.1/lib/guava-jdk5-17.0.jar
7f583004e000-7f583006d000 r--s 001cc000 08:06 2756682                    /home/d1w/android-studio/gradle/gradle-2.2.1/lib/ant-1.9.3.jar
7f583006d000-7f5830077000 r--s 00116000 08:06 3410267                    /usr/lib/jvm/java-8-oracle/jre/lib/ext/localedata.jar
7f5830077000-7f5830093000 r--s 00393000 08:06 3410265                    /usr/lib/jvm/java-8-oracle/jre/lib/ext/cldrdata.jar
7f5830093000-7f58300c4000 r--s 00191000 08:06 2757191                    /home/d1w/android-studio/gradle/gradle-2.2.1/lib/gradle-core-2.2.1.jar
7f58300c4000-7f58300c7000 ---p 00000000 00:00 0 
7f58300c7000-7f58301c5000 rw-p 00000000 00:00 0                          [stack:9357]
7f58301c5000-7f58301c8000 ---p 00000000 00:00 0 
7f58301c8000-7f58302c6000 rw-p 00000000 00:00 0                          [stack:9356]
7f58302c6000-7f58302c7000 ---p 00000000 00:00 0 
7f58302c7000-7f5830d40000 rw-p 00000000 00:00 0                          [stack:9355]
7f5830d40000-7f5830f16000 r--s 03caa000 08:06 3023454                    /usr/lib/jvm/java-8-oracle/jre/lib/rt.jar
7f5830f16000-7f583198c000 rw-p 00000000 00:00 0 
7f583198c000-7f583198d000 ---p 00000000 00:00 0 
7f583198d000-7f5831a8d000 rw-p 00000000 00:00 0                          [stack:9354]
7f5831a8d000-7f5831a8e000 ---p 00000000 00:00 0 
7f5831a8e000-7f5831c50000 rw-p 00000000 00:00 0                          [stack:9353]
7f5831c50000-7f5831ce4000 ---p 00000000 00:00 0 
7f5831ce4000-7f5831da6000 rw-p 00000000 00:00 0 
7f5831da6000-7f5831e39000 ---p 00000000 00:00 0 
7f5831e39000-7f5831ee2000 rw-p 00000000 00:00 0 
7f5831ee2000-7f5831ee4000 ---p 00000000 00:00 0 
7f5831ee4000-7f5831fa2000 rw-p 00000000 00:00 0 
7f5831fa2000-7f58322a5000 ---p 00000000 00:00 0 
7f58322a5000-7f58322bf000 r-xp 00000000 08:06 3023373                    /usr/lib/jvm/java-8-oracle/jre/lib/amd64/libzip.so
7f58322bf000-7f58324bf000 ---p 0001a000 08:06 3023373                    /usr/lib/jvm/java-8-oracle/jre/lib/amd64/libzip.so
7f58324bf000-7f58324c0000 rw-p 0001a000 08:06 3023373                    /usr/lib/jvm/java-8-oracle/jre/lib/amd64/libzip.so
7f58324c0000-7f58324cb000 r-xp 00000000 08:06 1594619                    /lib/x86_64-linux-gnu/libnss_files-2.19.so
7f58324cb000-7f58326ca000 ---p 0000b000 08:06 1594619                    /lib/x86_64-linux-gnu/libnss_files-2.19.so
7f58326ca000-7f58326cb000 r--p 0000a000 08:06 1594619                    /lib/x86_64-linux-gnu/libnss_files-2.19.so
7f58326cb000-7f58326cc000 rw-p 0000b000 08:06 1594619                    /lib/x86_64-linux-gnu/libnss_files-2.19.so
7f58326cc000-7f58326d7000 r-xp 00000000 08:06 1594616                    /lib/x86_64-linux-gnu/libnss_nis-2.19.so
7f58326d7000-7f58328d6000 ---p 0000b000 08:06 1594616                    /lib/x86_64-linux-gnu/libnss_nis-2.19.so
7f58328d6000-7f58328d7000 r--p 0000a000 08:06 1594616                    /lib/x86_64-linux-gnu/libnss_nis-2.19.so
7f58328d7000-7f58328d8000 rw-p 0000b000 08:06 1594616                    /lib/x86_64-linux-gnu/libnss_nis-2.19.so
7f58328d8000-7f58328ef000 r-xp 00000000 08:06 1594610                    /lib/x86_64-linux-gnu/libnsl-2.19.so
7f58328ef000-7f5832aee000 ---p 00017000 08:06 1594610                    /lib/x86_64-linux-gnu/libnsl-2.19.so
7f5832aee000-7f5832aef000 r--p 00016000 08:06 1594610                    /lib/x86_64-linux-gnu/libnsl-2.19.so
7f5832aef000-7f5832af0000 rw-p 00017000 08:06 1594610                    /lib/x86_64-linux-gnu/libnsl-2.19.so
7f5832af0000-7f5832af2000 rw-p 00000000 00:00 0 
7f5832af2000-7f5832afb000 r-xp 00000000 08:06 1594607                    /lib/x86_64-linux-gnu/libnss_compat-2.19.so
7f5832afb000-7f5832cfa000 ---p 00009000 08:06 1594607                    /lib/x86_64-linux-gnu/libnss_compat-2.19.so
7f5832cfa000-7f5832cfb000 r--p 00008000 08:06 1594607                    /lib/x86_64-linux-gnu/libnss_compat-2.19.so
7f5832cfb000-7f5832cfc000 rw-p 00009000 08:06 1594607                    /lib/x86_64-linux-gnu/libnss_compat-2.19.so
7f5832cfc000-7f5832d26000 r-xp 00000000 08:06 3023378                    /usr/lib/jvm/java-8-oracle/jre/lib/amd64/libjava.so
7f5832d26000-7f5832f26000 ---p 0002a000 08:06 3023378                    /usr/lib/jvm/java-8-oracle/jre/lib/amd64/libjava.so
7f5832f26000-7f5832f28000 rw-p 0002a000 08:06 3023378                    /usr/lib/jvm/java-8-oracle/jre/lib/amd64/libjava.so
7f5832f28000-7f5832f35000 r-xp 00000000 08:06 3023395                    /usr/lib/jvm/java-8-oracle/jre/lib/amd64/libverify.so
7f5832f35000-7f5833135000 ---p 0000d000 08:06 3023395                    /usr/lib/jvm/java-8-oracle/jre/lib/amd64/libverify.so
7f5833135000-7f5833137000 rw-p 0000d000 08:06 3023395                    /usr/lib/jvm/java-8-oracle/jre/lib/amd64/libverify.so
7f5833137000-7f583313e000 r-xp 00000000 08:06 1594600                    /lib/x86_64-linux-gnu/librt-2.19.so
7f583313e000-7f583333d000 ---p 00007000 08:06 1594600                    /lib/x86_64-linux-gnu/librt-2.19.so
7f583333d000-7f583333e000 r--p 00006000 08:06 1594600                    /lib/x86_64-linux-gnu/librt-2.19.so
7f583333e000-7f583333f000 rw-p 00007000 08:06 1594600                    /lib/x86_64-linux-gnu/librt-2.19.so
7f583333f000-7f5833444000 r-xp 00000000 08:06 1594609                    /lib/x86_64-linux-gnu/libm-2.19.so
7f5833444000-7f5833643000 ---p 00105000 08:06 1594609                    /lib/x86_64-linux-gnu/libm-2.19.so
7f5833643000-7f5833644000 r--p 00104000 08:06 1594609                    /lib/x86_64-linux-gnu/libm-2.19.so
7f5833644000-7f5833645000 rw-p 00105000 08:06 1594609                    /lib/x86_64-linux-gnu/libm-2.19.so
7f5833645000-7f58342b2000 r-xp 00000000 08:06 3023410                    /usr/lib/jvm/java-8-oracle/jre/lib/amd64/server/libjvm.so
7f58342b2000-7f58344b1000 ---p 00c6d000 08:06 3023410                    /usr/lib/jvm/java-8-oracle/jre/lib/amd64/server/libjvm.so
7f58344b1000-7f5834587000 rw-p 00c6c000 08:06 3023410                    /usr/lib/jvm/java-8-oracle/jre/lib/amd64/server/libjvm.so
7f5834587000-7f58345ca000 rw-p 00000000 00:00 0 
7f58345ca000-7f5834785000 r-xp 00000000 08:06 1594598                    /lib/x86_64-linux-gnu/libc-2.19.so
7f5834785000-7f5834985000 ---p 001bb000 08:06 1594598                    /lib/x86_64-linux-gnu/libc-2.19.so
7f5834985000-7f5834989000 r--p 001bb000 08:06 1594598                    /lib/x86_64-linux-gnu/libc-2.19.so
7f5834989000-7f583498b000 rw-p 001bf000 08:06 1594598                    /lib/x86_64-linux-gnu/libc-2.19.so
7f583498b000-7f5834990000 rw-p 00000000 00:00 0 
7f5834990000-7f5834993000 r-xp 00000000 08:06 1594605                    /lib/x86_64-linux-gnu/libdl-2.19.so
7f5834993000-7f5834b92000 ---p 00003000 08:06 1594605                    /lib/x86_64-linux-gnu/libdl-2.19.so
7f5834b92000-7f5834b93000 r--p 00002000 08:06 1594605                    /lib/x86_64-linux-gnu/libdl-2.19.so
7f5834b93000-7f5834b94000 rw-p 00003000 08:06 1594605                    /lib/x86_64-linux-gnu/libdl-2.19.so
7f5834b94000-7f5834ba9000 r-xp 00000000 08:06 1717354                    /usr/lib/jvm/java-8-oracle/lib/amd64/jli/libjli.so
7f5834ba9000-7f5834da8000 ---p 00015000 08:06 1717354                    /usr/lib/jvm/java-8-oracle/lib/amd64/jli/libjli.so
7f5834da8000-7f5834da9000 rw-p 00014000 08:06 1717354                    /usr/lib/jvm/java-8-oracle/lib/amd64/jli/libjli.so
7f5834da9000-7f5834dc2000 r-xp 00000000 08:06 1594618                    /lib/x86_64-linux-gnu/libpthread-2.19.so
7f5834dc2000-7f5834fc1000 ---p 00019000 08:06 1594618                    /lib/x86_64-linux-gnu/libpthread-2.19.so
7f5834fc1000-7f5834fc2000 r--p 00018000 08:06 1594618                    /lib/x86_64-linux-gnu/libpthread-2.19.so
7f5834fc2000-7f5834fc3000 rw-p 00019000 08:06 1594618                    /lib/x86_64-linux-gnu/libpthread-2.19.so
7f5834fc3000-7f5834fc7000 rw-p 00000000 00:00 0 
7f5834fc7000-7f5834fea000 r-xp 00000000 08:06 1594568                    /lib/x86_64-linux-gnu/ld-2.19.so
7f5834fea000-7f5834feb000 r--s 00000000 08:06 2757198                    /home/d1w/android-studio/gradle/gradle-2.2.1/lib/jcip-annotations-1.0.jar
7f5834feb000-7f5834fee000 r--s 00018000 08:06 2757251                    /home/d1w/android-studio/gradle/gradle-2.2.1/lib/commons-io-1.4.jar
7f5834fee000-7f5834ff0000 r--s 00006000 08:06 2757192                    /home/d1w/android-studio/gradle/gradle-2.2.1/lib/slf4j-api-1.7.7.jar
7f5834ff0000-7f5834ff1000 r--s 00004000 08:06 2757196                    /home/d1w/android-studio/gradle/gradle-2.2.1/lib/ant-launcher-1.9.3.jar
7f5834ff1000-7f58350ca000 rw-p 00000000 00:00 0 
7f58350ca000-7f58350cd000 ---p 00000000 00:00 0 
7f58350cd000-7f58351cf000 rw-p 00000000 00:00 0                          [stack:9352]
7f58351cf000-7f58351d5000 r--s 00026000 08:06 2757202                    /home/d1w/android-studio/gradle/gradle-2.2.1/lib/gradle-base-services-2.2.1.jar
7f58351d5000-7f58351dd000 r--s 0003c000 08:06 2757247                    /home/d1w/android-studio/gradle/gradle-2.2.1/lib/gradle-launcher-2.2.1.jar
7f58351dd000-7f58351e5000 rw-s 00000000 08:06 262164                     /tmp/hsperfdata_d1w/9348
7f58351e5000-7f58351e6000 rw-p 00000000 00:00 0 
7f58351e6000-7f58351e7000 ---p 00000000 00:00 0 
7f58351e7000-7f58351e9000 rw-p 00000000 00:00 0 
7f58351e9000-7f58351ea000 r--p 00022000 08:06 1594568                    /lib/x86_64-linux-gnu/ld-2.19.so
7f58351ea000-7f58351eb000 rw-p 00023000 08:06 1594568                    /lib/x86_64-linux-gnu/ld-2.19.so
7f58351eb000-7f58351ec000 rw-p 00000000 00:00 0 
7fff0dc92000-7fff0dcb3000 rw-p 00000000 00:00 0                          [stack]
7fff0dcc0000-7fff0dcc2000 r-xp 00000000 00:00 0                          [vdso]
ffffffffff600000-ffffffffff601000 r-xp 00000000 00:00 0                  [vsyscall]

VM Arguments:
jvm_args: -XX:MaxPermSize=256m -XX:+HeapDumpOnOutOfMemoryError -Xmx1024m -Dfile.encoding=UTF-8 -Duser.country=RU -Duser.language=ru -Duser.variant 
java_command: org.gradle.launcher.daemon.bootstrap.GradleDaemon 2.2.1 /home/d1w/.gradle/daemon 10800000 5a45b6de-b697-43bd-b736-ddc856743b54 -XX:MaxPermSize=256m -XX:+HeapDumpOnOutOfMemoryError -Xmx1024m -Dfile.encoding=UTF-8 -Duser.country=RU -Duser.language=ru -Duser.variant
java_class_path (initial): /home/d1w/android-studio/gradle/gradle-2.2.1/lib/gradle-launcher-2.2.1.jar
Launcher Type: SUN_STANDARD

Environment Variables:
CLASSPATH=./../lib/bootstrap.jar:./../lib/extensions.jar:./../lib/util.jar:./../lib/jdom.jar:./../lib/log4j.jar:./../lib/trove4j.jar:./../lib/jna.jar:/usr/lib/jvm/java-8-oracle/lib/tools.jar
PATH=/usr/local/sbin:/usr/local/bin:/usr/sbin:/usr/bin:/sbin:/bin:/usr/games:/usr/local/games
LD_LIBRARY_PATH=.:
SHELL=/bin/bash
DISPLAY=:0

Signal Handlers:
SIGSEGV: [libjvm.so+0xa79a80], sa_mask[0]=11111111011111111101111111111110, sa_flags=SA_RESTART|SA_SIGINFO
SIGBUS: [libjvm.so+0xa79a80], sa_mask[0]=11111111011111111101111111111110, sa_flags=SA_RESTART|SA_SIGINFO
SIGFPE: [libjvm.so+0x8e24e0], sa_mask[0]=11111111011111111101111111111110, sa_flags=SA_RESTART|SA_SIGINFO
SIGPIPE: [libjvm.so+0x8e24e0], sa_mask[0]=11111111011111111101111111111110, sa_flags=SA_RESTART|SA_SIGINFO
SIGXFSZ: [libjvm.so+0x8e24e0], sa_mask[0]=11111111011111111101111111111110, sa_flags=SA_RESTART|SA_SIGINFO
SIGILL: [libjvm.so+0x8e24e0], sa_mask[0]=11111111011111111101111111111110, sa_flags=SA_RESTART|SA_SIGINFO
SIGUSR1: SIG_DFL, sa_mask[0]=00000000000000000000000000000000, sa_flags=none
SIGUSR2: [libjvm.so+0x8e3d10], sa_mask[0]=00100000000000000000000000000000, sa_flags=SA_RESTART|SA_SIGINFO
SIGHUP: [libjvm.so+0x8e50d0], sa_mask[0]=11111111011111111101111111111110, sa_flags=SA_RESTART|SA_SIGINFO
SIGINT: [libjvm.so+0x8e50d0], sa_mask[0]=11111111011111111101111111111110, sa_flags=SA_RESTART|SA_SIGINFO
SIGTERM: [libjvm.so+0x8e50d0], sa_mask[0]=11111111011111111101111111111110, sa_flags=SA_RESTART|SA_SIGINFO
SIGQUIT: [libjvm.so+0x8e50d0], sa_mask[0]=11111111011111111101111111111110, sa_flags=SA_RESTART|SA_SIGINFO


---------------  S Y S T E M  ---------------

OS:DISTRIB_ID=Ubuntu
DISTRIB_RELEASE=14.04
DISTRIB_CODENAME=trusty
DISTRIB_DESCRIPTION="Ubuntu 14.04.1 LTS"

uname:Linux 3.13.0-32-generic #57-Ubuntu SMP Tue Jul 15 03:51:08 UTC 2014 x86_64
libc:glibc 2.19 NPTL 2.19 
rlimit: STACK 8192k, CORE 0k, NPROC 15771, NOFILE 4096, AS infinity
load average:0,80 0,85 0,69

/proc/meminfo:
MemTotal:        2040284 kB
MemFree:           72856 kB
Buffers:            2576 kB
Cached:           172504 kB
SwapCached:         9420 kB
Active:          1328780 kB
Inactive:         496604 kB
Active(anon):    1302844 kB
Inactive(anon):   477296 kB
Active(file):      25936 kB
Inactive(file):    19308 kB
Unevictable:           0 kB
Mlocked:               0 kB
SwapTotal:       2085884 kB
SwapFree:         899532 kB
Dirty:                64 kB
Writeback:             0 kB
AnonPages:       1641248 kB
Mapped:            26004 kB
Shmem:            129760 kB
Slab:              54076 kB
SReclaimable:      25668 kB
SUnreclaim:        28408 kB
KernelStack:        3960 kB
PageTables:        33008 kB
NFS_Unstable:          0 kB
Bounce:                0 kB
WritebackTmp:          0 kB
CommitLimit:     3106024 kB
Committed_AS:    5583244 kB
VmallocTotal:   34359738367 kB
VmallocUsed:      345008 kB
VmallocChunk:   34359387728 kB
HardwareCorrupted:     0 kB
AnonHugePages:    428032 kB
HugePages_Total:       0
HugePages_Free:        0
HugePages_Rsvd:        0
HugePages_Surp:        0
Hugepagesize:       2048 kB
DirectMap4k:       55812 kB
DirectMap2M:     2031616 kB


CPU:total 2 (2 cores per cpu, 1 threads per core) family 6 model 15 stepping 2, cmov, cx8, fxsr, mmx, sse, sse2, sse3, ssse3, tsc

/proc/cpuinfo:
processor	: 0
vendor_id	: GenuineIntel
cpu family	: 6
model		: 15
model name	: Intel(R) Core(TM)2 CPU         U7600  @ 1.20GHz
stepping	: 2
microcode	: 0x57
cpu MHz		: 1200.000
cache size	: 2048 KB
physical id	: 0
siblings	: 2
core id		: 0
cpu cores	: 2
apicid		: 0
initial apicid	: 0
fpu		: yes
fpu_exception	: yes
cpuid level	: 10
wp		: yes
flags		: fpu vme de pse tsc msr pae mce cx8 apic sep mtrr pge mca cmov pat pse36 clflush dts acpi mmx fxsr sse sse2 ss ht tm pbe syscall nx lm constant_tsc arch_perfmon pebs bts rep_good nopl aperfmperf pni dtes64 monitor ds_cpl vmx est tm2 ssse3 cx16 xtpr pdcm lahf_lm dtherm tpr_shadow
bogomips	: 2394.14
clflush size	: 64
cache_alignment	: 64
address sizes	: 36 bits physical, 48 bits virtual
power management:

processor	: 1
vendor_id	: GenuineIntel
cpu family	: 6
model		: 15
model name	: Intel(R) Core(TM)2 CPU         U7600  @ 1.20GHz
stepping	: 2
microcode	: 0x57
cpu MHz		: 1200.000
cache size	: 2048 KB
physical id	: 0
siblings	: 2
core id		: 1
cpu cores	: 2
apicid		: 1
initial apicid	: 1
fpu		: yes
fpu_exception	: yes
cpuid level	: 10
wp		: yes
flags		: fpu vme de pse tsc msr pae mce cx8 apic sep mtrr pge mca cmov pat pse36 clflush dts acpi mmx fxsr sse sse2 ss ht tm pbe syscall nx lm constant_tsc arch_perfmon pebs bts rep_good nopl aperfmperf pni dtes64 monitor ds_cpl vmx est tm2 ssse3 cx16 xtpr pdcm lahf_lm dtherm tpr_shadow
bogomips	: 2394.14
clflush size	: 64
cache_alignment	: 64
address sizes	: 36 bits physical, 48 bits virtual
power management:



Memory: 4k page, physical 2040284k(72856k free), swap 2085884k(899532k free)

vm_info: Java HotSpot(TM) 64-Bit Server VM (25.25-b02) for linux-amd64 JRE (1.8.0_25-b17), built on Sep 17 2014 17:32:11 by "java_re" with gcc 4.3.0 20080428 (Red Hat 4.3.0-8)

time: Sat Jan 17 03:37:44 2015
elapsed time: 10550 seconds (0d 2h 55m 50s)

